{"/Users/ryankrammes/Documents/GitHub/DIY_Recipes/js/action-registry.js": {"path":"/Users/ryankrammes/Documents/GitHub/DIY_Recipes/js/action-registry.js","statementMap":{"0":{"start":{"line":1,"column":23},"end":{"line":19,"column":1}},"1":{"start":{"line":5,"column":4},"end":{"line":7,"column":5}},"2":{"start":{"line":6,"column":6},"end":{"line":6,"column":32}},"3":{"start":{"line":11,"column":4},"end":{"line":17,"column":7}},"4":{"start":{"line":12,"column":6},"end":{"line":16,"column":7}},"5":{"start":{"line":13,"column":8},"end":{"line":13,"column":41}},"6":{"start":{"line":15,"column":8},"end":{"line":15,"column":21}}},"fnMap":{"0":{"name":"(anonymous_0)","decl":{"start":{"line":4,"column":2},"end":{"line":4,"column":3}},"loc":{"start":{"line":4,"column":19},"end":{"line":8,"column":3}},"line":4},"1":{"name":"(anonymous_1)","decl":{"start":{"line":10,"column":2},"end":{"line":10,"column":3}},"loc":{"start":{"line":10,"column":26},"end":{"line":18,"column":3}},"line":10},"2":{"name":"(anonymous_2)","decl":{"start":{"line":11,"column":31},"end":{"line":11,"column":32}},"loc":{"start":{"line":11,"column":41},"end":{"line":17,"column":5}},"line":11}},"branchMap":{"0":{"loc":{"start":{"line":5,"column":4},"end":{"line":7,"column":5}},"type":"if","locations":[{"start":{"line":5,"column":4},"end":{"line":7,"column":5}},{"start":{},"end":{}}],"line":5},"1":{"loc":{"start":{"line":5,"column":8},"end":{"line":5,"column":59}},"type":"binary-expr","locations":[{"start":{"line":5,"column":8},"end":{"line":5,"column":14}},{"start":{"line":5,"column":18},"end":{"line":5,"column":59}}],"line":5}},"s":{"0":1,"1":113,"2":112,"3":7,"4":111,"5":111,"6":2},"f":{"0":113,"1":7,"2":111},"b":{"0":[112,1],"1":[113,113]},"_coverageSchema":"1a1c01bbd47fc00a2c39e90264f33305004495a9","hash":"e95901846b21b8517980028bfbc8423b83036073"}
,"/Users/ryankrammes/Documents/GitHub/DIY_Recipes/js/action-renderer.js": {"path":"/Users/ryankrammes/Documents/GitHub/DIY_Recipes/js/action-renderer.js","statementMap":{"0":{"start":{"line":1,"column":23},"end":{"line":105,"column":1}},"1":{"start":{"line":4,"column":4},"end":{"line":4,"column":29}},"2":{"start":{"line":6,"column":4},"end":{"line":8,"column":5}},"3":{"start":{"line":7,"column":6},"end":{"line":7,"column":13}},"4":{"start":{"line":11,"column":20},"end":{"line":11,"column":58}},"5":{"start":{"line":14,"column":27},"end":{"line":14,"column":63}},"6":{"start":{"line":17,"column":4},"end":{"line":19,"column":5}},"7":{"start":{"line":18,"column":6},"end":{"line":18,"column":72}},"8":{"start":{"line":23,"column":20},"end":{"line":27,"column":5}},"9":{"start":{"line":28,"column":4},"end":{"line":35,"column":5}},"10":{"start":{"line":29,"column":6},"end":{"line":34,"column":7}},"11":{"start":{"line":30,"column":8},"end":{"line":30,"column":46}},"12":{"start":{"line":33,"column":8},"end":{"line":33,"column":39}},"13":{"start":{"line":36,"column":4},"end":{"line":36,"column":19}},"14":{"start":{"line":40,"column":4},"end":{"line":40,"column":37}},"15":{"start":{"line":40,"column":30},"end":{"line":40,"column":37}},"16":{"start":{"line":42,"column":27},"end":{"line":42,"column":56}},"17":{"start":{"line":43,"column":4},"end":{"line":43,"column":71}},"18":{"start":{"line":45,"column":4},"end":{"line":87,"column":5}},"19":{"start":{"line":46,"column":6},"end":{"line":86,"column":7}},"20":{"start":{"line":48,"column":27},"end":{"line":48,"column":56}},"21":{"start":{"line":49,"column":8},"end":{"line":49,"column":51}},"22":{"start":{"line":50,"column":8},"end":{"line":50,"column":58}},"23":{"start":{"line":53,"column":23},"end":{"line":53,"column":52}},"24":{"start":{"line":54,"column":8},"end":{"line":54,"column":43}},"25":{"start":{"line":55,"column":8},"end":{"line":58,"column":10}},"26":{"start":{"line":59,"column":8},"end":{"line":62,"column":10}},"27":{"start":{"line":60,"column":27},"end":{"line":60,"column":78}},"28":{"start":{"line":61,"column":10},"end":{"line":61,"column":80}},"29":{"start":{"line":65,"column":29},"end":{"line":65,"column":58}},"30":{"start":{"line":66,"column":8},"end":{"line":66,"column":47}},"31":{"start":{"line":69,"column":8},"end":{"line":75,"column":9}},"32":{"start":{"line":70,"column":28},"end":{"line":72,"column":54}},"33":{"start":{"line":73,"column":10},"end":{"line":73,"column":95}},"34":{"start":{"line":74,"column":10},"end":{"line":74,"column":46}},"35":{"start":{"line":77,"column":8},"end":{"line":77,"column":39}},"36":{"start":{"line":78,"column":8},"end":{"line":78,"column":45}},"37":{"start":{"line":79,"column":8},"end":{"line":79,"column":47}},"38":{"start":{"line":81,"column":23},"end":{"line":83,"column":49}},"39":{"start":{"line":84,"column":8},"end":{"line":84,"column":68}},"40":{"start":{"line":85,"column":8},"end":{"line":85,"column":43}},"41":{"start":{"line":89,"column":4},"end":{"line":89,"column":42}},"42":{"start":{"line":93,"column":19},"end":{"line":93,"column":51}},"43":{"start":{"line":94,"column":4},"end":{"line":94,"column":35}},"44":{"start":{"line":95,"column":4},"end":{"line":97,"column":5}},"45":{"start":{"line":96,"column":6},"end":{"line":96,"column":40}},"46":{"start":{"line":98,"column":4},"end":{"line":102,"column":6}},"47":{"start":{"line":99,"column":6},"end":{"line":101,"column":7}},"48":{"start":{"line":100,"column":8},"end":{"line":100,"column":29}},"49":{"start":{"line":103,"column":4},"end":{"line":103,"column":18}},"50":{"start":{"line":107,"column":0},"end":{"line":107,"column":39}}},"fnMap":{"0":{"name":"(anonymous_0)","decl":{"start":{"line":2,"column":2},"end":{"line":2,"column":3}},"loc":{"start":{"line":2,"column":26},"end":{"line":20,"column":3}},"line":2},"1":{"name":"(anonymous_1)","decl":{"start":{"line":22,"column":2},"end":{"line":22,"column":3}},"loc":{"start":{"line":22,"column":34},"end":{"line":37,"column":3}},"line":22},"2":{"name":"(anonymous_2)","decl":{"start":{"line":39,"column":2},"end":{"line":39,"column":3}},"loc":{"start":{"line":39,"column":56},"end":{"line":90,"column":3}},"line":39},"3":{"name":"(anonymous_3)","decl":{"start":{"line":59,"column":25},"end":{"line":59,"column":26}},"loc":{"start":{"line":59,"column":31},"end":{"line":62,"column":9}},"line":59},"4":{"name":"(anonymous_4)","decl":{"start":{"line":92,"column":2},"end":{"line":92,"column":3}},"loc":{"start":{"line":92,"column":35},"end":{"line":104,"column":3}},"line":92},"5":{"name":"(anonymous_5)","decl":{"start":{"line":98,"column":21},"end":{"line":98,"column":22}},"loc":{"start":{"line":98,"column":27},"end":{"line":102,"column":5}},"line":98}},"branchMap":{"0":{"loc":{"start":{"line":6,"column":4},"end":{"line":8,"column":5}},"type":"if","locations":[{"start":{"line":6,"column":4},"end":{"line":8,"column":5}},{"start":{},"end":{}}],"line":6},"1":{"loc":{"start":{"line":29,"column":6},"end":{"line":34,"column":7}},"type":"if","locations":[{"start":{"line":29,"column":6},"end":{"line":34,"column":7}},{"start":{"line":31,"column":13},"end":{"line":34,"column":7}}],"line":29},"2":{"loc":{"start":{"line":40,"column":4},"end":{"line":40,"column":37}},"type":"if","locations":[{"start":{"line":40,"column":4},"end":{"line":40,"column":37}},{"start":{},"end":{}}],"line":40},"3":{"loc":{"start":{"line":46,"column":6},"end":{"line":86,"column":7}},"type":"if","locations":[{"start":{"line":46,"column":6},"end":{"line":86,"column":7}},{"start":{"line":80,"column":13},"end":{"line":86,"column":7}}],"line":46},"4":{"loc":{"start":{"line":46,"column":10},"end":{"line":46,"column":95}},"type":"binary-expr","locations":[{"start":{"line":46,"column":10},"end":{"line":46,"column":27}},{"start":{"line":46,"column":31},"end":{"line":46,"column":63}},{"start":{"line":46,"column":67},"end":{"line":46,"column":95}}],"line":46},"5":{"loc":{"start":{"line":61,"column":51},"end":{"line":61,"column":78}},"type":"cond-expr","locations":[{"start":{"line":61,"column":62},"end":{"line":61,"column":69}},{"start":{"line":61,"column":72},"end":{"line":61,"column":78}}],"line":61},"6":{"loc":{"start":{"line":70,"column":28},"end":{"line":72,"column":54}},"type":"cond-expr","locations":[{"start":{"line":71,"column":14},"end":{"line":71,"column":67}},{"start":{"line":72,"column":14},"end":{"line":72,"column":54}}],"line":70},"7":{"loc":{"start":{"line":73,"column":61},"end":{"line":73,"column":91}},"type":"binary-expr","locations":[{"start":{"line":73,"column":61},"end":{"line":73,"column":79}},{"start":{"line":73,"column":83},"end":{"line":73,"column":91}}],"line":73},"8":{"loc":{"start":{"line":81,"column":23},"end":{"line":83,"column":49}},"type":"cond-expr","locations":[{"start":{"line":82,"column":12},"end":{"line":82,"column":62}},{"start":{"line":83,"column":12},"end":{"line":83,"column":49}}],"line":81},"9":{"loc":{"start":{"line":95,"column":4},"end":{"line":97,"column":5}},"type":"if","locations":[{"start":{"line":95,"column":4},"end":{"line":97,"column":5}},{"start":{},"end":{}}],"line":95},"10":{"loc":{"start":{"line":99,"column":6},"end":{"line":101,"column":7}},"type":"if","locations":[{"start":{"line":99,"column":6},"end":{"line":101,"column":7}},{"start":{},"end":{}}],"line":99}},"s":{"0":1,"1":7,"2":7,"3":1,"4":6,"5":6,"6":6,"7":18,"8":6,"9":6,"10":107,"11":107,"12":0,"13":6,"14":18,"15":11,"16":7,"17":7,"18":7,"19":107,"20":2,"21":2,"22":2,"23":2,"24":2,"25":2,"26":2,"27":1,"28":1,"29":2,"30":2,"31":2,"32":3,"33":3,"34":3,"35":2,"36":2,"37":2,"38":105,"39":105,"40":105,"41":7,"42":108,"43":108,"44":108,"45":0,"46":108,"47":2,"48":2,"49":108,"50":1},"f":{"0":7,"1":6,"2":18,"3":1,"4":108,"5":2},"b":{"0":[1,6],"1":[107,0],"2":[11,7],"3":[2,105],"4":[107,2,2],"5":[0,1],"6":[0,3],"7":[3,1],"8":[0,105],"9":[0,108],"10":[2,0]},"_coverageSchema":"1a1c01bbd47fc00a2c39e90264f33305004495a9","hash":"06a36e929ecb9495949fcd99d19d1b5cff1f5f37"}
,"/Users/ryankrammes/Documents/GitHub/DIY_Recipes/js/api.js": {"path":"/Users/ryankrammes/Documents/GitHub/DIY_Recipes/js/api.js","statementMap":{"0":{"start":{"line":13,"column":2},"end":{"line":32,"column":3}},"1":{"start":{"line":14,"column":37},"end":{"line":16,"column":18}},"2":{"start":{"line":17,"column":4},"end":{"line":20,"column":5}},"3":{"start":{"line":18,"column":6},"end":{"line":18,"column":62}},"4":{"start":{"line":19,"column":6},"end":{"line":19,"column":66}},"5":{"start":{"line":21,"column":4},"end":{"line":21,"column":45}},"6":{"start":{"line":22,"column":4},"end":{"line":22,"column":60}},"7":{"start":{"line":23,"column":4},"end":{"line":23,"column":88}},"8":{"start":{"line":25,"column":26},"end":{"line":25,"column":100}},"9":{"start":{"line":25,"column":73},"end":{"line":25,"column":88}},"10":{"start":{"line":26,"column":4},"end":{"line":26,"column":68}},"11":{"start":{"line":27,"column":4},"end":{"line":27,"column":25}},"12":{"start":{"line":29,"column":4},"end":{"line":29,"column":61}},"13":{"start":{"line":31,"column":4},"end":{"line":31,"column":64}},"14":{"start":{"line":40,"column":2},"end":{"line":56,"column":3}},"15":{"start":{"line":41,"column":28},"end":{"line":45,"column":18}},"16":{"start":{"line":46,"column":4},"end":{"line":49,"column":5}},"17":{"start":{"line":47,"column":6},"end":{"line":47,"column":66}},"18":{"start":{"line":48,"column":6},"end":{"line":48,"column":70}},"19":{"start":{"line":50,"column":4},"end":{"line":50,"column":46}},"20":{"start":{"line":51,"column":4},"end":{"line":51,"column":156}},"21":{"start":{"line":51,"column":122},"end":{"line":51,"column":152}},"22":{"start":{"line":52,"column":4},"end":{"line":52,"column":22}},"23":{"start":{"line":54,"column":4},"end":{"line":54,"column":68}},"24":{"start":{"line":55,"column":4},"end":{"line":55,"column":68}},"25":{"start":{"line":66,"column":2},"end":{"line":90,"column":3}},"26":{"start":{"line":67,"column":4},"end":{"line":67,"column":71}},"27":{"start":{"line":69,"column":23},"end":{"line":74,"column":5}},"28":{"start":{"line":75,"column":28},"end":{"line":78,"column":15}},"29":{"start":{"line":80,"column":4},"end":{"line":83,"column":5}},"30":{"start":{"line":81,"column":6},"end":{"line":81,"column":66}},"31":{"start":{"line":82,"column":6},"end":{"line":82,"column":67}},"32":{"start":{"line":85,"column":4},"end":{"line":85,"column":52}},"33":{"start":{"line":87,"column":4},"end":{"line":87,"column":65}},"34":{"start":{"line":89,"column":4},"end":{"line":89,"column":69}},"35":{"start":{"line":101,"column":2},"end":{"line":114,"column":3}},"36":{"start":{"line":102,"column":28},"end":{"line":105,"column":15}},"37":{"start":{"line":106,"column":4},"end":{"line":109,"column":5}},"38":{"start":{"line":107,"column":6},"end":{"line":107,"column":71}},"39":{"start":{"line":108,"column":6},"end":{"line":108,"column":75}},"40":{"start":{"line":110,"column":4},"end":{"line":110,"column":52}},"41":{"start":{"line":112,"column":4},"end":{"line":112,"column":69}},"42":{"start":{"line":113,"column":4},"end":{"line":113,"column":73}},"43":{"start":{"line":125,"column":2},"end":{"line":138,"column":3}},"44":{"start":{"line":126,"column":22},"end":{"line":129,"column":29}},"45":{"start":{"line":130,"column":4},"end":{"line":133,"column":5}},"46":{"start":{"line":131,"column":6},"end":{"line":131,"column":73}},"47":{"start":{"line":132,"column":6},"end":{"line":132,"column":78}},"48":{"start":{"line":134,"column":4},"end":{"line":134,"column":16}},"49":{"start":{"line":136,"column":4},"end":{"line":136,"column":72}},"50":{"start":{"line":137,"column":4},"end":{"line":137,"column":76}},"51":{"start":{"line":148,"column":2},"end":{"line":148,"column":61}},"52":{"start":{"line":149,"column":2},"end":{"line":149,"column":73}},"53":{"start":{"line":151,"column":2},"end":{"line":154,"column":3}},"54":{"start":{"line":152,"column":4},"end":{"line":152,"column":73}},"55":{"start":{"line":153,"column":4},"end":{"line":153,"column":17}},"56":{"start":{"line":156,"column":2},"end":{"line":159,"column":3}},"57":{"start":{"line":157,"column":4},"end":{"line":157,"column":89}},"58":{"start":{"line":158,"column":4},"end":{"line":158,"column":17}},"59":{"start":{"line":161,"column":2},"end":{"line":223,"column":3}},"60":{"start":{"line":163,"column":4},"end":{"line":163,"column":80}},"61":{"start":{"line":164,"column":35},"end":{"line":167,"column":32}},"62":{"start":{"line":169,"column":4},"end":{"line":172,"column":5}},"63":{"start":{"line":170,"column":6},"end":{"line":170,"column":77}},"64":{"start":{"line":171,"column":6},"end":{"line":171,"column":82}},"65":{"start":{"line":173,"column":4},"end":{"line":173,"column":79}},"66":{"start":{"line":176,"column":4},"end":{"line":216,"column":5}},"67":{"start":{"line":177,"column":6},"end":{"line":177,"column":106}},"68":{"start":{"line":180,"column":31},"end":{"line":186,"column":8}},"69":{"start":{"line":181,"column":8},"end":{"line":184,"column":9}},"70":{"start":{"line":182,"column":10},"end":{"line":182,"column":70}},"71":{"start":{"line":183,"column":10},"end":{"line":183,"column":23}},"72":{"start":{"line":185,"column":8},"end":{"line":185,"column":20}},"73":{"start":{"line":188,"column":6},"end":{"line":188,"column":109}},"74":{"start":{"line":190,"column":34},"end":{"line":200,"column":8}},"75":{"start":{"line":191,"column":33},"end":{"line":197,"column":9}},"76":{"start":{"line":198,"column":8},"end":{"line":198,"column":74}},"77":{"start":{"line":199,"column":8},"end":{"line":199,"column":32}},"78":{"start":{"line":202,"column":6},"end":{"line":202,"column":117}},"79":{"start":{"line":203,"column":55},"end":{"line":206,"column":17}},"80":{"start":{"line":208,"column":6},"end":{"line":211,"column":7}},"81":{"start":{"line":209,"column":8},"end":{"line":209,"column":80}},"82":{"start":{"line":210,"column":8},"end":{"line":210,"column":84}},"83":{"start":{"line":212,"column":6},"end":{"line":212,"column":112}},"84":{"start":{"line":213,"column":6},"end":{"line":213,"column":55}},"85":{"start":{"line":215,"column":6},"end":{"line":215,"column":74}},"86":{"start":{"line":218,"column":4},"end":{"line":218,"column":16}},"87":{"start":{"line":220,"column":4},"end":{"line":220,"column":89}},"88":{"start":{"line":222,"column":4},"end":{"line":222,"column":93}},"89":{"start":{"line":233,"column":15},"end":{"line":233,"column":24}},"90":{"start":{"line":234,"column":2},"end":{"line":234,"column":33}},"91":{"start":{"line":234,"column":23},"end":{"line":234,"column":33}},"92":{"start":{"line":235,"column":17},"end":{"line":235,"column":49}},"93":{"start":{"line":235,"column":38},"end":{"line":235,"column":48}},"94":{"start":{"line":236,"column":20},"end":{"line":236,"column":42}},"95":{"start":{"line":237,"column":27},"end":{"line":237,"column":56}},"96":{"start":{"line":238,"column":2},"end":{"line":240,"column":3}},"97":{"start":{"line":239,"column":4},"end":{"line":239,"column":99}},"98":{"start":{"line":241,"column":22},"end":{"line":241,"column":24}},"99":{"start":{"line":242,"column":2},"end":{"line":250,"column":3}},"100":{"start":{"line":242,"column":15},"end":{"line":242,"column":16}},"101":{"start":{"line":243,"column":16},"end":{"line":243,"column":23}},"102":{"start":{"line":244,"column":4},"end":{"line":244,"column":35}},"103":{"start":{"line":244,"column":26},"end":{"line":244,"column":35}},"104":{"start":{"line":245,"column":19},"end":{"line":248,"column":5}},"105":{"start":{"line":249,"column":4},"end":{"line":249,"column":29}},"106":{"start":{"line":251,"column":2},"end":{"line":251,"column":21}},"107":{"start":{"line":260,"column":28},"end":{"line":260,"column":51}},"108":{"start":{"line":261,"column":2},"end":{"line":290,"column":5}},"109":{"start":{"line":262,"column":4},"end":{"line":289,"column":7}},"110":{"start":{"line":264,"column":8},"end":{"line":286,"column":9}},"111":{"start":{"line":265,"column":26},"end":{"line":265,"column":47}},"112":{"start":{"line":266,"column":10},"end":{"line":282,"column":11}},"113":{"start":{"line":267,"column":36},"end":{"line":275,"column":23}},"114":{"start":{"line":276,"column":12},"end":{"line":281,"column":13}},"115":{"start":{"line":277,"column":14},"end":{"line":277,"column":79}},"116":{"start":{"line":279,"column":14},"end":{"line":279,"column":94}},"117":{"start":{"line":280,"column":14},"end":{"line":280,"column":21}},"118":{"start":{"line":283,"column":10},"end":{"line":283,"column":24}},"119":{"start":{"line":285,"column":10},"end":{"line":285,"column":24}},"120":{"start":{"line":306,"column":2},"end":{"line":313,"column":4}},"121":{"start":{"line":319,"column":2},"end":{"line":319,"column":23}},"122":{"start":{"line":328,"column":2},"end":{"line":332,"column":4}},"123":{"start":{"line":337,"column":2},"end":{"line":337,"column":45}},"124":{"start":{"line":338,"column":2},"end":{"line":338,"column":24}},"125":{"start":{"line":347,"column":2},"end":{"line":347,"column":51}},"126":{"start":{"line":349,"column":2},"end":{"line":349,"column":14}},"127":{"start":{"line":354,"column":2},"end":{"line":354,"column":62}},"128":{"start":{"line":356,"column":2},"end":{"line":356,"column":12}},"129":{"start":{"line":361,"column":2},"end":{"line":361,"column":80}},"130":{"start":{"line":363,"column":2},"end":{"line":363,"column":14}},"131":{"start":{"line":368,"column":2},"end":{"line":368,"column":65}},"132":{"start":{"line":370,"column":2},"end":{"line":370,"column":12}},"133":{"start":{"line":375,"column":2},"end":{"line":375,"column":72}},"134":{"start":{"line":377,"column":2},"end":{"line":377,"column":33}},"135":{"start":{"line":386,"column":21},"end":{"line":386,"column":69}},"136":{"start":{"line":387,"column":13},"end":{"line":387,"column":43}},"137":{"start":{"line":388,"column":2},"end":{"line":388,"column":28}},"138":{"start":{"line":393,"column":2},"end":{"line":397,"column":12}},"139":{"start":{"line":393,"column":43},"end":{"line":397,"column":3}},"140":{"start":{"line":402,"column":2},"end":{"line":402,"column":30}},"141":{"start":{"line":407,"column":2},"end":{"line":407,"column":48}}},"fnMap":{"0":{"name":"loadRecipes","decl":{"start":{"line":12,"column":22},"end":{"line":12,"column":33}},"loc":{"start":{"line":12,"column":36},"end":{"line":33,"column":1}},"line":12},"1":{"name":"(anonymous_1)","decl":{"start":{"line":25,"column":65},"end":{"line":25,"column":66}},"loc":{"start":{"line":25,"column":73},"end":{"line":25,"column":88}},"line":25},"2":{"name":"loadAllIngredients","decl":{"start":{"line":39,"column":22},"end":{"line":39,"column":40}},"loc":{"start":{"line":39,"column":43},"end":{"line":57,"column":1}},"line":39},"3":{"name":"(anonymous_3)","decl":{"start":{"line":51,"column":114},"end":{"line":51,"column":115}},"loc":{"start":{"line":51,"column":122},"end":{"line":51,"column":152}},"line":51},"4":{"name":"createNewRecipe","decl":{"start":{"line":65,"column":22},"end":{"line":65,"column":37}},"loc":{"start":{"line":65,"column":50},"end":{"line":91,"column":1}},"line":65},"5":{"name":"addGlobalIngredient","decl":{"start":{"line":100,"column":22},"end":{"line":100,"column":41}},"loc":{"start":{"line":100,"column":81},"end":{"line":115,"column":1}},"line":100},"6":{"name":"removeGlobalIngredient","decl":{"start":{"line":124,"column":22},"end":{"line":124,"column":44}},"loc":{"start":{"line":124,"column":59},"end":{"line":139,"column":1}},"line":124},"7":{"name":"updateRecipeIngredients","decl":{"start":{"line":147,"column":22},"end":{"line":147,"column":45}},"loc":{"start":{"line":147,"column":69},"end":{"line":224,"column":1}},"line":147},"8":{"name":"(anonymous_8)","decl":{"start":{"line":180,"column":50},"end":{"line":180,"column":51}},"loc":{"start":{"line":180,"column":57},"end":{"line":186,"column":7}},"line":180},"9":{"name":"(anonymous_9)","decl":{"start":{"line":190,"column":55},"end":{"line":190,"column":56}},"loc":{"start":{"line":190,"column":62},"end":{"line":200,"column":7}},"line":190},"10":{"name":"parseCSVData","decl":{"start":{"line":232,"column":16},"end":{"line":232,"column":28}},"loc":{"start":{"line":232,"column":35},"end":{"line":252,"column":1}},"line":232},"11":{"name":"(anonymous_11)","decl":{"start":{"line":235,"column":29},"end":{"line":235,"column":30}},"loc":{"start":{"line":235,"column":38},"end":{"line":235,"column":48}},"line":235},"12":{"name":"importCSVFile","decl":{"start":{"line":259,"column":22},"end":{"line":259,"column":35}},"loc":{"start":{"line":259,"column":42},"end":{"line":291,"column":1}},"line":259},"13":{"name":"(anonymous_13)","decl":{"start":{"line":261,"column":21},"end":{"line":261,"column":22}},"loc":{"start":{"line":261,"column":42},"end":{"line":290,"column":3}},"line":261},"14":{"name":"(anonymous_14)","decl":{"start":{"line":263,"column":16},"end":{"line":263,"column":17}},"loc":{"start":{"line":263,"column":41},"end":{"line":287,"column":7}},"line":263},"15":{"name":"createBatchRecord","decl":{"start":{"line":298,"column":16},"end":{"line":298,"column":33}},"loc":{"start":{"line":305,"column":3},"end":{"line":314,"column":1}},"line":305},"16":{"name":"createSubstitutionMap","decl":{"start":{"line":317,"column":16},"end":{"line":317,"column":37}},"loc":{"start":{"line":317,"column":58},"end":{"line":320,"column":1}},"line":317},"17":{"name":"createCostStructure","decl":{"start":{"line":323,"column":16},"end":{"line":323,"column":35}},"loc":{"start":{"line":327,"column":3},"end":{"line":333,"column":1}},"line":327},"18":{"name":"incrementRecipeVersion","decl":{"start":{"line":336,"column":16},"end":{"line":336,"column":38}},"loc":{"start":{"line":336,"column":47},"end":{"line":339,"column":1}},"line":336},"19":{"name":"saveBatchRecord","decl":{"start":{"line":346,"column":22},"end":{"line":346,"column":37}},"loc":{"start":{"line":346,"column":51},"end":{"line":350,"column":1}},"line":346},"20":{"name":"fetchBatchRecords","decl":{"start":{"line":353,"column":22},"end":{"line":353,"column":39}},"loc":{"start":{"line":353,"column":50},"end":{"line":357,"column":1}},"line":353},"21":{"name":"saveSubstitutionMap","decl":{"start":{"line":360,"column":22},"end":{"line":360,"column":41}},"loc":{"start":{"line":360,"column":69},"end":{"line":364,"column":1}},"line":360},"22":{"name":"fetchSubstitutionMap","decl":{"start":{"line":367,"column":22},"end":{"line":367,"column":42}},"loc":{"start":{"line":367,"column":53},"end":{"line":371,"column":1}},"line":367},"23":{"name":"calculateRecipeCost","decl":{"start":{"line":374,"column":16},"end":{"line":374,"column":35}},"loc":{"start":{"line":374,"column":62},"end":{"line":378,"column":1}},"line":374},"24":{"name":"analyzeIngredients","decl":{"start":{"line":385,"column":16},"end":{"line":385,"column":34}},"loc":{"start":{"line":385,"column":43},"end":{"line":389,"column":1}},"line":385},"25":{"name":"getRecipeTimeline","decl":{"start":{"line":392,"column":16},"end":{"line":392,"column":33}},"loc":{"start":{"line":392,"column":42},"end":{"line":398,"column":1}},"line":392},"26":{"name":"(anonymous_26)","decl":{"start":{"line":393,"column":27},"end":{"line":393,"column":28}},"loc":{"start":{"line":393,"column":43},"end":{"line":397,"column":3}},"line":393},"27":{"name":"getBatchHistory","decl":{"start":{"line":401,"column":16},"end":{"line":401,"column":31}},"loc":{"start":{"line":401,"column":40},"end":{"line":403,"column":1}},"line":401},"28":{"name":"estimateShelfLife","decl":{"start":{"line":406,"column":16},"end":{"line":406,"column":33}},"loc":{"start":{"line":406,"column":42},"end":{"line":408,"column":1}},"line":406}},"branchMap":{"0":{"loc":{"start":{"line":17,"column":4},"end":{"line":20,"column":5}},"type":"if","locations":[{"start":{"line":17,"column":4},"end":{"line":20,"column":5}},{"start":{},"end":{}}],"line":17},"1":{"loc":{"start":{"line":25,"column":46},"end":{"line":25,"column":59}},"type":"binary-expr","locations":[{"start":{"line":25,"column":46},"end":{"line":25,"column":53}},{"start":{"line":25,"column":57},"end":{"line":25,"column":59}}],"line":25},"2":{"loc":{"start":{"line":46,"column":4},"end":{"line":49,"column":5}},"type":"if","locations":[{"start":{"line":46,"column":4},"end":{"line":49,"column":5}},{"start":{},"end":{}}],"line":46},"3":{"loc":{"start":{"line":51,"column":47},"end":{"line":51,"column":64}},"type":"binary-expr","locations":[{"start":{"line":51,"column":47},"end":{"line":51,"column":59}},{"start":{"line":51,"column":63},"end":{"line":51,"column":64}}],"line":51},"4":{"loc":{"start":{"line":52,"column":11},"end":{"line":52,"column":21}},"type":"binary-expr","locations":[{"start":{"line":52,"column":11},"end":{"line":52,"column":15}},{"start":{"line":52,"column":19},"end":{"line":52,"column":21}}],"line":52},"5":{"loc":{"start":{"line":80,"column":4},"end":{"line":83,"column":5}},"type":"if","locations":[{"start":{"line":80,"column":4},"end":{"line":83,"column":5}},{"start":{},"end":{}}],"line":80},"6":{"loc":{"start":{"line":85,"column":11},"end":{"line":85,"column":51}},"type":"cond-expr","locations":[{"start":{"line":85,"column":37},"end":{"line":85,"column":44}},{"start":{"line":85,"column":47},"end":{"line":85,"column":51}}],"line":85},"7":{"loc":{"start":{"line":85,"column":11},"end":{"line":85,"column":34}},"type":"binary-expr","locations":[{"start":{"line":85,"column":11},"end":{"line":85,"column":15}},{"start":{"line":85,"column":19},"end":{"line":85,"column":34}}],"line":85},"8":{"loc":{"start":{"line":100,"column":61},"end":{"line":100,"column":79}},"type":"default-arg","locations":[{"start":{"line":100,"column":75},"end":{"line":100,"column":79}}],"line":100},"9":{"loc":{"start":{"line":106,"column":4},"end":{"line":109,"column":5}},"type":"if","locations":[{"start":{"line":106,"column":4},"end":{"line":109,"column":5}},{"start":{},"end":{}}],"line":106},"10":{"loc":{"start":{"line":110,"column":11},"end":{"line":110,"column":51}},"type":"cond-expr","locations":[{"start":{"line":110,"column":37},"end":{"line":110,"column":44}},{"start":{"line":110,"column":47},"end":{"line":110,"column":51}}],"line":110},"11":{"loc":{"start":{"line":110,"column":11},"end":{"line":110,"column":34}},"type":"binary-expr","locations":[{"start":{"line":110,"column":11},"end":{"line":110,"column":15}},{"start":{"line":110,"column":19},"end":{"line":110,"column":34}}],"line":110},"12":{"loc":{"start":{"line":130,"column":4},"end":{"line":133,"column":5}},"type":"if","locations":[{"start":{"line":130,"column":4},"end":{"line":133,"column":5}},{"start":{},"end":{}}],"line":130},"13":{"loc":{"start":{"line":151,"column":2},"end":{"line":154,"column":3}},"type":"if","locations":[{"start":{"line":151,"column":2},"end":{"line":154,"column":3}},{"start":{},"end":{}}],"line":151},"14":{"loc":{"start":{"line":156,"column":2},"end":{"line":159,"column":3}},"type":"if","locations":[{"start":{"line":156,"column":2},"end":{"line":159,"column":3}},{"start":{},"end":{}}],"line":156},"15":{"loc":{"start":{"line":156,"column":6},"end":{"line":156,"column":49}},"type":"binary-expr","locations":[{"start":{"line":156,"column":6},"end":{"line":156,"column":18}},{"start":{"line":156,"column":22},"end":{"line":156,"column":49}}],"line":156},"16":{"loc":{"start":{"line":169,"column":4},"end":{"line":172,"column":5}},"type":"if","locations":[{"start":{"line":169,"column":4},"end":{"line":172,"column":5}},{"start":{},"end":{}}],"line":169},"17":{"loc":{"start":{"line":176,"column":4},"end":{"line":216,"column":5}},"type":"if","locations":[{"start":{"line":176,"column":4},"end":{"line":216,"column":5}},{"start":{"line":214,"column":11},"end":{"line":216,"column":5}}],"line":176},"18":{"loc":{"start":{"line":176,"column":8},"end":{"line":176,"column":45}},"type":"binary-expr","locations":[{"start":{"line":176,"column":8},"end":{"line":176,"column":19}},{"start":{"line":176,"column":23},"end":{"line":176,"column":45}}],"line":176},"19":{"loc":{"start":{"line":181,"column":8},"end":{"line":184,"column":9}},"type":"if","locations":[{"start":{"line":181,"column":8},"end":{"line":184,"column":9}},{"start":{},"end":{}}],"line":181},"20":{"loc":{"start":{"line":208,"column":6},"end":{"line":211,"column":7}},"type":"if","locations":[{"start":{"line":208,"column":6},"end":{"line":211,"column":7}},{"start":{},"end":{}}],"line":208},"21":{"loc":{"start":{"line":234,"column":2},"end":{"line":234,"column":33}},"type":"if","locations":[{"start":{"line":234,"column":2},"end":{"line":234,"column":33}},{"start":{},"end":{}}],"line":234},"22":{"loc":{"start":{"line":238,"column":2},"end":{"line":240,"column":3}},"type":"if","locations":[{"start":{"line":238,"column":2},"end":{"line":240,"column":3}},{"start":{},"end":{}}],"line":238},"23":{"loc":{"start":{"line":238,"column":6},"end":{"line":238,"column":49}},"type":"binary-expr","locations":[{"start":{"line":238,"column":6},"end":{"line":238,"column":22}},{"start":{"line":238,"column":26},"end":{"line":238,"column":49}}],"line":238},"24":{"loc":{"start":{"line":244,"column":4},"end":{"line":244,"column":35}},"type":"if","locations":[{"start":{"line":244,"column":4},"end":{"line":244,"column":35}},{"start":{},"end":{}}],"line":244},"25":{"loc":{"start":{"line":247,"column":30},"end":{"line":247,"column":59}},"type":"binary-expr","locations":[{"start":{"line":247,"column":30},"end":{"line":247,"column":51}},{"start":{"line":247,"column":55},"end":{"line":247,"column":59}}],"line":247},"26":{"loc":{"start":{"line":276,"column":12},"end":{"line":281,"column":13}},"type":"if","locations":[{"start":{"line":276,"column":12},"end":{"line":281,"column":13}},{"start":{},"end":{}}],"line":276},"27":{"loc":{"start":{"line":301,"column":2},"end":{"line":301,"column":38}},"type":"default-arg","locations":[{"start":{"line":301,"column":14},"end":{"line":301,"column":38}}],"line":301},"28":{"loc":{"start":{"line":303,"column":2},"end":{"line":303,"column":12}},"type":"default-arg","locations":[{"start":{"line":303,"column":10},"end":{"line":303,"column":12}}],"line":303},"29":{"loc":{"start":{"line":304,"column":2},"end":{"line":304,"column":14}},"type":"default-arg","locations":[{"start":{"line":304,"column":12},"end":{"line":304,"column":14}}],"line":304},"30":{"loc":{"start":{"line":317,"column":38},"end":{"line":317,"column":56}},"type":"default-arg","locations":[{"start":{"line":317,"column":54},"end":{"line":317,"column":56}}],"line":317},"31":{"loc":{"start":{"line":324,"column":2},"end":{"line":324,"column":22}},"type":"default-arg","locations":[{"start":{"line":324,"column":20},"end":{"line":324,"column":22}}],"line":324},"32":{"loc":{"start":{"line":325,"column":2},"end":{"line":325,"column":15}},"type":"default-arg","locations":[{"start":{"line":325,"column":14},"end":{"line":325,"column":15}}],"line":325},"33":{"loc":{"start":{"line":326,"column":2},"end":{"line":326,"column":16}},"type":"default-arg","locations":[{"start":{"line":326,"column":14},"end":{"line":326,"column":16}}],"line":326},"34":{"loc":{"start":{"line":337,"column":20},"end":{"line":337,"column":39}},"type":"binary-expr","locations":[{"start":{"line":337,"column":20},"end":{"line":337,"column":34}},{"start":{"line":337,"column":38},"end":{"line":337,"column":39}}],"line":337},"35":{"loc":{"start":{"line":393,"column":9},"end":{"line":397,"column":11}},"type":"binary-expr","locations":[{"start":{"line":393,"column":9},"end":{"line":397,"column":5}},{"start":{"line":397,"column":9},"end":{"line":397,"column":11}}],"line":393},"36":{"loc":{"start":{"line":396,"column":14},"end":{"line":396,"column":35}},"type":"binary-expr","locations":[{"start":{"line":396,"column":14},"end":{"line":396,"column":27}},{"start":{"line":396,"column":31},"end":{"line":396,"column":35}}],"line":396},"37":{"loc":{"start":{"line":402,"column":9},"end":{"line":402,"column":29}},"type":"binary-expr","locations":[{"start":{"line":402,"column":9},"end":{"line":402,"column":23}},{"start":{"line":402,"column":27},"end":{"line":402,"column":29}}],"line":402}},"s":{"0":2,"1":2,"2":2,"3":1,"4":1,"5":1,"6":1,"7":1,"8":1,"9":1,"10":1,"11":1,"12":1,"13":1,"14":2,"15":2,"16":2,"17":1,"18":1,"19":1,"20":1,"21":1,"22":1,"23":1,"24":1,"25":2,"26":2,"27":2,"28":2,"29":2,"30":1,"31":1,"32":1,"33":1,"34":1,"35":2,"36":2,"37":2,"38":1,"39":1,"40":1,"41":1,"42":1,"43":2,"44":2,"45":2,"46":1,"47":1,"48":1,"49":1,"50":1,"51":0,"52":0,"53":0,"54":0,"55":0,"56":0,"57":0,"58":0,"59":0,"60":0,"61":0,"62":0,"63":0,"64":0,"65":0,"66":0,"67":0,"68":0,"69":0,"70":0,"71":0,"72":0,"73":0,"74":0,"75":0,"76":0,"77":0,"78":0,"79":0,"80":0,"81":0,"82":0,"83":0,"84":0,"85":0,"86":0,"87":0,"88":0,"89":0,"90":0,"91":0,"92":0,"93":0,"94":0,"95":0,"96":0,"97":0,"98":0,"99":0,"100":0,"101":0,"102":0,"103":0,"104":0,"105":0,"106":0,"107":0,"108":0,"109":0,"110":0,"111":0,"112":0,"113":0,"114":0,"115":0,"116":0,"117":0,"118":0,"119":0,"120":0,"121":0,"122":0,"123":0,"124":0,"125":0,"126":0,"127":0,"128":0,"129":0,"130":0,"131":0,"132":0,"133":0,"134":0,"135":0,"136":0,"137":0,"138":0,"139":0,"140":0,"141":0},"f":{"0":2,"1":1,"2":2,"3":1,"4":2,"5":2,"6":2,"7":0,"8":0,"9":0,"10":0,"11":0,"12":0,"13":0,"14":0,"15":0,"16":0,"17":0,"18":0,"19":0,"20":0,"21":0,"22":0,"23":0,"24":0,"25":0,"26":0,"27":0,"28":0},"b":{"0":[1,1],"1":[1,0],"2":[1,1],"3":[1,0],"4":[1,0],"5":[1,1],"6":[1,0],"7":[1,1],"8":[2],"9":[1,1],"10":[1,0],"11":[1,1],"12":[1,1],"13":[0,0],"14":[0,0],"15":[0,0],"16":[0,0],"17":[0,0],"18":[0,0],"19":[0,0],"20":[0,0],"21":[0,0],"22":[0,0],"23":[0,0],"24":[0,0],"25":[0,0],"26":[0,0],"27":[0],"28":[0],"29":[0],"30":[0],"31":[0],"32":[0],"33":[0],"34":[0,0],"35":[0,0],"36":[0,0],"37":[0,0]},"_coverageSchema":"1a1c01bbd47fc00a2c39e90264f33305004495a9","hash":"ef7319b562cccb10c27c3df44b2d8c2b318233c9"}
,"/Users/ryankrammes/Documents/GitHub/DIY_Recipes/js/auth.js": {"path":"/Users/ryankrammes/Documents/GitHub/DIY_Recipes/js/auth.js","statementMap":{"0":{"start":{"line":10,"column":26},"end":{"line":10,"column":76}},"1":{"start":{"line":11,"column":2},"end":{"line":14,"column":3}},"2":{"start":{"line":12,"column":4},"end":{"line":12,"column":54}},"3":{"start":{"line":13,"column":4},"end":{"line":13,"column":16}},"4":{"start":{"line":15,"column":2},"end":{"line":15,"column":53}},"5":{"start":{"line":16,"column":2},"end":{"line":16,"column":14}},"6":{"start":{"line":24,"column":20},"end":{"line":24,"column":55}},"7":{"start":{"line":25,"column":2},"end":{"line":28,"column":3}},"8":{"start":{"line":26,"column":4},"end":{"line":26,"column":47}},"9":{"start":{"line":27,"column":4},"end":{"line":27,"column":16}},"10":{"start":{"line":29,"column":2},"end":{"line":29,"column":47}}},"fnMap":{"0":{"name":"sendMagicLink","decl":{"start":{"line":9,"column":22},"end":{"line":9,"column":35}},"loc":{"start":{"line":9,"column":43},"end":{"line":17,"column":1}},"line":9},"1":{"name":"signOut","decl":{"start":{"line":23,"column":22},"end":{"line":23,"column":29}},"loc":{"start":{"line":23,"column":32},"end":{"line":30,"column":1}},"line":23}},"branchMap":{"0":{"loc":{"start":{"line":11,"column":2},"end":{"line":14,"column":3}},"type":"if","locations":[{"start":{"line":11,"column":2},"end":{"line":14,"column":3}},{"start":{},"end":{}}],"line":11},"1":{"loc":{"start":{"line":25,"column":2},"end":{"line":28,"column":3}},"type":"if","locations":[{"start":{"line":25,"column":2},"end":{"line":28,"column":3}},{"start":{},"end":{}}],"line":25}},"s":{"0":0,"1":0,"2":0,"3":0,"4":0,"5":0,"6":0,"7":0,"8":0,"9":0,"10":0},"f":{"0":0,"1":0},"b":{"0":[0,0],"1":[0,0]}}
,"/Users/ryankrammes/Documents/GitHub/DIY_Recipes/js/main.js": {"path":"/Users/ryankrammes/Documents/GitHub/DIY_Recipes/js/main.js","statementMap":{"0":{"start":{"line":12,"column":0},"end":{"line":22,"column":3}},"1":{"start":{"line":13,"column":2},"end":{"line":13,"column":65}},"2":{"start":{"line":15,"column":2},"end":{"line":21,"column":3}},"3":{"start":{"line":16,"column":4},"end":{"line":16,"column":13}},"4":{"start":{"line":18,"column":4},"end":{"line":18,"column":76}},"5":{"start":{"line":20,"column":4},"end":{"line":20,"column":86}}},"fnMap":{"0":{"name":"(anonymous_0)","decl":{"start":{"line":12,"column":46},"end":{"line":12,"column":47}},"loc":{"start":{"line":12,"column":52},"end":{"line":22,"column":1}},"line":12}},"branchMap":{"0":{"loc":{"start":{"line":15,"column":2},"end":{"line":21,"column":3}},"type":"if","locations":[{"start":{"line":15,"column":2},"end":{"line":21,"column":3}},{"start":{"line":17,"column":9},"end":{"line":21,"column":3}}],"line":15}},"s":{"0":0,"1":0,"2":0,"3":0,"4":0,"5":0},"f":{"0":0},"b":{"0":[0,0]}}
,"/Users/ryankrammes/Documents/GitHub/DIY_Recipes/js/product-actions.js": {"path":"/Users/ryankrammes/Documents/GitHub/DIY_Recipes/js/product-actions.js","statementMap":{"0":{"start":{"line":5,"column":2},"end":{"line":8,"column":6}},"1":{"start":{"line":5,"column":41},"end":{"line":8,"column":3}},"2":{"start":{"line":14,"column":2},"end":{"line":19,"column":5}},"3":{"start":{"line":15,"column":4},"end":{"line":18,"column":6}},"4":{"start":{"line":24,"column":18},"end":{"line":24,"column":72}},"5":{"start":{"line":25,"column":22},"end":{"line":25,"column":47}},"6":{"start":{"line":26,"column":2},"end":{"line":26,"column":114}},"7":{"start":{"line":27,"column":2},"end":{"line":27,"column":31}},"8":{"start":{"line":28,"column":2},"end":{"line":28,"column":22}},"9":{"start":{"line":29,"column":2},"end":{"line":29,"column":22}},"10":{"start":{"line":30,"column":2},"end":{"line":30,"column":22}},"11":{"start":{"line":35,"column":2},"end":{"line":35,"column":88}},"12":{"start":{"line":35,"column":32},"end":{"line":35,"column":75}}},"fnMap":{"0":{"name":"scaleRecipe","decl":{"start":{"line":4,"column":16},"end":{"line":4,"column":27}},"loc":{"start":{"line":4,"column":62},"end":{"line":9,"column":1}},"line":4},"1":{"name":"(anonymous_1)","decl":{"start":{"line":5,"column":33},"end":{"line":5,"column":34}},"loc":{"start":{"line":5,"column":41},"end":{"line":8,"column":3}},"line":5},"2":{"name":"convertUnits","decl":{"start":{"line":12,"column":16},"end":{"line":12,"column":28}},"loc":{"start":{"line":12,"column":59},"end":{"line":20,"column":1}},"line":12},"3":{"name":"(anonymous_3)","decl":{"start":{"line":14,"column":25},"end":{"line":14,"column":26}},"loc":{"start":{"line":14,"column":32},"end":{"line":19,"column":3}},"line":14},"4":{"name":"printRecipe","decl":{"start":{"line":23,"column":16},"end":{"line":23,"column":27}},"loc":{"start":{"line":23,"column":49},"end":{"line":31,"column":1}},"line":23},"5":{"name":"generateShoppingList","decl":{"start":{"line":34,"column":16},"end":{"line":34,"column":36}},"loc":{"start":{"line":34,"column":50},"end":{"line":36,"column":1}},"line":34},"6":{"name":"(anonymous_6)","decl":{"start":{"line":35,"column":25},"end":{"line":35,"column":26}},"loc":{"start":{"line":35,"column":32},"end":{"line":35,"column":75}},"line":35}},"branchMap":{"0":{"loc":{"start":{"line":12,"column":42},"end":{"line":12,"column":57}},"type":"default-arg","locations":[{"start":{"line":12,"column":53},"end":{"line":12,"column":57}}],"line":12},"1":{"loc":{"start":{"line":17,"column":12},"end":{"line":17,"column":54}},"type":"cond-expr","locations":[{"start":{"line":17,"column":23},"end":{"line":17,"column":36}},{"start":{"line":17,"column":39},"end":{"line":17,"column":54}}],"line":17}},"s":{"0":5,"1":12,"2":4,"3":7,"4":1,"5":1,"6":1,"7":1,"8":1,"9":1,"10":1,"11":2,"12":3},"f":{"0":5,"1":12,"2":4,"3":7,"4":1,"5":2,"6":3},"b":{"0":[0],"1":[4,3]},"_coverageSchema":"1a1c01bbd47fc00a2c39e90264f33305004495a9","hash":"ea167eb6198ddf153522effc445a0ab0f078bd65"}
,"/Users/ryankrammes/Documents/GitHub/DIY_Recipes/js/recipe-actions.js": {"path":"/Users/ryankrammes/Documents/GitHub/DIY_Recipes/js/recipe-actions.js","statementMap":{"0":{"start":{"line":8,"column":32},"end":{"line":50,"column":1}},"1":{"start":{"line":10,"column":20},"end":{"line":10,"column":49}},"2":{"start":{"line":11,"column":4},"end":{"line":11,"column":61}},"3":{"start":{"line":12,"column":4},"end":{"line":12,"column":51}},"4":{"start":{"line":14,"column":19},"end":{"line":14,"column":48}},"5":{"start":{"line":15,"column":4},"end":{"line":15,"column":44}},"6":{"start":{"line":16,"column":4},"end":{"line":16,"column":24}},"7":{"start":{"line":17,"column":4},"end":{"line":17,"column":42}},"8":{"start":{"line":18,"column":4},"end":{"line":18,"column":50}},"9":{"start":{"line":19,"column":4},"end":{"line":19,"column":86}},"10":{"start":{"line":21,"column":20},"end":{"line":21,"column":49}},"11":{"start":{"line":22,"column":4},"end":{"line":22,"column":46}},"12":{"start":{"line":23,"column":4},"end":{"line":23,"column":34}},"13":{"start":{"line":24,"column":4},"end":{"line":24,"column":38}},"14":{"start":{"line":25,"column":4},"end":{"line":25,"column":73}},"15":{"start":{"line":26,"column":4},"end":{"line":26,"column":32}},"16":{"start":{"line":27,"column":4},"end":{"line":27,"column":40}},"17":{"start":{"line":29,"column":4},"end":{"line":29,"column":36}},"18":{"start":{"line":29,"column":27},"end":{"line":29,"column":35}},"19":{"start":{"line":30,"column":4},"end":{"line":30,"column":107}},"20":{"start":{"line":30,"column":32},"end":{"line":30,"column":104}},"21":{"start":{"line":30,"column":73},"end":{"line":30,"column":92}},"22":{"start":{"line":30,"column":93},"end":{"line":30,"column":102}},"23":{"start":{"line":33,"column":23},"end":{"line":33,"column":71}},"24":{"start":{"line":34,"column":6},"end":{"line":34,"column":63}},"25":{"start":{"line":35,"column":6},"end":{"line":35,"column":62}},"26":{"start":{"line":36,"column":6},"end":{"line":42,"column":7}},"27":{"start":{"line":37,"column":8},"end":{"line":37,"column":62}},"28":{"start":{"line":38,"column":8},"end":{"line":38,"column":36}},"29":{"start":{"line":40,"column":8},"end":{"line":40,"column":38}},"30":{"start":{"line":41,"column":8},"end":{"line":41,"column":36}},"31":{"start":{"line":45,"column":4},"end":{"line":45,"column":32}},"32":{"start":{"line":46,"column":4},"end":{"line":46,"column":33}},"33":{"start":{"line":47,"column":4},"end":{"line":47,"column":35}},"34":{"start":{"line":48,"column":4},"end":{"line":48,"column":19}},"35":{"start":{"line":54,"column":18},"end":{"line":54,"column":47}},"36":{"start":{"line":55,"column":2},"end":{"line":55,"column":52}},"37":{"start":{"line":57,"column":18},"end":{"line":57,"column":49}},"38":{"start":{"line":58,"column":2},"end":{"line":58,"column":30}},"39":{"start":{"line":60,"column":16},"end":{"line":60,"column":47}},"40":{"start":{"line":61,"column":2},"end":{"line":61,"column":23}},"41":{"start":{"line":62,"column":2},"end":{"line":62,"column":18}},"42":{"start":{"line":63,"column":2},"end":{"line":63,"column":18}},"43":{"start":{"line":64,"column":2},"end":{"line":64,"column":20}},"44":{"start":{"line":65,"column":2},"end":{"line":65,"column":22}},"45":{"start":{"line":67,"column":23},"end":{"line":67,"column":53}},"46":{"start":{"line":68,"column":2},"end":{"line":68,"column":35}},"47":{"start":{"line":70,"column":2},"end":{"line":73,"column":4}},"48":{"start":{"line":71,"column":4},"end":{"line":71,"column":43}},"49":{"start":{"line":72,"column":4},"end":{"line":72,"column":39}},"50":{"start":{"line":72,"column":17},"end":{"line":72,"column":39}},"51":{"start":{"line":75,"column":2},"end":{"line":75,"column":31}},"52":{"start":{"line":76,"column":2},"end":{"line":76,"column":29}},"53":{"start":{"line":77,"column":2},"end":{"line":77,"column":36}},"54":{"start":{"line":78,"column":2},"end":{"line":78,"column":17}},"55":{"start":{"line":83,"column":18},"end":{"line":83,"column":47}},"56":{"start":{"line":84,"column":2},"end":{"line":84,"column":52}},"57":{"start":{"line":86,"column":18},"end":{"line":86,"column":49}},"58":{"start":{"line":87,"column":2},"end":{"line":87,"column":30}},"59":{"start":{"line":89,"column":16},"end":{"line":89,"column":47}},"60":{"start":{"line":90,"column":2},"end":{"line":90,"column":26}},"61":{"start":{"line":91,"column":2},"end":{"line":91,"column":26}},"62":{"start":{"line":93,"column":2},"end":{"line":95,"column":4}},"63":{"start":{"line":94,"column":4},"end":{"line":94,"column":41}},"64":{"start":{"line":94,"column":17},"end":{"line":94,"column":41}},"65":{"start":{"line":97,"column":2},"end":{"line":97,"column":31}},"66":{"start":{"line":98,"column":2},"end":{"line":98,"column":29}},"67":{"start":{"line":99,"column":2},"end":{"line":99,"column":17}},"68":{"start":{"line":104,"column":18},"end":{"line":104,"column":47}},"69":{"start":{"line":105,"column":2},"end":{"line":105,"column":38}},"70":{"start":{"line":106,"column":2},"end":{"line":106,"column":30}},"71":{"start":{"line":107,"column":2},"end":{"line":107,"column":17}},"72":{"start":{"line":115,"column":22},"end":{"line":115,"column":69}},"73":{"start":{"line":116,"column":2},"end":{"line":116,"column":27}},"74":{"start":{"line":116,"column":20},"end":{"line":116,"column":27}},"75":{"start":{"line":119,"column":2},"end":{"line":119,"column":29}},"76":{"start":{"line":122,"column":23},"end":{"line":122,"column":52}},"77":{"start":{"line":123,"column":2},"end":{"line":123,"column":68}},"78":{"start":{"line":124,"column":2},"end":{"line":124,"column":70}},"79":{"start":{"line":127,"column":21},"end":{"line":127,"column":50}},"80":{"start":{"line":128,"column":2},"end":{"line":128,"column":74}},"81":{"start":{"line":129,"column":2},"end":{"line":129,"column":79}},"82":{"start":{"line":132,"column":22},"end":{"line":132,"column":51}},"83":{"start":{"line":133,"column":21},"end":{"line":133,"column":76}},"84":{"start":{"line":134,"column":2},"end":{"line":134,"column":38}},"85":{"start":{"line":135,"column":2},"end":{"line":135,"column":72}},"86":{"start":{"line":138,"column":24},"end":{"line":138,"column":53}},"87":{"start":{"line":139,"column":17},"end":{"line":146,"column":4}},"88":{"start":{"line":145,"column":23},"end":{"line":145,"column":62}},"89":{"start":{"line":147,"column":17},"end":{"line":151,"column":4}},"90":{"start":{"line":150,"column":23},"end":{"line":150,"column":60}},"91":{"start":{"line":152,"column":2},"end":{"line":152,"column":36}},"92":{"start":{"line":153,"column":2},"end":{"line":153,"column":36}},"93":{"start":{"line":154,"column":2},"end":{"line":154,"column":69}}},"fnMap":{"0":{"name":"(anonymous_0)","decl":{"start":{"line":9,"column":10},"end":{"line":9,"column":11}},"loc":{"start":{"line":9,"column":48},"end":{"line":49,"column":3}},"line":9},"1":{"name":"(anonymous_1)","decl":{"start":{"line":29,"column":21},"end":{"line":29,"column":22}},"loc":{"start":{"line":29,"column":27},"end":{"line":29,"column":35}},"line":29},"2":{"name":"(anonymous_2)","decl":{"start":{"line":30,"column":23},"end":{"line":30,"column":24}},"loc":{"start":{"line":30,"column":30},"end":{"line":30,"column":106}},"line":30},"3":{"name":"toggle","decl":{"start":{"line":32,"column":13},"end":{"line":32,"column":19}},"loc":{"start":{"line":32,"column":22},"end":{"line":43,"column":5}},"line":32},"4":{"name":"createSliderControl","decl":{"start":{"line":53,"column":16},"end":{"line":53,"column":35}},"loc":{"start":{"line":53,"column":99},"end":{"line":79,"column":1}},"line":53},"5":{"name":"(anonymous_5)","decl":{"start":{"line":70,"column":18},"end":{"line":70,"column":19}},"loc":{"start":{"line":70,"column":24},"end":{"line":73,"column":3}},"line":70},"6":{"name":"createToggleControl","decl":{"start":{"line":82,"column":16},"end":{"line":82,"column":35}},"loc":{"start":{"line":82,"column":74},"end":{"line":100,"column":1}},"line":82},"7":{"name":"(anonymous_7)","decl":{"start":{"line":93,"column":19},"end":{"line":93,"column":20}},"loc":{"start":{"line":93,"column":25},"end":{"line":95,"column":3}},"line":93},"8":{"name":"createResultDisplay","decl":{"start":{"line":103,"column":16},"end":{"line":103,"column":35}},"loc":{"start":{"line":103,"column":50},"end":{"line":108,"column":1}},"line":103},"9":{"name":"initRecipeActions","decl":{"start":{"line":114,"column":16},"end":{"line":114,"column":33}},"loc":{"start":{"line":114,"column":36},"end":{"line":155,"column":1}},"line":114},"10":{"name":"(anonymous_10)","decl":{"start":{"line":145,"column":14},"end":{"line":145,"column":15}},"loc":{"start":{"line":145,"column":23},"end":{"line":145,"column":62}},"line":145},"11":{"name":"(anonymous_11)","decl":{"start":{"line":150,"column":14},"end":{"line":150,"column":15}},"loc":{"start":{"line":150,"column":23},"end":{"line":150,"column":60}},"line":150}},"branchMap":{"0":{"loc":{"start":{"line":30,"column":32},"end":{"line":30,"column":104}},"type":"if","locations":[{"start":{"line":30,"column":32},"end":{"line":30,"column":104}},{"start":{},"end":{}}],"line":30},"1":{"loc":{"start":{"line":30,"column":35},"end":{"line":30,"column":69}},"type":"binary-expr","locations":[{"start":{"line":30,"column":35},"end":{"line":30,"column":52}},{"start":{"line":30,"column":56},"end":{"line":30,"column":69}}],"line":30},"2":{"loc":{"start":{"line":36,"column":6},"end":{"line":42,"column":7}},"type":"if","locations":[{"start":{"line":36,"column":6},"end":{"line":42,"column":7}},{"start":{"line":39,"column":13},"end":{"line":42,"column":7}}],"line":36},"3":{"loc":{"start":{"line":53,"column":45},"end":{"line":53,"column":52}},"type":"default-arg","locations":[{"start":{"line":53,"column":51},"end":{"line":53,"column":52}}],"line":53},"4":{"loc":{"start":{"line":53,"column":54},"end":{"line":53,"column":63}},"type":"default-arg","locations":[{"start":{"line":53,"column":60},"end":{"line":53,"column":63}}],"line":53},"5":{"loc":{"start":{"line":53,"column":65},"end":{"line":53,"column":73}},"type":"default-arg","locations":[{"start":{"line":53,"column":72},"end":{"line":53,"column":73}}],"line":53},"6":{"loc":{"start":{"line":53,"column":75},"end":{"line":53,"column":85}},"type":"default-arg","locations":[{"start":{"line":53,"column":83},"end":{"line":53,"column":85}}],"line":53},"7":{"loc":{"start":{"line":72,"column":4},"end":{"line":72,"column":39}},"type":"if","locations":[{"start":{"line":72,"column":4},"end":{"line":72,"column":39}},{"start":{},"end":{}}],"line":72},"8":{"loc":{"start":{"line":82,"column":45},"end":{"line":82,"column":60}},"type":"default-arg","locations":[{"start":{"line":82,"column":55},"end":{"line":82,"column":60}}],"line":82},"9":{"loc":{"start":{"line":94,"column":4},"end":{"line":94,"column":41}},"type":"if","locations":[{"start":{"line":94,"column":4},"end":{"line":94,"column":41}},{"start":{},"end":{}}],"line":94},"10":{"loc":{"start":{"line":103,"column":36},"end":{"line":103,"column":48}},"type":"default-arg","locations":[{"start":{"line":103,"column":46},"end":{"line":103,"column":48}}],"line":103},"11":{"loc":{"start":{"line":116,"column":2},"end":{"line":116,"column":27}},"type":"if","locations":[{"start":{"line":116,"column":2},"end":{"line":116,"column":27}},{"start":{},"end":{}}],"line":116}},"s":{"0":1,"1":5,"2":5,"3":5,"4":5,"5":5,"6":5,"7":5,"8":5,"9":5,"10":5,"11":5,"12":5,"13":5,"14":5,"15":5,"16":5,"17":5,"18":2,"19":5,"20":0,"21":0,"22":0,"23":2,"24":2,"25":2,"26":2,"27":1,"28":1,"29":1,"30":1,"31":5,"32":5,"33":5,"34":5,"35":2,"36":2,"37":2,"38":2,"39":2,"40":2,"41":2,"42":2,"43":2,"44":2,"45":2,"46":2,"47":2,"48":1,"49":1,"50":1,"51":2,"52":2,"53":2,"54":2,"55":2,"56":2,"57":2,"58":2,"59":2,"60":2,"61":2,"62":2,"63":1,"64":1,"65":2,"66":2,"67":2,"68":2,"69":2,"70":2,"71":2,"72":1,"73":1,"74":0,"75":1,"76":1,"77":1,"78":1,"79":1,"80":1,"81":1,"82":1,"83":1,"84":1,"85":1,"86":1,"87":1,"88":0,"89":1,"90":0,"91":1,"92":1,"93":1},"f":{"0":5,"1":2,"2":0,"3":2,"4":2,"5":1,"6":2,"7":1,"8":2,"9":1,"10":0,"11":0},"b":{"0":[0,0],"1":[0,0],"2":[1,1],"3":[0],"4":[0],"5":[0],"6":[0],"7":[1,0],"8":[0],"9":[1,0],"10":[0],"11":[0,1]},"_coverageSchema":"1a1c01bbd47fc00a2c39e90264f33305004495a9","hash":"cdbf526e02fa060ee5f4ea910ccf943436fb9d1f"}
,"/Users/ryankrammes/Documents/GitHub/DIY_Recipes/js/recipe-analysis.js": {"path":"/Users/ryankrammes/Documents/GitHub/DIY_Recipes/js/recipe-analysis.js","statementMap":{"0":{"start":{"line":8,"column":28},"end":{"line":11,"column":3}},"1":{"start":{"line":13,"column":21},"end":{"line":13,"column":53}},"2":{"start":{"line":13,"column":42},"end":{"line":13,"column":52}},"3":{"start":{"line":14,"column":2},"end":{"line":18,"column":3}},"4":{"start":{"line":15,"column":4},"end":{"line":17,"column":5}},"5":{"start":{"line":16,"column":6},"end":{"line":16,"column":19}},"6":{"start":{"line":19,"column":2},"end":{"line":19,"column":14}},"7":{"start":{"line":24,"column":14},"end":{"line":24,"column":15}},"8":{"start":{"line":25,"column":2},"end":{"line":28,"column":5}},"9":{"start":{"line":26,"column":4},"end":{"line":26,"column":42}},"10":{"start":{"line":26,"column":31},"end":{"line":26,"column":42}},"11":{"start":{"line":27,"column":4},"end":{"line":27,"column":42}},"12":{"start":{"line":27,"column":31},"end":{"line":27,"column":42}},"13":{"start":{"line":29,"column":2},"end":{"line":29,"column":42}},"14":{"start":{"line":33,"column":27},"end":{"line":58,"column":1}},"15":{"start":{"line":35,"column":16},"end":{"line":35,"column":45}},"16":{"start":{"line":36,"column":4},"end":{"line":36,"column":55}},"17":{"start":{"line":38,"column":18},"end":{"line":38,"column":46}},"18":{"start":{"line":39,"column":4},"end":{"line":39,"column":46}},"19":{"start":{"line":40,"column":4},"end":{"line":40,"column":27}},"20":{"start":{"line":42,"column":23},"end":{"line":42,"column":71}},"21":{"start":{"line":43,"column":15},"end":{"line":43,"column":45}},"22":{"start":{"line":45,"column":20},"end":{"line":45,"column":47}},"23":{"start":{"line":46,"column":4},"end":{"line":46,"column":91}},"24":{"start":{"line":47,"column":4},"end":{"line":47,"column":29}},"25":{"start":{"line":49,"column":16},"end":{"line":49,"column":43}},"26":{"start":{"line":50,"column":4},"end":{"line":50,"column":55}},"27":{"start":{"line":51,"column":4},"end":{"line":51,"column":25}},"28":{"start":{"line":53,"column":4},"end":{"line":53,"column":31}},"29":{"start":{"line":54,"column":4},"end":{"line":54,"column":15}},"30":{"start":{"line":61,"column":23},"end":{"line":83,"column":1}},"31":{"start":{"line":63,"column":16},"end":{"line":63,"column":45}},"32":{"start":{"line":64,"column":4},"end":{"line":64,"column":51}},"33":{"start":{"line":66,"column":18},"end":{"line":66,"column":46}},"34":{"start":{"line":67,"column":4},"end":{"line":67,"column":42}},"35":{"start":{"line":68,"column":4},"end":{"line":68,"column":27}},"36":{"start":{"line":70,"column":21},"end":{"line":70,"column":49}},"37":{"start":{"line":71,"column":4},"end":{"line":75,"column":7}},"38":{"start":{"line":72,"column":17},"end":{"line":72,"column":45}},"39":{"start":{"line":73,"column":6},"end":{"line":73,"column":90}},"40":{"start":{"line":74,"column":6},"end":{"line":74,"column":31}},"41":{"start":{"line":76,"column":4},"end":{"line":76,"column":30}},"42":{"start":{"line":78,"column":4},"end":{"line":78,"column":31}},"43":{"start":{"line":79,"column":4},"end":{"line":79,"column":15}},"44":{"start":{"line":86,"column":22},"end":{"line":108,"column":1}},"45":{"start":{"line":88,"column":16},"end":{"line":88,"column":45}},"46":{"start":{"line":89,"column":4},"end":{"line":89,"column":50}},"47":{"start":{"line":91,"column":18},"end":{"line":91,"column":46}},"48":{"start":{"line":92,"column":4},"end":{"line":92,"column":41}},"49":{"start":{"line":93,"column":4},"end":{"line":93,"column":27}},"50":{"start":{"line":95,"column":22},"end":{"line":95,"column":50}},"51":{"start":{"line":96,"column":4},"end":{"line":100,"column":7}},"52":{"start":{"line":97,"column":17},"end":{"line":97,"column":45}},"53":{"start":{"line":98,"column":6},"end":{"line":98,"column":75}},"54":{"start":{"line":99,"column":6},"end":{"line":99,"column":32}},"55":{"start":{"line":101,"column":4},"end":{"line":101,"column":31}},"56":{"start":{"line":103,"column":4},"end":{"line":103,"column":31}},"57":{"start":{"line":104,"column":4},"end":{"line":104,"column":15}},"58":{"start":{"line":111,"column":28},"end":{"line":130,"column":1}},"59":{"start":{"line":113,"column":16},"end":{"line":113,"column":45}},"60":{"start":{"line":114,"column":4},"end":{"line":114,"column":46}},"61":{"start":{"line":116,"column":18},"end":{"line":116,"column":46}},"62":{"start":{"line":117,"column":4},"end":{"line":117,"column":46}},"63":{"start":{"line":118,"column":4},"end":{"line":118,"column":27}},"64":{"start":{"line":120,"column":22},"end":{"line":120,"column":60}},"65":{"start":{"line":121,"column":14},"end":{"line":121,"column":41}},"66":{"start":{"line":122,"column":4},"end":{"line":122,"column":67}},"67":{"start":{"line":123,"column":4},"end":{"line":123,"column":23}},"68":{"start":{"line":125,"column":4},"end":{"line":125,"column":31}},"69":{"start":{"line":126,"column":4},"end":{"line":126,"column":15}},"70":{"start":{"line":134,"column":16},"end":{"line":134,"column":19}},"71":{"start":{"line":135,"column":2},"end":{"line":139,"column":5}},"72":{"start":{"line":136,"column":4},"end":{"line":138,"column":5}},"73":{"start":{"line":137,"column":6},"end":{"line":137,"column":32}},"74":{"start":{"line":140,"column":2},"end":{"line":140,"column":17}}},"fnMap":{"0":{"name":"checkIngredientCompatibility","decl":{"start":{"line":7,"column":9},"end":{"line":7,"column":37}},"loc":{"start":{"line":7,"column":51},"end":{"line":20,"column":1}},"line":7},"1":{"name":"(anonymous_1)","decl":{"start":{"line":13,"column":37},"end":{"line":13,"column":38}},"loc":{"start":{"line":13,"column":42},"end":{"line":13,"column":52}},"line":13},"2":{"name":"estimatePH","decl":{"start":{"line":23,"column":9},"end":{"line":23,"column":19}},"loc":{"start":{"line":23,"column":33},"end":{"line":30,"column":1}},"line":23},"3":{"name":"(anonymous_3)","decl":{"start":{"line":25,"column":22},"end":{"line":25,"column":23}},"loc":{"start":{"line":25,"column":27},"end":{"line":28,"column":3}},"line":25},"4":{"name":"(anonymous_4)","decl":{"start":{"line":34,"column":2},"end":{"line":34,"column":3}},"loc":{"start":{"line":34,"column":28},"end":{"line":55,"column":3}},"line":34},"5":{"name":"(anonymous_5)","decl":{"start":{"line":56,"column":2},"end":{"line":56,"column":3}},"loc":{"start":{"line":56,"column":29},"end":{"line":56,"column":31}},"line":56},"6":{"name":"(anonymous_6)","decl":{"start":{"line":57,"column":2},"end":{"line":57,"column":3}},"loc":{"start":{"line":57,"column":17},"end":{"line":57,"column":19}},"line":57},"7":{"name":"(anonymous_7)","decl":{"start":{"line":62,"column":2},"end":{"line":62,"column":3}},"loc":{"start":{"line":62,"column":28},"end":{"line":80,"column":3}},"line":62},"8":{"name":"(anonymous_8)","decl":{"start":{"line":71,"column":25},"end":{"line":71,"column":26}},"loc":{"start":{"line":71,"column":40},"end":{"line":75,"column":5}},"line":71},"9":{"name":"(anonymous_9)","decl":{"start":{"line":81,"column":2},"end":{"line":81,"column":3}},"loc":{"start":{"line":81,"column":29},"end":{"line":81,"column":31}},"line":81},"10":{"name":"(anonymous_10)","decl":{"start":{"line":82,"column":2},"end":{"line":82,"column":3}},"loc":{"start":{"line":82,"column":17},"end":{"line":82,"column":19}},"line":82},"11":{"name":"(anonymous_11)","decl":{"start":{"line":87,"column":2},"end":{"line":87,"column":3}},"loc":{"start":{"line":87,"column":28},"end":{"line":105,"column":3}},"line":87},"12":{"name":"(anonymous_12)","decl":{"start":{"line":96,"column":35},"end":{"line":96,"column":36}},"loc":{"start":{"line":96,"column":51},"end":{"line":100,"column":5}},"line":96},"13":{"name":"(anonymous_13)","decl":{"start":{"line":106,"column":2},"end":{"line":106,"column":3}},"loc":{"start":{"line":106,"column":29},"end":{"line":106,"column":31}},"line":106},"14":{"name":"(anonymous_14)","decl":{"start":{"line":107,"column":2},"end":{"line":107,"column":3}},"loc":{"start":{"line":107,"column":17},"end":{"line":107,"column":19}},"line":107},"15":{"name":"(anonymous_15)","decl":{"start":{"line":112,"column":2},"end":{"line":112,"column":3}},"loc":{"start":{"line":112,"column":28},"end":{"line":127,"column":3}},"line":112},"16":{"name":"(anonymous_16)","decl":{"start":{"line":128,"column":2},"end":{"line":128,"column":3}},"loc":{"start":{"line":128,"column":29},"end":{"line":128,"column":31}},"line":128},"17":{"name":"(anonymous_17)","decl":{"start":{"line":129,"column":2},"end":{"line":129,"column":3}},"loc":{"start":{"line":129,"column":17},"end":{"line":129,"column":19}},"line":129},"18":{"name":"calculateShelfLife","decl":{"start":{"line":133,"column":9},"end":{"line":133,"column":27}},"loc":{"start":{"line":133,"column":41},"end":{"line":141,"column":1}},"line":133},"19":{"name":"(anonymous_19)","decl":{"start":{"line":135,"column":22},"end":{"line":135,"column":23}},"loc":{"start":{"line":135,"column":27},"end":{"line":139,"column":3}},"line":135}},"branchMap":{"0":{"loc":{"start":{"line":15,"column":4},"end":{"line":17,"column":5}},"type":"if","locations":[{"start":{"line":15,"column":4},"end":{"line":17,"column":5}},{"start":{},"end":{}}],"line":15},"1":{"loc":{"start":{"line":15,"column":8},"end":{"line":15,"column":62}},"type":"binary-expr","locations":[{"start":{"line":15,"column":8},"end":{"line":15,"column":33}},{"start":{"line":15,"column":37},"end":{"line":15,"column":62}}],"line":15},"2":{"loc":{"start":{"line":26,"column":4},"end":{"line":26,"column":42}},"type":"if","locations":[{"start":{"line":26,"column":4},"end":{"line":26,"column":42}},{"start":{},"end":{}}],"line":26},"3":{"loc":{"start":{"line":27,"column":4},"end":{"line":27,"column":42}},"type":"if","locations":[{"start":{"line":27,"column":4},"end":{"line":27,"column":42}},{"start":{},"end":{}}],"line":27},"4":{"loc":{"start":{"line":46,"column":47},"end":{"line":46,"column":89}},"type":"cond-expr","locations":[{"start":{"line":46,"column":60},"end":{"line":46,"column":72}},{"start":{"line":46,"column":75},"end":{"line":46,"column":89}}],"line":46},"5":{"loc":{"start":{"line":73,"column":59},"end":{"line":73,"column":81}},"type":"binary-expr","locations":[{"start":{"line":73,"column":59},"end":{"line":73,"column":72}},{"start":{"line":73,"column":76},"end":{"line":73,"column":81}}],"line":73},"6":{"loc":{"start":{"line":96,"column":5},"end":{"line":96,"column":25}},"type":"binary-expr","locations":[{"start":{"line":96,"column":5},"end":{"line":96,"column":19}},{"start":{"line":96,"column":23},"end":{"line":96,"column":25}}],"line":96},"7":{"loc":{"start":{"line":136,"column":4},"end":{"line":138,"column":5}},"type":"if","locations":[{"start":{"line":136,"column":4},"end":{"line":138,"column":5}},{"start":{},"end":{}}],"line":136},"8":{"loc":{"start":{"line":136,"column":8},"end":{"line":136,"column":52}},"type":"binary-expr","locations":[{"start":{"line":136,"column":8},"end":{"line":136,"column":23}},{"start":{"line":136,"column":27},"end":{"line":136,"column":52}}],"line":136}},"s":{"0":4,"1":4,"2":8,"3":4,"4":7,"5":2,"6":2,"7":5,"8":5,"9":10,"10":4,"11":10,"12":3,"13":5,"14":3,"15":1,"16":1,"17":1,"18":1,"19":1,"20":1,"21":1,"22":1,"23":1,"24":1,"25":1,"26":1,"27":1,"28":1,"29":1,"30":3,"31":2,"32":2,"33":2,"34":2,"35":2,"36":2,"37":2,"38":2,"39":2,"40":2,"41":2,"42":2,"43":2,"44":3,"45":2,"46":2,"47":2,"48":2,"49":2,"50":2,"51":2,"52":2,"53":2,"54":2,"55":2,"56":2,"57":2,"58":3,"59":1,"60":1,"61":1,"62":1,"63":1,"64":1,"65":1,"66":1,"67":1,"68":1,"69":1,"70":4,"71":4,"72":7,"73":2,"74":4},"f":{"0":4,"1":8,"2":5,"3":10,"4":1,"5":0,"6":0,"7":2,"8":2,"9":0,"10":0,"11":2,"12":2,"13":0,"14":0,"15":1,"16":0,"17":0,"18":4,"19":7},"b":{"0":[2,5],"1":[7,3],"2":[4,6],"3":[3,7],"4":[1,0],"5":[2,0],"6":[2,0],"7":[2,5],"8":[7,4]},"_coverageSchema":"1a1c01bbd47fc00a2c39e90264f33305004495a9","hash":"9aecab5f11bc028246091773a64ce5057b91f101"}
,"/Users/ryankrammes/Documents/GitHub/DIY_Recipes/js/recipe-iteration.js": {"path":"/Users/ryankrammes/Documents/GitHub/DIY_Recipes/js/recipe-iteration.js","statementMap":{"0":{"start":{"line":5,"column":20},"end":{"line":5,"column":44}},"1":{"start":{"line":6,"column":2},"end":{"line":12,"column":4}},"2":{"start":{"line":17,"column":2},"end":{"line":19,"column":4}},"3":{"start":{"line":18,"column":4},"end":{"line":18,"column":61}},"4":{"start":{"line":24,"column":2},"end":{"line":28,"column":4}},"5":{"start":{"line":33,"column":2},"end":{"line":38,"column":4}},"6":{"start":{"line":35,"column":46},"end":{"line":35,"column":111}}},"fnMap":{"0":{"name":"createNewVersion","decl":{"start":{"line":4,"column":16},"end":{"line":4,"column":32}},"loc":{"start":{"line":4,"column":45},"end":{"line":13,"column":1}},"line":4},"1":{"name":"substituteIngredient","decl":{"start":{"line":16,"column":16},"end":{"line":16,"column":36}},"loc":{"start":{"line":16,"column":74},"end":{"line":20,"column":1}},"line":16},"2":{"name":"(anonymous_2)","decl":{"start":{"line":17,"column":25},"end":{"line":17,"column":26}},"loc":{"start":{"line":18,"column":4},"end":{"line":18,"column":61}},"line":18},"3":{"name":"saveNotesAndResults","decl":{"start":{"line":23,"column":16},"end":{"line":23,"column":35}},"loc":{"start":{"line":23,"column":67},"end":{"line":29,"column":1}},"line":23},"4":{"name":"compareVersions","decl":{"start":{"line":32,"column":16},"end":{"line":32,"column":31}},"loc":{"start":{"line":32,"column":52},"end":{"line":39,"column":1}},"line":32},"5":{"name":"(anonymous_5)","decl":{"start":{"line":35,"column":32},"end":{"line":35,"column":33}},"loc":{"start":{"line":35,"column":46},"end":{"line":35,"column":111}},"line":35}},"branchMap":{"0":{"loc":{"start":{"line":18,"column":4},"end":{"line":18,"column":61}},"type":"cond-expr","locations":[{"start":{"line":18,"column":27},"end":{"line":18,"column":55}},{"start":{"line":18,"column":58},"end":{"line":18,"column":61}}],"line":18},"1":{"loc":{"start":{"line":34,"column":24},"end":{"line":35,"column":112}},"type":"binary-expr","locations":[{"start":{"line":34,"column":24},"end":{"line":34,"column":83}},{"start":{"line":35,"column":6},"end":{"line":35,"column":112}}],"line":34}},"s":{"0":1,"1":1,"2":3,"3":6,"4":1,"5":3,"6":3},"f":{"0":1,"1":3,"2":6,"3":1,"4":3,"5":3},"b":{"0":[2,4],"1":[3,2]},"_coverageSchema":"1a1c01bbd47fc00a2c39e90264f33305004495a9","hash":"3b60e715465bfe2ae93c2279bc775981b073830c"}
,"/Users/ryankrammes/Documents/GitHub/DIY_Recipes/js/supabaseClient.js": {"path":"/Users/ryankrammes/Documents/GitHub/DIY_Recipes/js/supabaseClient.js","statementMap":{"0":{"start":{"line":8,"column":21},"end":{"line":8,"column":63}},"1":{"start":{"line":9,"column":26},"end":{"line":9,"column":236}},"2":{"start":{"line":12,"column":0},"end":{"line":16,"column":1}},"3":{"start":{"line":13,"column":2},"end":{"line":13,"column":91}},"4":{"start":{"line":19,"column":30},"end":{"line":19,"column":75}},"5":{"start":{"line":21,"column":0},"end":{"line":21,"column":44}}},"fnMap":{},"branchMap":{"0":{"loc":{"start":{"line":12,"column":0},"end":{"line":16,"column":1}},"type":"if","locations":[{"start":{"line":12,"column":0},"end":{"line":16,"column":1}},{"start":{},"end":{}}],"line":12},"1":{"loc":{"start":{"line":12,"column":4},"end":{"line":12,"column":39}},"type":"binary-expr","locations":[{"start":{"line":12,"column":4},"end":{"line":12,"column":17}},{"start":{"line":12,"column":21},"end":{"line":12,"column":39}}],"line":12}},"s":{"0":0,"1":0,"2":0,"3":0,"4":0,"5":0},"f":{},"b":{"0":[0,0],"1":[0,0]}}
,"/Users/ryankrammes/Documents/GitHub/DIY_Recipes/js/ui.js": {"path":"/Users/ryankrammes/Documents/GitHub/DIY_Recipes/js/ui.js","statementMap":{"0":{"start":{"line":9,"column":17},"end":{"line":9,"column":22}},"1":{"start":{"line":10,"column":21},"end":{"line":10,"column":23}},"2":{"start":{"line":11,"column":20},"end":{"line":11,"column":24}},"3":{"start":{"line":12,"column":19},"end":{"line":12,"column":21}},"4":{"start":{"line":15,"column":0},"end":{"line":45,"column":1}},"5":{"start":{"line":16,"column":23},"end":{"line":16,"column":52}},"6":{"start":{"line":17,"column":2},"end":{"line":17,"column":35}},"7":{"start":{"line":20,"column":2},"end":{"line":20,"column":40}},"8":{"start":{"line":21,"column":2},"end":{"line":21,"column":37}},"9":{"start":{"line":22,"column":2},"end":{"line":22,"column":36}},"10":{"start":{"line":23,"column":2},"end":{"line":23,"column":43}},"11":{"start":{"line":24,"column":2},"end":{"line":24,"column":42}},"12":{"start":{"line":25,"column":2},"end":{"line":25,"column":36}},"13":{"start":{"line":26,"column":2},"end":{"line":26,"column":39}},"14":{"start":{"line":27,"column":2},"end":{"line":27,"column":35}},"15":{"start":{"line":28,"column":2},"end":{"line":28,"column":38}},"16":{"start":{"line":31,"column":2},"end":{"line":37,"column":3}},"17":{"start":{"line":32,"column":4},"end":{"line":32,"column":51}},"18":{"start":{"line":33,"column":9},"end":{"line":37,"column":3}},"19":{"start":{"line":34,"column":4},"end":{"line":34,"column":51}},"20":{"start":{"line":36,"column":4},"end":{"line":36,"column":51}},"21":{"start":{"line":39,"column":2},"end":{"line":39,"column":42}},"22":{"start":{"line":42,"column":2},"end":{"line":44,"column":11}},"23":{"start":{"line":43,"column":4},"end":{"line":43,"column":26}},"24":{"start":{"line":51,"column":2},"end":{"line":51,"column":59}},"25":{"start":{"line":52,"column":22},"end":{"line":52,"column":66}},"26":{"start":{"line":53,"column":23},"end":{"line":53,"column":62}},"27":{"start":{"line":54,"column":33},"end":{"line":54,"column":82}},"28":{"start":{"line":55,"column":27},"end":{"line":55,"column":70}},"29":{"start":{"line":58,"column":2},"end":{"line":60,"column":3}},"30":{"start":{"line":59,"column":4},"end":{"line":59,"column":51}},"31":{"start":{"line":63,"column":2},"end":{"line":66,"column":3}},"32":{"start":{"line":64,"column":4},"end":{"line":64,"column":68}},"33":{"start":{"line":65,"column":4},"end":{"line":65,"column":51}},"34":{"start":{"line":69,"column":2},"end":{"line":71,"column":3}},"35":{"start":{"line":70,"column":4},"end":{"line":70,"column":74}},"36":{"start":{"line":72,"column":2},"end":{"line":74,"column":3}},"37":{"start":{"line":73,"column":4},"end":{"line":73,"column":92}},"38":{"start":{"line":75,"column":2},"end":{"line":77,"column":3}},"39":{"start":{"line":76,"column":5},"end":{"line":76,"column":97}},"40":{"start":{"line":80,"column":36},"end":{"line":80,"column":88}},"41":{"start":{"line":81,"column":26},"end":{"line":81,"column":68}},"42":{"start":{"line":82,"column":32},"end":{"line":82,"column":80}},"43":{"start":{"line":84,"column":2},"end":{"line":84,"column":140}},"44":{"start":{"line":84,"column":32},"end":{"line":84,"column":140}},"45":{"start":{"line":85,"column":2},"end":{"line":85,"column":120}},"46":{"start":{"line":85,"column":22},"end":{"line":85,"column":120}},"47":{"start":{"line":86,"column":2},"end":{"line":86,"column":132}},"48":{"start":{"line":86,"column":28},"end":{"line":86,"column":132}},"49":{"start":{"line":89,"column":2},"end":{"line":94,"column":5}},"50":{"start":{"line":91,"column":6},"end":{"line":93,"column":7}},"51":{"start":{"line":92,"column":10},"end":{"line":92,"column":71}},"52":{"start":{"line":101,"column":19},"end":{"line":101,"column":54}},"53":{"start":{"line":102,"column":24},"end":{"line":102,"column":64}},"54":{"start":{"line":103,"column":22},"end":{"line":103,"column":66}},"55":{"start":{"line":105,"column":2},"end":{"line":107,"column":3}},"56":{"start":{"line":106,"column":4},"end":{"line":106,"column":61}},"57":{"start":{"line":109,"column":2},"end":{"line":111,"column":3}},"58":{"start":{"line":110,"column":4},"end":{"line":110,"column":119}},"59":{"start":{"line":113,"column":2},"end":{"line":120,"column":3}},"60":{"start":{"line":114,"column":4},"end":{"line":114,"column":69}},"61":{"start":{"line":116,"column":4},"end":{"line":119,"column":5}},"62":{"start":{"line":117,"column":6},"end":{"line":117,"column":43}},"63":{"start":{"line":118,"column":6},"end":{"line":118,"column":31}},"64":{"start":{"line":127,"column":22},"end":{"line":127,"column":66}},"65":{"start":{"line":128,"column":2},"end":{"line":128,"column":76}},"66":{"start":{"line":135,"column":2},"end":{"line":135,"column":45}},"67":{"start":{"line":136,"column":21},"end":{"line":136,"column":58}},"68":{"start":{"line":137,"column":2},"end":{"line":137,"column":26}},"69":{"start":{"line":137,"column":19},"end":{"line":137,"column":26}},"70":{"start":{"line":140,"column":2},"end":{"line":140,"column":28}},"71":{"start":{"line":143,"column":24},"end":{"line":145,"column":4}},"72":{"start":{"line":144,"column":4},"end":{"line":144,"column":42}},"73":{"start":{"line":148,"column":2},"end":{"line":176,"column":5}},"74":{"start":{"line":149,"column":4},"end":{"line":149,"column":78}},"75":{"start":{"line":150,"column":15},"end":{"line":150,"column":43}},"76":{"start":{"line":151,"column":4},"end":{"line":151,"column":36}},"77":{"start":{"line":152,"column":4},"end":{"line":152,"column":30}},"78":{"start":{"line":155,"column":23},"end":{"line":155,"column":52}},"79":{"start":{"line":156,"column":4},"end":{"line":156,"column":52}},"80":{"start":{"line":159,"column":22},"end":{"line":159,"column":52}},"81":{"start":{"line":160,"column":4},"end":{"line":160,"column":41}},"82":{"start":{"line":161,"column":4},"end":{"line":161,"column":44}},"83":{"start":{"line":162,"column":4},"end":{"line":162,"column":38}},"84":{"start":{"line":165,"column":4},"end":{"line":170,"column":5}},"85":{"start":{"line":166,"column":27},"end":{"line":166,"column":57}},"86":{"start":{"line":167,"column":6},"end":{"line":167,"column":54}},"87":{"start":{"line":168,"column":6},"end":{"line":168,"column":50}},"88":{"start":{"line":169,"column":6},"end":{"line":169,"column":43}},"89":{"start":{"line":172,"column":4},"end":{"line":172,"column":31}},"90":{"start":{"line":175,"column":4},"end":{"line":175,"column":31}},"91":{"start":{"line":186,"column":1},"end":{"line":186,"column":66}},"92":{"start":{"line":187,"column":24},"end":{"line":187,"column":71}},"93":{"start":{"line":188,"column":1},"end":{"line":191,"column":3}},"94":{"start":{"line":189,"column":3},"end":{"line":189,"column":99}},"95":{"start":{"line":190,"column":3},"end":{"line":190,"column":10}},"96":{"start":{"line":193,"column":2},"end":{"line":193,"column":63}},"97":{"start":{"line":196,"column":2},"end":{"line":196,"column":32}},"98":{"start":{"line":198,"column":1},"end":{"line":202,"column":3}},"99":{"start":{"line":199,"column":3},"end":{"line":199,"column":50}},"100":{"start":{"line":200,"column":3},"end":{"line":200,"column":70}},"101":{"start":{"line":201,"column":3},"end":{"line":201,"column":10}},"102":{"start":{"line":205,"column":28},"end":{"line":207,"column":4}},"103":{"start":{"line":206,"column":4},"end":{"line":206,"column":40}},"104":{"start":{"line":209,"column":2},"end":{"line":209,"column":70}},"105":{"start":{"line":212,"column":2},"end":{"line":273,"column":5}},"106":{"start":{"line":214,"column":15},"end":{"line":214,"column":43}},"107":{"start":{"line":215,"column":4},"end":{"line":215,"column":40}},"108":{"start":{"line":216,"column":4},"end":{"line":216,"column":34}},"109":{"start":{"line":219,"column":23},"end":{"line":219,"column":52}},"110":{"start":{"line":220,"column":4},"end":{"line":220,"column":51}},"111":{"start":{"line":221,"column":4},"end":{"line":221,"column":38}},"112":{"start":{"line":222,"column":4},"end":{"line":222,"column":54}},"113":{"start":{"line":223,"column":4},"end":{"line":223,"column":43}},"114":{"start":{"line":224,"column":4},"end":{"line":224,"column":36}},"115":{"start":{"line":227,"column":20},"end":{"line":227,"column":49}},"116":{"start":{"line":228,"column":4},"end":{"line":228,"column":45}},"117":{"start":{"line":229,"column":4},"end":{"line":229,"column":42}},"118":{"start":{"line":230,"column":4},"end":{"line":230,"column":38}},"119":{"start":{"line":231,"column":4},"end":{"line":231,"column":29}},"120":{"start":{"line":232,"column":4},"end":{"line":232,"column":36}},"121":{"start":{"line":236,"column":4},"end":{"line":236,"column":31}},"122":{"start":{"line":239,"column":23},"end":{"line":239,"column":52}},"123":{"start":{"line":240,"column":4},"end":{"line":240,"column":51}},"124":{"start":{"line":241,"column":4},"end":{"line":241,"column":38}},"125":{"start":{"line":242,"column":4},"end":{"line":242,"column":39}},"126":{"start":{"line":243,"column":4},"end":{"line":243,"column":42}},"127":{"start":{"line":244,"column":4},"end":{"line":244,"column":71}},"128":{"start":{"line":247,"column":4},"end":{"line":254,"column":5}},"129":{"start":{"line":248,"column":22},"end":{"line":248,"column":51}},"130":{"start":{"line":249,"column":6},"end":{"line":249,"column":54}},"131":{"start":{"line":250,"column":6},"end":{"line":250,"column":51}},"132":{"start":{"line":251,"column":6},"end":{"line":251,"column":39}},"133":{"start":{"line":252,"column":6},"end":{"line":252,"column":41}},"134":{"start":{"line":253,"column":6},"end":{"line":253,"column":38}},"135":{"start":{"line":259,"column":4},"end":{"line":261,"column":5}},"136":{"start":{"line":260,"column":6},"end":{"line":260,"column":33}},"137":{"start":{"line":264,"column":4},"end":{"line":264,"column":32}},"138":{"start":{"line":265,"column":4},"end":{"line":265,"column":29}},"139":{"start":{"line":266,"column":4},"end":{"line":266,"column":34}},"140":{"start":{"line":267,"column":4},"end":{"line":267,"column":59}},"141":{"start":{"line":268,"column":4},"end":{"line":268,"column":34}},"142":{"start":{"line":269,"column":4},"end":{"line":269,"column":55}},"143":{"start":{"line":272,"column":4},"end":{"line":272,"column":35}},"144":{"start":{"line":282,"column":3},"end":{"line":282,"column":73}},"145":{"start":{"line":283,"column":21},"end":{"line":283,"column":72}},"146":{"start":{"line":284,"column":3},"end":{"line":287,"column":4}},"147":{"start":{"line":285,"column":7},"end":{"line":285,"column":108}},"148":{"start":{"line":286,"column":7},"end":{"line":286,"column":14}},"149":{"start":{"line":289,"column":3},"end":{"line":289,"column":28}},"150":{"start":{"line":291,"column":3},"end":{"line":301,"column":4}},"151":{"start":{"line":292,"column":7},"end":{"line":292,"column":64}},"152":{"start":{"line":293,"column":30},"end":{"line":293,"column":51}},"153":{"start":{"line":294,"column":20},"end":{"line":294,"column":47}},"154":{"start":{"line":295,"column":7},"end":{"line":295,"column":24}},"155":{"start":{"line":296,"column":7},"end":{"line":296,"column":77}},"156":{"start":{"line":297,"column":7},"end":{"line":297,"column":39}},"157":{"star
[...]
,"/Users/ryankrammes/Documents/GitHub/DIY_Recipes/js/actions/ingredient-actions.js": {"path":"/Users/ryankrammes/Documents/GitHub/DIY_Recipes/js/actions/ingredient-actions.js","statementMap":{"0":{"start":{"line":3,"column":36},"end":{"line":19,"column":1}},"1":{"start":{"line":8,"column":26},"end":{"line":8,"column":52}},"2":{"start":{"line":10,"column":16},"end":{"line":10,"column":48}},"3":{"start":{"line":11,"column":4},"end":{"line":11,"column":67}},"4":{"start":{"line":12,"column":4},"end":{"line":12,"column":66}},"5":{"start":{"line":12,"column":24},"end":{"line":12,"column":65}},"6":{"start":{"line":13,"column":4},"end":{"line":13,"column":31}},"7":{"start":{"line":14,"column":4},"end":{"line":14,"column":15}},"8":{"start":{"line":17,"column":4},"end":{"line":17,"column":56}},"9":{"start":{"line":21,"column":30},"end":{"line":37,"column":1}},"10":{"start":{"line":26,"column":26},"end":{"line":26,"column":52}},"11":{"start":{"line":28,"column":16},"end":{"line":28,"column":48}},"12":{"start":{"line":29,"column":4},"end":{"line":29,"column":75}},"13":{"start":{"line":30,"column":4},"end":{"line":30,"column":60}},"14":{"start":{"line":30,"column":24},"end":{"line":30,"column":59}},"15":{"start":{"line":31,"column":4},"end":{"line":31,"column":31}},"16":{"start":{"line":32,"column":4},"end":{"line":32,"column":15}},"17":{"start":{"line":35,"column":4},"end":{"line":35,"column":49}},"18":{"start":{"line":39,"column":24},"end":{"line":55,"column":1}},"19":{"start":{"line":44,"column":26},"end":{"line":44,"column":52}},"20":{"start":{"line":46,"column":16},"end":{"line":46,"column":48}},"21":{"start":{"line":47,"column":4},"end":{"line":47,"column":60}},"22":{"start":{"line":48,"column":4},"end":{"line":48,"column":54}},"23":{"start":{"line":48,"column":24},"end":{"line":48,"column":53}},"24":{"start":{"line":49,"column":4},"end":{"line":49,"column":31}},"25":{"start":{"line":50,"column":4},"end":{"line":50,"column":15}},"26":{"start":{"line":53,"column":4},"end":{"line":53,"column":43}},"27":{"start":{"line":58,"column":0},"end":{"line":58,"column":53}},"28":{"start":{"line":59,"column":0},"end":{"line":59,"column":47}},"29":{"start":{"line":60,"column":0},"end":{"line":60,"column":41}}},"fnMap":{"0":{"name":"(anonymous_0)","decl":{"start":{"line":8,"column":16},"end":{"line":8,"column":17}},"loc":{"start":{"line":8,"column":26},"end":{"line":8,"column":52}},"line":8},"1":{"name":"(anonymous_1)","decl":{"start":{"line":9,"column":10},"end":{"line":9,"column":11}},"loc":{"start":{"line":9,"column":31},"end":{"line":15,"column":3}},"line":9},"2":{"name":"(anonymous_2)","decl":{"start":{"line":12,"column":18},"end":{"line":12,"column":19}},"loc":{"start":{"line":12,"column":24},"end":{"line":12,"column":65}},"line":12},"3":{"name":"(anonymous_3)","decl":{"start":{"line":16,"column":11},"end":{"line":16,"column":12}},"loc":{"start":{"line":16,"column":21},"end":{"line":18,"column":3}},"line":16},"4":{"name":"(anonymous_4)","decl":{"start":{"line":26,"column":16},"end":{"line":26,"column":17}},"loc":{"start":{"line":26,"column":26},"end":{"line":26,"column":52}},"line":26},"5":{"name":"(anonymous_5)","decl":{"start":{"line":27,"column":10},"end":{"line":27,"column":11}},"loc":{"start":{"line":27,"column":31},"end":{"line":33,"column":3}},"line":27},"6":{"name":"(anonymous_6)","decl":{"start":{"line":30,"column":18},"end":{"line":30,"column":19}},"loc":{"start":{"line":30,"column":24},"end":{"line":30,"column":59}},"line":30},"7":{"name":"(anonymous_7)","decl":{"start":{"line":34,"column":11},"end":{"line":34,"column":12}},"loc":{"start":{"line":34,"column":21},"end":{"line":36,"column":3}},"line":34},"8":{"name":"(anonymous_8)","decl":{"start":{"line":44,"column":16},"end":{"line":44,"column":17}},"loc":{"start":{"line":44,"column":26},"end":{"line":44,"column":52}},"line":44},"9":{"name":"(anonymous_9)","decl":{"start":{"line":45,"column":10},"end":{"line":45,"column":11}},"loc":{"start":{"line":45,"column":31},"end":{"line":51,"column":3}},"line":45},"10":{"name":"(anonymous_10)","decl":{"start":{"line":48,"column":18},"end":{"line":48,"column":19}},"loc":{"start":{"line":48,"column":24},"end":{"line":48,"column":53}},"line":48},"11":{"name":"(anonymous_11)","decl":{"start":{"line":52,"column":11},"end":{"line":52,"column":12}},"loc":{"start":{"line":52,"column":21},"end":{"line":54,"column":3}},"line":52}},"branchMap":{},"s":{"0":0,"1":0,"2":0,"3":0,"4":0,"5":0,"6":0,"7":0,"8":0,"9":0,"10":0,"11":0,"12":0,"13":0,"14":0,"15":0,"16":0,"17":0,"18":0,"19":0,"20":0,"21":0,"22":0,"23":0,"24":0,"25":0,"26":0,"27":0,"28":0,"29":0},"f":{"0":0,"1":0,"2":0,"3":0,"4":0,"5":0,"6":0,"7":0,"8":0,"9":0,"10":0,"11":0},"b":{}}
,"/Users/ryankrammes/Documents/GitHub/DIY_Recipes/js/actions/recipe-edit-actions.js": {"path":"/Users/ryankrammes/Documents/GitHub/DIY_Recipes/js/actions/recipe-edit-actions.js","statementMap":{"0":{"start":{"line":3,"column":32},"end":{"line":19,"column":1}},"1":{"start":{"line":8,"column":26},"end":{"line":8,"column":48}},"2":{"start":{"line":10,"column":16},"end":{"line":10,"column":48}},"3":{"start":{"line":11,"column":4},"end":{"line":11,"column":63}},"4":{"start":{"line":12,"column":4},"end":{"line":12,"column":62}},"5":{"start":{"line":12,"column":24},"end":{"line":12,"column":61}},"6":{"start":{"line":13,"column":4},"end":{"line":13,"column":31}},"7":{"start":{"line":14,"column":4},"end":{"line":14,"column":15}},"8":{"start":{"line":17,"column":4},"end":{"line":17,"column":52}},"9":{"start":{"line":21,"column":30},"end":{"line":37,"column":1}},"10":{"start":{"line":26,"column":26},"end":{"line":26,"column":48}},"11":{"start":{"line":28,"column":16},"end":{"line":28,"column":48}},"12":{"start":{"line":29,"column":4},"end":{"line":29,"column":69}},"13":{"start":{"line":30,"column":4},"end":{"line":30,"column":60}},"14":{"start":{"line":30,"column":24},"end":{"line":30,"column":59}},"15":{"start":{"line":31,"column":4},"end":{"line":31,"column":31}},"16":{"start":{"line":32,"column":4},"end":{"line":32,"column":15}},"17":{"start":{"line":35,"column":4},"end":{"line":35,"column":49}},"18":{"start":{"line":39,"column":27},"end":{"line":55,"column":1}},"19":{"start":{"line":44,"column":26},"end":{"line":44,"column":48}},"20":{"start":{"line":46,"column":16},"end":{"line":46,"column":48}},"21":{"start":{"line":47,"column":4},"end":{"line":47,"column":73}},"22":{"start":{"line":48,"column":4},"end":{"line":48,"column":57}},"23":{"start":{"line":48,"column":24},"end":{"line":48,"column":56}},"24":{"start":{"line":49,"column":4},"end":{"line":49,"column":31}},"25":{"start":{"line":50,"column":4},"end":{"line":50,"column":15}},"26":{"start":{"line":53,"column":4},"end":{"line":53,"column":46}},"27":{"start":{"line":57,"column":31},"end":{"line":73,"column":1}},"28":{"start":{"line":62,"column":26},"end":{"line":62,"column":48}},"29":{"start":{"line":64,"column":16},"end":{"line":64,"column":48}},"30":{"start":{"line":65,"column":4},"end":{"line":65,"column":71}},"31":{"start":{"line":66,"column":4},"end":{"line":66,"column":61}},"32":{"start":{"line":66,"column":24},"end":{"line":66,"column":60}},"33":{"start":{"line":67,"column":4},"end":{"line":67,"column":31}},"34":{"start":{"line":68,"column":4},"end":{"line":68,"column":15}},"35":{"start":{"line":71,"column":4},"end":{"line":71,"column":50}},"36":{"start":{"line":75,"column":24},"end":{"line":91,"column":1}},"37":{"start":{"line":80,"column":26},"end":{"line":80,"column":48}},"38":{"start":{"line":82,"column":16},"end":{"line":82,"column":48}},"39":{"start":{"line":83,"column":4},"end":{"line":83,"column":68}},"40":{"start":{"line":84,"column":4},"end":{"line":84,"column":54}},"41":{"start":{"line":84,"column":24},"end":{"line":84,"column":53}},"42":{"start":{"line":85,"column":4},"end":{"line":85,"column":31}},"43":{"start":{"line":86,"column":4},"end":{"line":86,"column":15}},"44":{"start":{"line":89,"column":4},"end":{"line":89,"column":43}},"45":{"start":{"line":94,"column":0},"end":{"line":94,"column":49}},"46":{"start":{"line":95,"column":0},"end":{"line":95,"column":47}},"47":{"start":{"line":96,"column":0},"end":{"line":96,"column":44}},"48":{"start":{"line":97,"column":0},"end":{"line":97,"column":48}},"49":{"start":{"line":98,"column":0},"end":{"line":98,"column":41}}},"fnMap":{"0":{"name":"(anonymous_0)","decl":{"start":{"line":8,"column":16},"end":{"line":8,"column":17}},"loc":{"start":{"line":8,"column":26},"end":{"line":8,"column":48}},"line":8},"1":{"name":"(anonymous_1)","decl":{"start":{"line":9,"column":10},"end":{"line":9,"column":11}},"loc":{"start":{"line":9,"column":31},"end":{"line":15,"column":3}},"line":9},"2":{"name":"(anonymous_2)","decl":{"start":{"line":12,"column":18},"end":{"line":12,"column":19}},"loc":{"start":{"line":12,"column":24},"end":{"line":12,"column":61}},"line":12},"3":{"name":"(anonymous_3)","decl":{"start":{"line":16,"column":11},"end":{"line":16,"column":12}},"loc":{"start":{"line":16,"column":21},"end":{"line":18,"column":3}},"line":16},"4":{"name":"(anonymous_4)","decl":{"start":{"line":26,"column":16},"end":{"line":26,"column":17}},"loc":{"start":{"line":26,"column":26},"end":{"line":26,"column":48}},"line":26},"5":{"name":"(anonymous_5)","decl":{"start":{"line":27,"column":10},"end":{"line":27,"column":11}},"loc":{"start":{"line":27,"column":31},"end":{"line":33,"column":3}},"line":27},"6":{"name":"(anonymous_6)","decl":{"start":{"line":30,"column":18},"end":{"line":30,"column":19}},"loc":{"start":{"line":30,"column":24},"end":{"line":30,"column":59}},"line":30},"7":{"name":"(anonymous_7)","decl":{"start":{"line":34,"column":11},"end":{"line":34,"column":12}},"loc":{"start":{"line":34,"column":21},"end":{"line":36,"column":3}},"line":34},"8":{"name":"(anonymous_8)","decl":{"start":{"line":44,"column":16},"end":{"line":44,"column":17}},"loc":{"start":{"line":44,"column":26},"end":{"line":44,"column":48}},"line":44},"9":{"name":"(anonymous_9)","decl":{"start":{"line":45,"column":10},"end":{"line":45,"column":11}},"loc":{"start":{"line":45,"column":31},"end":{"line":51,"column":3}},"line":45},"10":{"name":"(anonymous_10)","decl":{"start":{"line":48,"column":18},"end":{"line":48,"column":19}},"loc":{"start":{"line":48,"column":24},"end":{"line":48,"column":56}},"line":48},"11":{"name":"(anonymous_11)","decl":{"start":{"line":52,"column":11},"end":{"line":52,"column":12}},"loc":{"start":{"line":52,"column":21},"end":{"line":54,"column":3}},"line":52},"12":{"name":"(anonymous_12)","decl":{"start":{"line":62,"column":16},"end":{"line":62,"column":17}},"loc":{"start":{"line":62,"column":26},"end":{"line":62,"column":48}},"line":62},"13":{"name":"(anonymous_13)","decl":{"start":{"line":63,"column":10},"end":{"line":63,"column":11}},"loc":{"start":{"line":63,"column":31},"end":{"line":69,"column":3}},"line":63},"14":{"name":"(anonymous_14)","decl":{"start":{"line":66,"column":18},"end":{"line":66,"column":19}},"loc":{"start":{"line":66,"column":24},"end":{"line":66,"column":60}},"line":66},"15":{"name":"(anonymous_15)","decl":{"start":{"line":70,"column":11},"end":{"line":70,"column":12}},"loc":{"start":{"line":70,"column":21},"end":{"line":72,"column":3}},"line":70},"16":{"name":"(anonymous_16)","decl":{"start":{"line":80,"column":16},"end":{"line":80,"column":17}},"loc":{"start":{"line":80,"column":26},"end":{"line":80,"column":48}},"line":80},"17":{"name":"(anonymous_17)","decl":{"start":{"line":81,"column":10},"end":{"line":81,"column":11}},"loc":{"start":{"line":81,"column":31},"end":{"line":87,"column":3}},"line":81},"18":{"name":"(anonymous_18)","decl":{"start":{"line":84,"column":18},"end":{"line":84,"column":19}},"loc":{"start":{"line":84,"column":24},"end":{"line":84,"column":53}},"line":84},"19":{"name":"(anonymous_19)","decl":{"start":{"line":88,"column":11},"end":{"line":88,"column":12}},"loc":{"start":{"line":88,"column":21},"end":{"line":90,"column":3}},"line":88}},"branchMap":{},"s":{"0":0,"1":0,"2":0,"3":0,"4":0,"5":0,"6":0,"7":0,"8":0,"9":0,"10":0,"11":0,"12":0,"13":0,"14":0,"15":0,"16":0,"17":0,"18":0,"19":0,"20":0,"21":0,"22":0,"23":0,"24":0,"25":0,"26":0,"27":0,"28":0,"29":0,"30":0,"31":0,"32":0,"33":0,"34":0,"35":0,"36":0,"37":0,"38":0,"39":0,"40":0,"41":0,"42":0,"43":0,"44":0,"45":0,"46":0,"47":0,"48":0,"49":0},"f":{"0":0,"1":0,"2":0,"3":0,"4":0,"5":0,"6":0,"7":0,"8":0,"9":0,"10":0,"11":0,"12":0,"13":0,"14":0,"15":0,"16":0,"17":0,"18":0,"19":0},"b":{}}
,"/Users/ryankrammes/Documents/GitHub/DIY_Recipes/js/actions/recipe-utility-actions.js": {"path":"/Users/ryankrammes/Documents/GitHub/DIY_Recipes/js/actions/recipe-utility-actions.js","statementMap":{"0":{"start":{"line":3,"column":26},"end":{"line":20,"column":1}},"1":{"start":{"line":8,"column":26},"end":{"line":8,"column":48}},"2":{"start":{"line":10,"column":16},"end":{"line":10,"column":48}},"3":{"start":{"line":11,"column":4},"end":{"line":11,"column":57}},"4":{"start":{"line":12,"column":4},"end":{"line":12,"column":56}},"5":{"start":{"line":12,"column":24},"end":{"line":12,"column":55}},"6":{"start":{"line":13,"column":4},"end":{"line":13,"column":31}},"7":{"start":{"line":14,"column":4},"end":{"line":14,"column":15}},"8":{"start":{"line":17,"column":4},"end":{"line":17,"column":41}},"9":{"start":{"line":18,"column":4},"end":{"line":18,"column":19}},"10":{"start":{"line":22,"column":27},"end":{"line":38,"column":1}},"11":{"start":{"line":27,"column":26},"end":{"line":27,"column":48}},"12":{"start":{"line":29,"column":16},"end":{"line":29,"column":48}},"13":{"start":{"line":30,"column":4},"end":{"line":30,"column":64}},"14":{"start":{"line":31,"column":4},"end":{"line":31,"column":57}},"15":{"start":{"line":31,"column":24},"end":{"line":31,"column":56}},"16":{"start":{"line":32,"column":4},"end":{"line":32,"column":31}},"17":{"start":{"line":33,"column":4},"end":{"line":33,"column":15}},"18":{"start":{"line":36,"column":4},"end":{"line":36,"column":42}},"19":{"start":{"line":40,"column":35},"end":{"line":56,"column":1}},"20":{"start":{"line":45,"column":26},"end":{"line":45,"column":48}},"21":{"start":{"line":47,"column":16},"end":{"line":47,"column":48}},"22":{"start":{"line":48,"column":4},"end":{"line":48,"column":73}},"23":{"start":{"line":49,"column":4},"end":{"line":49,"column":65}},"24":{"start":{"line":49,"column":24},"end":{"line":49,"column":64}},"25":{"start":{"line":50,"column":4},"end":{"line":50,"column":31}},"26":{"start":{"line":51,"column":4},"end":{"line":51,"column":15}},"27":{"start":{"line":54,"column":4},"end":{"line":54,"column":54}},"28":{"start":{"line":58,"column":29},"end":{"line":74,"column":1}},"29":{"start":{"line":63,"column":26},"end":{"line":63,"column":48}},"30":{"start":{"line":65,"column":16},"end":{"line":65,"column":48}},"31":{"start":{"line":66,"column":4},"end":{"line":66,"column":73}},"32":{"start":{"line":67,"column":4},"end":{"line":67,"column":59}},"33":{"start":{"line":67,"column":24},"end":{"line":67,"column":58}},"34":{"start":{"line":68,"column":4},"end":{"line":68,"column":31}},"35":{"start":{"line":69,"column":4},"end":{"line":69,"column":15}},"36":{"start":{"line":72,"column":4},"end":{"line":72,"column":47}},"37":{"start":{"line":77,"column":0},"end":{"line":77,"column":43}},"38":{"start":{"line":78,"column":0},"end":{"line":78,"column":44}},"39":{"start":{"line":79,"column":0},"end":{"line":79,"column":52}},"40":{"start":{"line":80,"column":0},"end":{"line":80,"column":46}}},"fnMap":{"0":{"name":"(anonymous_0)","decl":{"start":{"line":8,"column":16},"end":{"line":8,"column":17}},"loc":{"start":{"line":8,"column":26},"end":{"line":8,"column":48}},"line":8},"1":{"name":"(anonymous_1)","decl":{"start":{"line":9,"column":10},"end":{"line":9,"column":11}},"loc":{"start":{"line":9,"column":31},"end":{"line":15,"column":3}},"line":9},"2":{"name":"(anonymous_2)","decl":{"start":{"line":12,"column":18},"end":{"line":12,"column":19}},"loc":{"start":{"line":12,"column":24},"end":{"line":12,"column":55}},"line":12},"3":{"name":"(anonymous_3)","decl":{"start":{"line":16,"column":11},"end":{"line":16,"column":12}},"loc":{"start":{"line":16,"column":21},"end":{"line":19,"column":3}},"line":16},"4":{"name":"(anonymous_4)","decl":{"start":{"line":27,"column":16},"end":{"line":27,"column":17}},"loc":{"start":{"line":27,"column":26},"end":{"line":27,"column":48}},"line":27},"5":{"name":"(anonymous_5)","decl":{"start":{"line":28,"column":10},"end":{"line":28,"column":11}},"loc":{"start":{"line":28,"column":31},"end":{"line":34,"column":3}},"line":28},"6":{"name":"(anonymous_6)","decl":{"start":{"line":31,"column":18},"end":{"line":31,"column":19}},"loc":{"start":{"line":31,"column":24},"end":{"line":31,"column":56}},"line":31},"7":{"name":"(anonymous_7)","decl":{"start":{"line":35,"column":11},"end":{"line":35,"column":12}},"loc":{"start":{"line":35,"column":21},"end":{"line":37,"column":3}},"line":35},"8":{"name":"(anonymous_8)","decl":{"start":{"line":45,"column":16},"end":{"line":45,"column":17}},"loc":{"start":{"line":45,"column":26},"end":{"line":45,"column":48}},"line":45},"9":{"name":"(anonymous_9)","decl":{"start":{"line":46,"column":10},"end":{"line":46,"column":11}},"loc":{"start":{"line":46,"column":31},"end":{"line":52,"column":3}},"line":46},"10":{"name":"(anonymous_10)","decl":{"start":{"line":49,"column":18},"end":{"line":49,"column":19}},"loc":{"start":{"line":49,"column":24},"end":{"line":49,"column":64}},"line":49},"11":{"name":"(anonymous_11)","decl":{"start":{"line":53,"column":11},"end":{"line":53,"column":12}},"loc":{"start":{"line":53,"column":21},"end":{"line":55,"column":3}},"line":53},"12":{"name":"(anonymous_12)","decl":{"start":{"line":63,"column":16},"end":{"line":63,"column":17}},"loc":{"start":{"line":63,"column":26},"end":{"line":63,"column":48}},"line":63},"13":{"name":"(anonymous_13)","decl":{"start":{"line":64,"column":10},"end":{"line":64,"column":11}},"loc":{"start":{"line":64,"column":31},"end":{"line":70,"column":3}},"line":64},"14":{"name":"(anonymous_14)","decl":{"start":{"line":67,"column":18},"end":{"line":67,"column":19}},"loc":{"start":{"line":67,"column":24},"end":{"line":67,"column":58}},"line":67},"15":{"name":"(anonymous_15)","decl":{"start":{"line":71,"column":11},"end":{"line":71,"column":12}},"loc":{"start":{"line":71,"column":21},"end":{"line":73,"column":3}},"line":71}},"branchMap":{},"s":{"0":0,"1":0,"2":0,"3":0,"4":0,"5":0,"6":0,"7":0,"8":0,"9":0,"10":0,"11":0,"12":0,"13":0,"14":0,"15":0,"16":0,"17":0,"18":0,"19":0,"20":0,"21":0,"22":0,"23":0,"24":0,"25":0,"26":0,"27":0,"28":0,"29":0,"30":0,"31":0,"32":0,"33":0,"34":0,"35":0,"36":0,"37":0,"38":0,"39":0,"40":0},"f":{"0":0,"1":0,"2":0,"3":0,"4":0,"5":0,"6":0,"7":0,"8":0,"9":0,"10":0,"11":0,"12":0,"13":0,"14":0,"15":0},"b":{}}
}
