{"/Users/ryankrammes/Documents/GitHub/DIY_Recipes/js/action-registry.js": {"path":"/Users/ryankrammes/Documents/GitHub/DIY_Recipes/js/action-registry.js","statementMap":{"0":{"start":{"line":1,"column":23},"end":{"line":19,"column":1}},"1":{"start":{"line":5,"column":4},"end":{"line":7,"column":5}},"2":{"start":{"line":6,"column":6},"end":{"line":6,"column":32}},"3":{"start":{"line":11,"column":4},"end":{"line":17,"column":7}},"4":{"start":{"line":12,"column":6},"end":{"line":16,"column":7}},"5":{"start":{"line":13,"column":8},"end":{"line":13,"column":41}},"6":{"start":{"line":15,"column":8},"end":{"line":15,"column":21}}},"fnMap":{"0":{"name":"(anonymous_0)","decl":{"start":{"line":4,"column":2},"end":{"line":4,"column":3}},"loc":{"start":{"line":4,"column":19},"end":{"line":8,"column":3}},"line":4},"1":{"name":"(anonymous_1)","decl":{"start":{"line":10,"column":2},"end":{"line":10,"column":3}},"loc":{"start":{"line":10,"column":26},"end":{"line":18,"column":3}},"line":10},"2":{"name":"(anonymous_2)","decl":{"start":{"line":11,"column":31},"end":{"line":11,"column":32}},"loc":{"start":{"line":11,"column":41},"end":{"line":17,"column":5}},"line":11}},"branchMap":{"0":{"loc":{"start":{"line":5,"column":4},"end":{"line":7,"column":5}},"type":"if","locations":[{"start":{"line":5,"column":4},"end":{"line":7,"column":5}},{"start":{},"end":{}}],"line":5},"1":{"loc":{"start":{"line":5,"column":8},"end":{"line":5,"column":59}},"type":"binary-expr","locations":[{"start":{"line":5,"column":8},"end":{"line":5,"column":14}},{"start":{"line":5,"column":18},"end":{"line":5,"column":59}}],"line":5}},"s":{"0":0,"1":0,"2":0,"3":0,"4":0,"5":0,"6":0},"f":{"0":0,"1":0,"2":0},"b":{"0":[0,0],"1":[0,0]}}
,"/Users/ryankrammes/Documents/GitHub/DIY_Recipes/js/action-renderer.js": {"path":"/Users/ryankrammes/Documents/GitHub/DIY_Recipes/js/action-renderer.js","statementMap":{"0":{"start":{"line":4,"column":23},"end":{"line":108,"column":1}},"1":{"start":{"line":7,"column":4},"end":{"line":7,"column":29}},"2":{"start":{"line":9,"column":4},"end":{"line":11,"column":5}},"3":{"start":{"line":10,"column":6},"end":{"line":10,"column":13}},"4":{"start":{"line":14,"column":20},"end":{"line":14,"column":58}},"5":{"start":{"line":17,"column":27},"end":{"line":17,"column":63}},"6":{"start":{"line":20,"column":4},"end":{"line":22,"column":5}},"7":{"start":{"line":21,"column":6},"end":{"line":21,"column":72}},"8":{"start":{"line":26,"column":20},"end":{"line":30,"column":5}},"9":{"start":{"line":31,"column":4},"end":{"line":38,"column":5}},"10":{"start":{"line":32,"column":6},"end":{"line":37,"column":7}},"11":{"start":{"line":33,"column":8},"end":{"line":33,"column":46}},"12":{"start":{"line":36,"column":8},"end":{"line":36,"column":39}},"13":{"start":{"line":39,"column":4},"end":{"line":39,"column":19}},"14":{"start":{"line":43,"column":4},"end":{"line":43,"column":37}},"15":{"start":{"line":43,"column":30},"end":{"line":43,"column":37}},"16":{"start":{"line":45,"column":27},"end":{"line":45,"column":56}},"17":{"start":{"line":46,"column":4},"end":{"line":46,"column":71}},"18":{"start":{"line":48,"column":4},"end":{"line":90,"column":5}},"19":{"start":{"line":49,"column":6},"end":{"line":89,"column":7}},"20":{"start":{"line":51,"column":27},"end":{"line":51,"column":56}},"21":{"start":{"line":52,"column":8},"end":{"line":52,"column":51}},"22":{"start":{"line":53,"column":8},"end":{"line":53,"column":58}},"23":{"start":{"line":56,"column":23},"end":{"line":56,"column":52}},"24":{"start":{"line":57,"column":8},"end":{"line":57,"column":43}},"25":{"start":{"line":58,"column":8},"end":{"line":61,"column":10}},"26":{"start":{"line":62,"column":8},"end":{"line":65,"column":10}},"27":{"start":{"line":63,"column":27},"end":{"line":63,"column":78}},"28":{"start":{"line":64,"column":10},"end":{"line":64,"column":80}},"29":{"start":{"line":68,"column":29},"end":{"line":68,"column":58}},"30":{"start":{"line":69,"column":8},"end":{"line":69,"column":47}},"31":{"start":{"line":72,"column":8},"end":{"line":78,"column":9}},"32":{"start":{"line":73,"column":28},"end":{"line":75,"column":54}},"33":{"start":{"line":76,"column":10},"end":{"line":76,"column":95}},"34":{"start":{"line":77,"column":10},"end":{"line":77,"column":46}},"35":{"start":{"line":80,"column":8},"end":{"line":80,"column":39}},"36":{"start":{"line":81,"column":8},"end":{"line":81,"column":45}},"37":{"start":{"line":82,"column":8},"end":{"line":82,"column":47}},"38":{"start":{"line":84,"column":23},"end":{"line":86,"column":49}},"39":{"start":{"line":87,"column":8},"end":{"line":87,"column":68}},"40":{"start":{"line":88,"column":8},"end":{"line":88,"column":43}},"41":{"start":{"line":92,"column":4},"end":{"line":92,"column":42}},"42":{"start":{"line":96,"column":19},"end":{"line":96,"column":51}},"43":{"start":{"line":97,"column":4},"end":{"line":97,"column":35}},"44":{"start":{"line":98,"column":4},"end":{"line":100,"column":5}},"45":{"start":{"line":99,"column":6},"end":{"line":99,"column":40}},"46":{"start":{"line":101,"column":4},"end":{"line":105,"column":6}},"47":{"start":{"line":102,"column":6},"end":{"line":104,"column":7}},"48":{"start":{"line":103,"column":8},"end":{"line":103,"column":29}},"49":{"start":{"line":106,"column":4},"end":{"line":106,"column":18}},"50":{"start":{"line":110,"column":0},"end":{"line":110,"column":39}}},"fnMap":{"0":{"name":"(anonymous_0)","decl":{"start":{"line":5,"column":2},"end":{"line":5,"column":3}},"loc":{"start":{"line":5,"column":26},"end":{"line":23,"column":3}},"line":5},"1":{"name":"(anonymous_1)","decl":{"start":{"line":25,"column":2},"end":{"line":25,"column":3}},"loc":{"start":{"line":25,"column":34},"end":{"line":40,"column":3}},"line":25},"2":{"name":"(anonymous_2)","decl":{"start":{"line":42,"column":2},"end":{"line":42,"column":3}},"loc":{"start":{"line":42,"column":56},"end":{"line":93,"column":3}},"line":42},"3":{"name":"(anonymous_3)","decl":{"start":{"line":62,"column":25},"end":{"line":62,"column":26}},"loc":{"start":{"line":62,"column":31},"end":{"line":65,"column":9}},"line":62},"4":{"name":"(anonymous_4)","decl":{"start":{"line":95,"column":2},"end":{"line":95,"column":3}},"loc":{"start":{"line":95,"column":35},"end":{"line":107,"column":3}},"line":95},"5":{"name":"(anonymous_5)","decl":{"start":{"line":101,"column":21},"end":{"line":101,"column":22}},"loc":{"start":{"line":101,"column":27},"end":{"line":105,"column":5}},"line":101}},"branchMap":{"0":{"loc":{"start":{"line":9,"column":4},"end":{"line":11,"column":5}},"type":"if","locations":[{"start":{"line":9,"column":4},"end":{"line":11,"column":5}},{"start":{},"end":{}}],"line":9},"1":{"loc":{"start":{"line":32,"column":6},"end":{"line":37,"column":7}},"type":"if","locations":[{"start":{"line":32,"column":6},"end":{"line":37,"column":7}},{"start":{"line":34,"column":13},"end":{"line":37,"column":7}}],"line":32},"2":{"loc":{"start":{"line":43,"column":4},"end":{"line":43,"column":37}},"type":"if","locations":[{"start":{"line":43,"column":4},"end":{"line":43,"column":37}},{"start":{},"end":{}}],"line":43},"3":{"loc":{"start":{"line":49,"column":6},"end":{"line":89,"column":7}},"type":"if","locations":[{"start":{"line":49,"column":6},"end":{"line":89,"column":7}},{"start":{"line":83,"column":13},"end":{"line":89,"column":7}}],"line":49},"4":{"loc":{"start":{"line":49,"column":10},"end":{"line":49,"column":95}},"type":"binary-expr","locations":[{"start":{"line":49,"column":10},"end":{"line":49,"column":27}},{"start":{"line":49,"column":31},"end":{"line":49,"column":63}},{"start":{"line":49,"column":67},"end":{"line":49,"column":95}}],"line":49},"5":{"loc":{"start":{"line":64,"column":51},"end":{"line":64,"column":78}},"type":"cond-expr","locations":[{"start":{"line":64,"column":62},"end":{"line":64,"column":69}},{"start":{"line":64,"column":72},"end":{"line":64,"column":78}}],"line":64},"6":{"loc":{"start":{"line":73,"column":28},"end":{"line":75,"column":54}},"type":"cond-expr","locations":[{"start":{"line":74,"column":14},"end":{"line":74,"column":67}},{"start":{"line":75,"column":14},"end":{"line":75,"column":54}}],"line":73},"7":{"loc":{"start":{"line":76,"column":61},"end":{"line":76,"column":91}},"type":"binary-expr","locations":[{"start":{"line":76,"column":61},"end":{"line":76,"column":79}},{"start":{"line":76,"column":83},"end":{"line":76,"column":91}}],"line":76},"8":{"loc":{"start":{"line":84,"column":23},"end":{"line":86,"column":49}},"type":"cond-expr","locations":[{"start":{"line":85,"column":12},"end":{"line":85,"column":62}},{"start":{"line":86,"column":12},"end":{"line":86,"column":49}}],"line":84},"9":{"loc":{"start":{"line":98,"column":4},"end":{"line":100,"column":5}},"type":"if","locations":[{"start":{"line":98,"column":4},"end":{"line":100,"column":5}},{"start":{},"end":{}}],"line":98},"10":{"loc":{"start":{"line":102,"column":6},"end":{"line":104,"column":7}},"type":"if","locations":[{"start":{"line":102,"column":6},"end":{"line":104,"column":7}},{"start":{},"end":{}}],"line":102}},"s":{"0":0,"1":0,"2":0,"3":0,"4":0,"5":0,"6":0,"7":0,"8":0,"9":0,"10":0,"11":0,"12":0,"13":0,"14":0,"15":0,"16":0,"17":0,"18":0,"19":0,"20":0,"21":0,"22":0,"23":0,"24":0,"25":0,"26":0,"27":0,"28":0,"29":0,"30":0,"31":0,"32":0,"33":0,"34":0,"35":0,"36":0,"37":0,"38":0,"39":0,"40":0,"41":0,"42":0,"43":0,"44":0,"45":0,"46":0,"47":0,"48":0,"49":0,"50":0},"f":{"0":0,"1":0,"2":0,"3":0,"4":0,"5":0},"b":{"0":[0,0],"1":[0,0],"2":[0,0],"3":[0,0],"4":[0,0,0],"5":[0,0],"6":[0,0],"7":[0,0],"8":[0,0],"9":[0,0],"10":[0,0]}}
,"/Users/ryankrammes/Documents/GitHub/DIY_Recipes/js/api.js": {"path":"/Users/ryankrammes/Documents/GitHub/DIY_Recipes/js/api.js","statementMap":{"0":{"start":{"line":17,"column":2},"end":{"line":36,"column":3}},"1":{"start":{"line":18,"column":37},"end":{"line":20,"column":18}},"2":{"start":{"line":21,"column":4},"end":{"line":24,"column":5}},"3":{"start":{"line":22,"column":6},"end":{"line":22,"column":62}},"4":{"start":{"line":23,"column":6},"end":{"line":23,"column":66}},"5":{"start":{"line":25,"column":4},"end":{"line":25,"column":45}},"6":{"start":{"line":26,"column":4},"end":{"line":26,"column":60}},"7":{"start":{"line":27,"column":4},"end":{"line":27,"column":88}},"8":{"start":{"line":29,"column":26},"end":{"line":29,"column":100}},"9":{"start":{"line":29,"column":73},"end":{"line":29,"column":88}},"10":{"start":{"line":30,"column":4},"end":{"line":30,"column":68}},"11":{"start":{"line":31,"column":4},"end":{"line":31,"column":25}},"12":{"start":{"line":33,"column":4},"end":{"line":33,"column":61}},"13":{"start":{"line":35,"column":4},"end":{"line":35,"column":64}},"14":{"start":{"line":46,"column":2},"end":{"line":62,"column":3}},"15":{"start":{"line":47,"column":28},"end":{"line":51,"column":18}},"16":{"start":{"line":52,"column":4},"end":{"line":55,"column":5}},"17":{"start":{"line":53,"column":6},"end":{"line":53,"column":66}},"18":{"start":{"line":54,"column":6},"end":{"line":54,"column":70}},"19":{"start":{"line":56,"column":4},"end":{"line":56,"column":46}},"20":{"start":{"line":57,"column":4},"end":{"line":57,"column":156}},"21":{"start":{"line":57,"column":122},"end":{"line":57,"column":152}},"22":{"start":{"line":58,"column":4},"end":{"line":58,"column":22}},"23":{"start":{"line":60,"column":4},"end":{"line":60,"column":68}},"24":{"start":{"line":61,"column":4},"end":{"line":61,"column":68}},"25":{"start":{"line":75,"column":2},"end":{"line":99,"column":3}},"26":{"start":{"line":76,"column":4},"end":{"line":76,"column":71}},"27":{"start":{"line":78,"column":23},"end":{"line":83,"column":5}},"28":{"start":{"line":84,"column":28},"end":{"line":87,"column":15}},"29":{"start":{"line":89,"column":4},"end":{"line":92,"column":5}},"30":{"start":{"line":90,"column":6},"end":{"line":90,"column":66}},"31":{"start":{"line":91,"column":6},"end":{"line":91,"column":67}},"32":{"start":{"line":94,"column":4},"end":{"line":94,"column":52}},"33":{"start":{"line":96,"column":4},"end":{"line":96,"column":65}},"34":{"start":{"line":98,"column":4},"end":{"line":98,"column":69}},"35":{"start":{"line":113,"column":2},"end":{"line":126,"column":3}},"36":{"start":{"line":114,"column":28},"end":{"line":117,"column":15}},"37":{"start":{"line":118,"column":4},"end":{"line":121,"column":5}},"38":{"start":{"line":119,"column":6},"end":{"line":119,"column":71}},"39":{"start":{"line":120,"column":6},"end":{"line":120,"column":75}},"40":{"start":{"line":122,"column":4},"end":{"line":122,"column":52}},"41":{"start":{"line":124,"column":4},"end":{"line":124,"column":69}},"42":{"start":{"line":125,"column":4},"end":{"line":125,"column":73}},"43":{"start":{"line":139,"column":2},"end":{"line":152,"column":3}},"44":{"start":{"line":140,"column":22},"end":{"line":143,"column":29}},"45":{"start":{"line":144,"column":4},"end":{"line":147,"column":5}},"46":{"start":{"line":145,"column":6},"end":{"line":145,"column":73}},"47":{"start":{"line":146,"column":6},"end":{"line":146,"column":78}},"48":{"start":{"line":148,"column":4},"end":{"line":148,"column":16}},"49":{"start":{"line":150,"column":4},"end":{"line":150,"column":72}},"50":{"start":{"line":151,"column":4},"end":{"line":151,"column":76}},"51":{"start":{"line":165,"column":2},"end":{"line":165,"column":61}},"52":{"start":{"line":166,"column":2},"end":{"line":166,"column":73}},"53":{"start":{"line":168,"column":2},"end":{"line":171,"column":3}},"54":{"start":{"line":169,"column":4},"end":{"line":169,"column":73}},"55":{"start":{"line":170,"column":4},"end":{"line":170,"column":17}},"56":{"start":{"line":173,"column":2},"end":{"line":176,"column":3}},"57":{"start":{"line":174,"column":4},"end":{"line":174,"column":89}},"58":{"start":{"line":175,"column":4},"end":{"line":175,"column":17}},"59":{"start":{"line":178,"column":2},"end":{"line":240,"column":3}},"60":{"start":{"line":180,"column":4},"end":{"line":180,"column":80}},"61":{"start":{"line":181,"column":35},"end":{"line":184,"column":32}},"62":{"start":{"line":186,"column":4},"end":{"line":189,"column":5}},"63":{"start":{"line":187,"column":6},"end":{"line":187,"column":77}},"64":{"start":{"line":188,"column":6},"end":{"line":188,"column":82}},"65":{"start":{"line":190,"column":4},"end":{"line":190,"column":79}},"66":{"start":{"line":193,"column":4},"end":{"line":233,"column":5}},"67":{"start":{"line":194,"column":6},"end":{"line":194,"column":106}},"68":{"start":{"line":197,"column":31},"end":{"line":203,"column":8}},"69":{"start":{"line":198,"column":8},"end":{"line":201,"column":9}},"70":{"start":{"line":199,"column":10},"end":{"line":199,"column":70}},"71":{"start":{"line":200,"column":10},"end":{"line":200,"column":23}},"72":{"start":{"line":202,"column":8},"end":{"line":202,"column":20}},"73":{"start":{"line":205,"column":6},"end":{"line":205,"column":109}},"74":{"start":{"line":207,"column":34},"end":{"line":217,"column":8}},"75":{"start":{"line":208,"column":33},"end":{"line":214,"column":9}},"76":{"start":{"line":215,"column":8},"end":{"line":215,"column":74}},"77":{"start":{"line":216,"column":8},"end":{"line":216,"column":32}},"78":{"start":{"line":219,"column":6},"end":{"line":219,"column":117}},"79":{"start":{"line":220,"column":55},"end":{"line":223,"column":17}},"80":{"start":{"line":225,"column":6},"end":{"line":228,"column":7}},"81":{"start":{"line":226,"column":8},"end":{"line":226,"column":80}},"82":{"start":{"line":227,"column":8},"end":{"line":227,"column":84}},"83":{"start":{"line":229,"column":6},"end":{"line":229,"column":112}},"84":{"start":{"line":230,"column":6},"end":{"line":230,"column":55}},"85":{"start":{"line":232,"column":6},"end":{"line":232,"column":74}},"86":{"start":{"line":235,"column":4},"end":{"line":235,"column":16}},"87":{"start":{"line":237,"column":4},"end":{"line":237,"column":89}},"88":{"start":{"line":239,"column":4},"end":{"line":239,"column":93}},"89":{"start":{"line":251,"column":15},"end":{"line":251,"column":24}},"90":{"start":{"line":252,"column":2},"end":{"line":252,"column":33}},"91":{"start":{"line":252,"column":23},"end":{"line":252,"column":33}},"92":{"start":{"line":253,"column":17},"end":{"line":253,"column":49}},"93":{"start":{"line":253,"column":38},"end":{"line":253,"column":48}},"94":{"start":{"line":254,"column":20},"end":{"line":254,"column":42}},"95":{"start":{"line":255,"column":27},"end":{"line":255,"column":56}},"96":{"start":{"line":256,"column":2},"end":{"line":258,"column":3}},"97":{"start":{"line":257,"column":4},"end":{"line":257,"column":99}},"98":{"start":{"line":259,"column":22},"end":{"line":259,"column":24}},"99":{"start":{"line":260,"column":2},"end":{"line":268,"column":3}},"100":{"start":{"line":260,"column":15},"end":{"line":260,"column":16}},"101":{"start":{"line":261,"column":16},"end":{"line":261,"column":23}},"102":{"start":{"line":262,"column":4},"end":{"line":262,"column":35}},"103":{"start":{"line":262,"column":26},"end":{"line":262,"column":35}},"104":{"start":{"line":263,"column":19},"end":{"line":266,"column":5}},"105":{"start":{"line":267,"column":4},"end":{"line":267,"column":29}},"106":{"start":{"line":269,"column":2},"end":{"line":269,"column":21}},"107":{"start":{"line":278,"column":28},"end":{"line":278,"column":51}},"108":{"start":{"line":279,"column":2},"end":{"line":308,"column":5}},"109":{"start":{"line":280,"column":4},"end":{"line":307,"column":7}},"110":{"start":{"line":282,"column":8},"end":{"line":304,"column":9}},"111":{"start":{"line":283,"column":26},"end":{"line":283,"column":47}},"112":{"start":{"line":284,"column":10},"end":{"line":300,"column":11}},"113":{"start":{"line":285,"column":36},"end":{"line":293,"column":23}},"114":{"start":{"line":294,"column":12},"end":{"line":299,"column":13}},"115":{"start":{"line":295,"column":14},"end":{"line":295,"column":79}},"116":{"start":{"line":297,"column":14},"end":{"line":297,"column":94}},"117":{"start":{"line":298,"column":14},"end":{"line":298,"column":21}},"118":{"start":{"line":301,"column":10},"end":{"line":301,"column":24}},"119":{"start":{"line":303,"column":10},"end":{"line":303,"column":24}},"120":{"start":{"line":324,"column":2},"end":{"line":331,"column":4}},"121":{"start":{"line":337,"column":2},"end":{"line":337,"column":23}},"122":{"start":{"line":346,"column":2},"end":{"line":350,"column":4}},"123":{"start":{"line":355,"column":2},"end":{"line":355,"column":45}},"124":{"start":{"line":356,"column":2},"end":{"line":356,"column":24}},"125":{"start":{"line":365,"column":2},"end":{"line":365,"column":51}},"126":{"start":{"line":367,"column":2},"end":{"line":367,"column":14}},"127":{"start":{"line":372,"column":2},"end":{"line":372,"column":62}},"128":{"start":{"line":374,"column":2},"end":{"line":374,"column":12}},"129":{"start":{"line":379,"column":2},"end":{"line":379,"column":80}},"130":{"start":{"line":381,"column":2},"end":{"line":381,"column":14}},"131":{"start":{"line":386,"column":2},"end":{"line":386,"column":65}},"132":{"start":{"line":388,"column":2},"end":{"line":388,"column":12}},"133":{"start":{"line":393,"column":2},"end":{"line":393,"column":72}},"134":{"start":{"line":395,"column":2},"end":{"line":395,"column":33}},"135":{"start":{"line":404,"column":21},"end":{"line":404,"column":69}},"136":{"start":{"line":405,"column":13},"end":{"line":405,"column":43}},"137":{"start":{"line":406,"column":2},"end":{"line":406,"column":28}},"138":{"start":{"line":411,"column":2},"end":{"line":415,"column":12}},"139":{"start":{"line":411,"column":43},"end":{"line":415,"column":3}},"140":{"start":{"line":420,"column":2},"end":{"line":420,"column":30}},"141":{"start":{"line":425,"column":2},"end":{"line":425,"column":48}}},"fnMap":{"0":{"name":"loadRecipes","decl":{"start":{"line":16,"column":22},"end":{"line":16,"column":33}},"loc":{"start":{"line":16,"column":36},"end":{"line":37,"column":1}},"line":16},"1":{"name":"(anonymous_1)","decl":{"start":{"line":29,"column":65},"end":{"line":29,"column":66}},"loc":{"start":{"line":29,"column":73},"end":{"line":29,"column":88}},"line":29},"2":{"name":"loadAllIngredients","decl":{"start":{"line":45,"column":22},"end":{"line":45,"column":40}},"loc":{"start":{"line":45,"column":43},"end":{"line":63,"column":1}},"line":45},"3":{"name":"(anonymous_3)","decl":{"start":{"line":57,"column":114},"end":{"line":57,"column":115}},"loc":{"start":{"line":57,"column":122},"end":{"line":57,"column":152}},"line":57},"4":{"name":"createNewRecipe","decl":{"start":{"line":74,"column":22},"end":{"line":74,"column":37}},"loc":{"start":{"line":74,"column":50},"end":{"line":100,"column":1}},"line":74},"5":{"name":"addGlobalIngredient","decl":{"start":{"line":112,"column":22},"end":{"line":112,"column":41}},"loc":{"start":{"line":112,"column":81},"end":{"line":127,"column":1}},"line":112},"6":{"name":"removeGlobalIngredient","decl":{"start":{"line":138,"column":22},"end":{"line":138,"column":44}},"loc":{"start":{"line":138,"column":59},"end":{"line":153,"column":1}},"line":138},"7":{"name":"updateRecipeIngredients","decl":{"start":{"line":164,"column":22},"end":{"line":164,"column":45}},"loc":{"start":{"line":164,"column":69},"end":{"line":241,"column":1}},"line":164},"8":{"name":"(anonymous_8)","decl":{"start":{"line":197,"column":50},"end":{"line":197,"column":51}},"loc":{"start":{"line":197,"column":57},"end":{"line":203,"column":7}},"line":197},"9":{"name":"(anonymous_9)","decl":{"start":{"line":207,"column":55},"end":{"line":207,"column":56}},"loc":{"start":{"line":207,"column":62},"end":{"line":217,"column":7}},"line":207},"10":{"name":"parseCSVData","decl":{"start":{"line":250,"column":16},"end":{"line":250,"column":28}},"loc":{"start":{"line":250,"column":35},"end":{"line":270,"column":1}},"line":250},"11":{"name":"(anonymous_11)","decl":{"start":{"line":253,"column":29},"end":{"line":253,"column":30}},"loc":{"start":{"line":253,"column":38},"end":{"line":253,"column":48}},"line":253},"12":{"name":"importCSVFile","decl":{"start":{"line":277,"column":22},"end":{"line":277,"column":35}},"loc":{"start":{"line":277,"column":42},"end":{"line":309,"column":1}},"line":277},"13":{"name":"(anonymous_13)","decl":{"start":{"line":279,"column":21},"end":{"line":279,"column":22}},"loc":{"start":{"line":279,"column":42},"end":{"line":308,"column":3}},"line":279},"14":{"name":"(anonymous_14)","decl":{"start":{"line":281,"column":16},"end":{"line":281,"column":17}},"loc":{"start":{"line":281,"column":41},"end":{"line":305,"column":7}},"line":281},"15":{"name":"createBatchRecord","decl":{"start":{"line":316,"column":16},"end":{"line":316,"column":33}},"loc":{"start":{"line":323,"column":3},"end":{"line":332,"column":1}},"line":323},"16":{"name":"createSubstitutionMap","decl":{"start":{"line":335,"column":16},"end":{"line":335,"column":37}},"loc":{"start":{"line":335,"column":58},"end":{"line":338,"column":1}},"line":335},"17":{"name":"createCostStructure","decl":{"start":{"line":341,"column":16},"end":{"line":341,"column":35}},"loc":{"start":{"line":345,"column":3},"end":{"line":351,"column":1}},"line":345},"18":{"name":"incrementRecipeVersion","decl":{"start":{"line":354,"column":16},"end":{"line":354,"column":38}},"loc":{"start":{"line":354,"column":47},"end":{"line":357,"column":1}},"line":354},"19":{"name":"saveBatchRecord","decl":{"start":{"line":364,"column":22},"end":{"line":364,"column":37}},"loc":{"start":{"line":364,"column":51},"end":{"line":368,"column":1}},"line":364},"20":{"name":"fetchBatchRecords","decl":{"start":{"line":371,"column":22},"end":{"line":371,"column":39}},"loc":{"start":{"line":371,"column":50},"end":{"line":375,"column":1}},"line":371},"21":{"name":"saveSubstitutionMap","decl":{"start":{"line":378,"column":22},"end":{"line":378,"column":41}},"loc":{"start":{"line":378,"column":69},"end":{"line":382,"column":1}},"line":378},"22":{"name":"fetchSubstitutionMap","decl":{"start":{"line":385,"column":22},"end":{"line":385,"column":42}},"loc":{"start":{"line":385,"column":53},"end":{"line":389,"column":1}},"line":385},"23":{"name":"calculateRecipeCost","decl":{"start":{"line":392,"column":16},"end":{"line":392,"column":35}},"loc":{"start":{"line":392,"column":62},"end":{"line":396,"column":1}},"line":392},"24":{"name":"analyzeIngredients","decl":{"start":{"line":403,"column":16},"end":{"line":403,"column":34}},"loc":{"start":{"line":403,"column":43},"end":{"line":407,"column":1}},"line":403},"25":{"name":"getRecipeTimeline","decl":{"start":{"line":410,"column":16},"end":{"line":410,"column":33}},"loc":{"start":{"line":410,"column":42},"end":{"line":416,"column":1}},"line":410},"26":{"name":"(anonymous_26)","decl":{"start":{"line":411,"column":27},"end":{"line":411,"column":28}},"loc":{"start":{"line":411,"column":43},"end":{"line":415,"column":3}},"line":411},"27":{"name":"getBatchHistory","decl":{"start":{"line":419,"column":16},"end":{"line":419,"column":31}},"loc":{"start":{"line":419,"column":40},"end":{"line":421,"column":1}},"line":419},"28":{"name":"estimateShelfLife","decl":{"start":{"line":424,"column":16},"end":{"line":424,"column":33}},"loc":{"start":{"line":424,"column":42},"end":{"line":426,"column":1}},"line":424}},"branchMap":{"0":{"loc":{"start":{"line":21,"column":4},"end":{"line":24,"column":5}},"type":"if","locations":[{"start":{"line":21,"column":4},"end":{"line":24,"column":5}},{"start":{},"end":{}}],"line":21},"1":{"loc":{"start":{"line":29,"column":46},"end":{"line":29,"column":59}},"type":"binary-expr","locations":[{"start":{"line":29,"column":46},"end":{"line":29,"column":53}},{"start":{"line":29,"column":57},"end":{"line":29,"column":59}}],"line":29},"2":{"loc":{"start":{"line":52,"column":4},"end":{"line":55,"column":5}},"type":"if","locations":[{"start":{"line":52,"column":4},"end":{"line":55,"column":5}},{"start":{},"end":{}}],"line":52},"3":{"loc":{"start":{"line":57,"column":47},"end":{"line":57,"column":64}},"type":"binary-expr","locations":[{"start":{"line":57,"column":47},"end":{"line":57,"column":59}},{"start":{"line":57,"column":63},"end":{"line":57,"column":64}}],"line":57},"4":{"loc":{"start":{"line":58,"column":11},"end":{"line":58,"column":21}},"type":"binary-expr","locations":[{"start":{"line":58,"column":11},"end":{"line":58,"column":15}},{"start":{"line":58,"column":19},"end":{"line":58,"column":21}}],"line":58},"5":{"loc":{"start":{"line":89,"column":4},"end":{"line":92,"column":5}},"type":"if","locations":[{"start":{"line":89,"column":4},"end":{"line":92,"column":5}},{"start":{},"end":{}}],"line":89},"6":{"loc":{"start":{"line":94,"column":11},"end":{"line":94,"column":51}},"type":"cond-expr","locations":[{"start":{"line":94,"column":37},"end":{"line":94,"column":44}},{"start":{"line":94,"column":47},"end":{"line":94,"column":51}}],"line":94},"7":{"loc":{"start":{"line":94,"column":11},"end":{"line":94,"column":34}},"type":"binary-expr","locations":[{"start":{"line":94,"column":11},"end":{"line":94,"column":15}},{"start":{"line":94,"column":19},"end":{"line":94,"column":34}}],"line":94},"8":{"loc":{"start":{"line":112,"column":61},"end":{"line":112,"column":79}},"type":"default-arg","locations":[{"start":{"line":112,"column":75},"end":{"line":112,"column":79}}],"line":112},"9":{"loc":{"start":{"line":118,"column":4},"end":{"line":121,"column":5}},"type":"if","locations":[{"start":{"line":118,"column":4},"end":{"line":121,"column":5}},{"start":{},"end":{}}],"line":118},"10":{"loc":{"start":{"line":122,"column":11},"end":{"line":122,"column":51}},"type":"cond-expr","locations":[{"start":{"line":122,"column":37},"end":{"line":122,"column":44}},{"start":{"line":122,"column":47},"end":{"line":122,"column":51}}],"line":122},"11":{"loc":{"start":{"line":122,"column":11},"end":{"line":122,"column":34}},"type":"binary-expr","locations":[{"start":{"line":122,"column":11},"end":{"line":122,"column":15}},{"start":{"line":122,"column":19},"end":{"line":122,"column":34}}],"line":122},"12":{"loc":{"start":{"line":144,"column":4},"end":{"line":147,"column":5}},"type":"if","locations":[{"start":{"line":144,"column":4},"end":{"line":147,"column":5}},{"start":{},"end":{}}],"line":144},"13":{"loc":{"start":{"line":168,"column":2},"end":{"line":171,"column":3}},"type":"if","locations":[{"start":{"line":168,"column":2},"end":{"line":171,"column":3}},{"start":{},"end":{}}],"line":168},"14":{"loc":{"start":{"line":173,"column":2},"end":{"line":176,"column":3}},"type":"if","locations":[{"start":{"line":173,"column":2},"end":{"line":176,"column":3}},{"start":{},"end":{}}],"line":173},"15":{"loc":{"start":{"line":173,"column":6},"end":{"line":173,"column":49}},"type":"binary-expr","locations":[{"start":{"line":173,"column":6},"end":{"line":173,"column":18}},{"start":{"line":173,"column":22},"end":{"line":173,"column":49}}],"line":173},"16":{"loc":{"start":{"line":186,"column":4},"end":{"line":189,"column":5}},"type":"if","locations":[{"start":{"line":186,"column":4},"end":{"line":189,"column":5}},{"start":{},"end":{}}],"line":186},"17":{"loc":{"start":{"line":193,"column":4},"end":{"line":233,"column":5}},"type":"if","locations":[{"start":{"line":193,"column":4},"end":{"line":233,"column":5}},{"start":{"line":231,"column":11},"end":{"line":233,"column":5}}],"line":193},"18":{"loc":{"start":{"line":193,"column":8},"end":{"line":193,"column":45}},"type":"binary-expr","locations":[{"start":{"line":193,"column":8},"end":{"line":193,"column":19}},{"start":{"line":193,"column":23},"end":{"line":193,"column":45}}],"line":193},"19":{"loc":{"start":{"line":198,"column":8},"end":{"line":201,"column":9}},"type":"if","locations":[{"start":{"line":198,"column":8},"end":{"line":201,"column":9}},{"start":{},"end":{}}],"line":198},"20":{"loc":{"start":{"line":225,"column":6},"end":{"line":228,"column":7}},"type":"if","locations":[{"start":{"line":225,"column":6},"end":{"line":228,"column":7}},{"start":{},"end":{}}],"line":225},"21":{"loc":{"start":{"line":252,"column":2},"end":{"line":252,"column":33}},"type":"if","locations":[{"start":{"line":252,"column":2},"end":{"line":252,"column":33}},{"start":{},"end":{}}],"line":252},"22":{"loc":{"start":{"line":256,"column":2},"end":{"line":258,"column":3}},"type":"if","locations":[{"start":{"line":256,"column":2},"end":{"line":258,"column":3}},{"start":{},"end":{}}],"line":256},"23":{"loc":{"start":{"line":256,"column":6},"end":{"line":256,"column":49}},"type":"binary-expr","locations":[{"start":{"line":256,"column":6},"end":{"line":256,"column":22}},{"start":{"line":256,"column":26},"end":{"line":256,"column":49}}],"line":256},"24":{"loc":{"start":{"line":262,"column":4},"end":{"line":262,"column":35}},"type":"if","locations":[{"start":{"line":262,"column":4},"end":{"line":262,"column":35}},{"start":{},"end":{}}],"line":262},"25":{"loc":{"start":{"line":265,"column":30},"end":{"line":265,"column":59}},"type":"binary-expr","locations":[{"start":{"line":265,"column":30},"end":{"line":265,"column":51}},{"start":{"line":265,"column":55},"end":{"line":265,"column":59}}],"line":265},"26":{"loc":{"start":{"line":294,"column":12},"end":{"line":299,"column":13}},"type":"if","locations":[{"start":{"line":294,"column":12},"end":{"line":299,"column":13}},{"start":{},"end":{}}],"line":294},"27":{"loc":{"start":{"line":319,"column":2},"end":{"line":319,"column":38}},"type":"default-arg","locations":[{"start":{"line":319,"column":14},"end":{"line":319,"column":38}}],"line":319},"28":{"loc":{"start":{"line":321,"column":2},"end":{"line":321,"column":12}},"type":"default-arg","locations":[{"start":{"line":321,"column":10},"end":{"line":321,"column":12}}],"line":321},"29":{"loc":{"start":{"line":322,"column":2},"end":{"line":322,"column":14}},"type":"default-arg","locations":[{"start":{"line":322,"column":12},"end":{"line":322,"column":14}}],"line":322},"30":{"loc":{"start":{"line":335,"column":38},"end":{"line":335,"column":56}},"type":"default-arg","locations":[{"start":{"line":335,"column":54},"end":{"line":335,"column":56}}],"line":335},"31":{"loc":{"start":{"line":342,"column":2},"end":{"line":342,"column":22}},"type":"default-arg","locations":[{"start":{"line":342,"column":20},"end":{"line":342,"column":22}}],"line":342},"32":{"loc":{"start":{"line":343,"column":2},"end":{"line":343,"column":15}},"type":"default-arg","locations":[{"start":{"line":343,"column":14},"end":{"line":343,"column":15}}],"line":343},"33":{"loc":{"start":{"line":344,"column":2},"end":{"line":344,"column":16}},"type":"default-arg","locations":[{"start":{"line":344,"column":14},"end":{"line":344,"column":16}}],"line":344},"34":{"loc":{"start":{"line":355,"column":20},"end":{"line":355,"column":39}},"type":"binary-expr","locations":[{"start":{"line":355,"column":20},"end":{"line":355,"column":34}},{"start":{"line":355,"column":38},"end":{"line":355,"column":39}}],"line":355},"35":{"loc":{"start":{"line":411,"column":9},"end":{"line":415,"column":11}},"type":"binary-expr","locations":[{"start":{"line":411,"column":9},"end":{"line":415,"column":5}},{"start":{"line":415,"column":9},"end":{"line":415,"column":11}}],"line":411},"36":{"loc":{"start":{"line":414,"column":14},"end":{"line":414,"column":35}},"type":"binary-expr","locations":[{"start":{"line":414,"column":14},"end":{"line":414,"column":27}},{"start":{"line":414,"column":31},"end":{"line":414,"column":35}}],"line":414},"37":{"loc":{"start":{"line":420,"column":9},"end":{"line":420,"column":29}},"type":"binary-expr","locations":[{"start":{"line":420,"column":9},"end":{"line":420,"column":23}},{"start":{"line":420,"column":27},"end":{"line":420,"column":29}}],"line":420}},"s":{"0":0,"1":0,"2":0,"3":0,"4":0,"5":0,"6":0,"7":0,"8":0,"9":0,"10":0,"11":0,"12":0,"13":0,"14":0,"15":0,"16":0,"17":0,"18":0,"19":0,"20":0,"21":0,"22":0,"23":0,"24":0,"25":0,"26":0,"27":0,"28":0,"29":0,"30":0,"31":0,"32":0,"33":0,"34":0,"35":0,"36":0,"37":0,"38":0,"39":0,"40":0,"41":0,"42":0,"43":0,"44":0,"45":0,"46":0,"47":0,"48":0,"49":0,"50":0,"51":0,"52":0,"53":0,"54":0,"55":0,"56":0,"57":0,"58":0,"59":0,"60":0,"61":0,"62":0,"63":0,"64":0,"65":0,"66":0,"67":0,"68":0,"69":0,"70":0,"71":0,"72":0,"73":0,"74":0,"75":0,"76":0,"77":0,"78":0,"79":0,"80":0,"81":0,"82":0,"83":0,"84":0,"85":0,"86":0,"87":0,"88":0,"89":0,"90":0,"91":0,"92":0,"93":0,"94":0,"95":0,"96":0,"97":0,"98":0,"99":0,"100":0,"101":0,"102":0,"103":0,"104":0,"105":0,"106":0,"107":0,"108":0,"109":0,"110":0,"111":0,"112":0,"113":0,"114":0,"115":0,"116":0,"117":0,"118":0,"119":0,"120":0,"121":0,"122":0,"123":0,"124":0,"125":0,"126":0,"127":0,"128":0,"129":0,"130":0,"131":0,"132":0,"133":0,"134":0,"135":0,"136":0,"137":0,"138":0,"139":0,"140":0,"141":0},"f":{"0":0,"1":0,"2":0,"3":0,"4":0,"5":0,"6":0,"7":0,"8":0,"9":0,"10":0,"11":0,"12":0,"13":0,"14":0,"15":0,"16":0,"17":0,"18":0,"19":0,"20":0,"21":0,"22":0,"23":0,"24":0,"25":0,"26":0,"27":0,"28":0},"b":{"0":[0,0],"1":[0,0],"2":[0,0],"3":[0,0],"4":[0,0],"5":[0,0],"6":[0,0],"7":[0,0],"8":[0],"9":[0,0],"10":[0,0],"11":[0,0],"12":[0,0],"13":[0,0],"14":[0,0],"15":[0,0],"16":[0,0],"17":[0,0],"18":[0,0],"19":[0,0],"20":[0,0],"21":[0,0],"22":[0,0],"23":[0,0],"24":[0,0],"25":[0,0],"26":[0,0],"27":[0],"28":[0],"29":[0],"30":[0],"31":[0],"32":[0],"33":[0],"34":[0,0],"35":[0,0],"36":[0,0],"37":[0,0]}}
,"/Users/ryankrammes/Documents/GitHub/DIY_Recipes/js/app-init.js": {"path":"/Users/ryankrammes/Documents/GitHub/DIY_Recipes/js/app-init.js","statementMap":{"0":{"start":{"line":11,"column":0},"end":{"line":11,"column":26}},"1":{"start":{"line":12,"column":0},"end":{"line":12,"column":25}},"2":{"start":{"line":13,"column":0},"end":{"line":13,"column":28}},"3":{"start":{"line":19,"column":2},"end":{"line":19,"column":48}},"4":{"start":{"line":21,"column":2},"end":{"line":21,"column":15}},"5":{"start":{"line":22,"column":2},"end":{"line":22,"column":21}},"6":{"start":{"line":23,"column":2},"end":{"line":23,"column":27}},"7":{"start":{"line":24,"column":2},"end":{"line":24,"column":20}},"8":{"start":{"line":26,"column":2},"end":{"line":26,"column":21}},"9":{"start":{"line":28,"column":2},"end":{"line":28,"column":21}},"10":{"start":{"line":29,"column":2},"end":{"line":29,"column":22}},"11":{"start":{"line":36,"column":2},"end":{"line":49,"column":3}},"12":{"start":{"line":37,"column":35},"end":{"line":40,"column":6}},"13":{"start":{"line":42,"column":4},"end":{"line":42,"column":40}},"14":{"start":{"line":43,"column":4},"end":{"line":43,"column":46}},"15":{"start":{"line":45,"column":4},"end":{"line":45,"column":39}},"16":{"start":{"line":46,"column":4},"end":{"line":46,"column":51}},"17":{"start":{"line":48,"column":4},"end":{"line":48,"column":48}}},"fnMap":{"0":{"name":"initUI","decl":{"start":{"line":18,"column":22},"end":{"line":18,"column":28}},"loc":{"start":{"line":18,"column":31},"end":{"line":30,"column":1}},"line":18},"1":{"name":"reloadData","decl":{"start":{"line":35,"column":22},"end":{"line":35,"column":32}},"loc":{"start":{"line":35,"column":35},"end":{"line":50,"column":1}},"line":35}},"branchMap":{"0":{"loc":{"start":{"line":42,"column":26},"end":{"line":42,"column":39}},"type":"binary-expr","locations":[{"start":{"line":42,"column":26},"end":{"line":42,"column":33}},{"start":{"line":42,"column":37},"end":{"line":42,"column":39}}],"line":42},"1":{"loc":{"start":{"line":43,"column":28},"end":{"line":43,"column":45}},"type":"binary-expr","locations":[{"start":{"line":43,"column":28},"end":{"line":43,"column":39}},{"start":{"line":43,"column":43},"end":{"line":43,"column":45}}],"line":43}},"s":{"0":0,"1":0,"2":0,"3":0,"4":0,"5":0,"6":0,"7":0,"8":0,"9":0,"10":0,"11":0,"12":0,"13":0,"14":0,"15":0,"16":0,"17":0},"f":{"0":0,"1":0},"b":{"0":[0,0],"1":[0,0]}}
,"/Users/ryankrammes/Documents/GitHub/DIY_Recipes/js/auth-ui.js": {"path":"/Users/ryankrammes/Documents/GitHub/DIY_Recipes/js/auth-ui.js","statementMap":{"0":{"start":{"line":8,"column":19},"end":{"line":8,"column":54}},"1":{"start":{"line":9,"column":2},"end":{"line":11,"column":3}},"2":{"start":{"line":10,"column":4},"end":{"line":10,"column":68}},"3":{"start":{"line":19,"column":27},"end":{"line":19,"column":70}},"4":{"start":{"line":20,"column":2},"end":{"line":20,"column":61}},"5":{"start":{"line":28,"column":19},"end":{"line":28,"column":63}},"6":{"start":{"line":29,"column":23},"end":{"line":29,"column":62}},"7":{"start":{"line":30,"column":2},"end":{"line":32,"column":5}},"8":{"start":{"line":31,"column":4},"end":{"line":31,"column":46}},"9":{"start":{"line":39,"column":2},"end":{"line":78,"column":5}},"10":{"start":{"line":40,"column":26},"end":{"line":40,"column":66}},"11":{"start":{"line":41,"column":31},"end":{"line":41,"column":48}},"12":{"start":{"line":43,"column":4},"end":{"line":48,"column":5}},"13":{"start":{"line":44,"column":6},"end":{"line":44,"column":31}},"14":{"start":{"line":45,"column":6},"end":{"line":45,"column":62}},"15":{"start":{"line":45,"column":25},"end":{"line":45,"column":62}},"16":{"start":{"line":46,"column":11},"end":{"line":48,"column":5}},"17":{"start":{"line":47,"column":6},"end":{"line":47,"column":32}},"18":{"start":{"line":49,"column":4},"end":{"line":53,"column":5}},"19":{"start":{"line":50,"column":6},"end":{"line":50,"column":36}},"20":{"start":{"line":51,"column":6},"end":{"line":51,"column":25}},"21":{"start":{"line":52,"column":6},"end":{"line":52,"column":26}},"22":{"start":{"line":55,"column":33},"end":{"line":55,"column":73}},"23":{"start":{"line":57,"column":4},"end":{"line":57,"column":23}},"24":{"start":{"line":58,"column":4},"end":{"line":58,"column":24}},"25":{"start":{"line":60,"column":4},"end":{"line":77,"column":5}},"26":{"start":{"line":61,"column":32},"end":{"line":61,"column":76}},"27":{"start":{"line":62,"column":6},"end":{"line":62,"column":70}},"28":{"start":{"line":62,"column":29},"end":{"line":62,"column":70}},"29":{"start":{"line":63,"column":35},"end":{"line":63,"column":82}},"30":{"start":{"line":64,"column":6},"end":{"line":64,"column":77}},"31":{"start":{"line":64,"column":32},"end":{"line":64,"column":77}},"32":{"start":{"line":65,"column":34},"end":{"line":65,"column":80}},"33":{"start":{"line":66,"column":6},"end":{"line":66,"column":74}},"34":{"start":{"line":66,"column":31},"end":{"line":66,"column":74}},"35":{"start":{"line":68,"column":26},"end":{"line":68,"column":65}},"36":{"start":{"line":69,"column":6},"end":{"line":71,"column":7}},"37":{"start":{"line":70,"column":8},"end":{"line":70,"column":56}},"38":{"start":{"line":73,"column":25},"end":{"line":73,"column":62}},"39":{"start":{"line":74,"column":6},"end":{"line":76,"column":7}},"40":{"start":{"line":75,"column":8},"end":{"line":75,"column":108}},"41":{"start":{"line":75,"column":75},"end":{"line":75,"column":106}},"42":{"start":{"line":80,"column":19},"end":{"line":80,"column":54}},"43":{"start":{"line":81,"column":2},"end":{"line":100,"column":3}},"44":{"start":{"line":82,"column":4},"end":{"line":99,"column":7}},"45":{"start":{"line":83,"column":6},"end":{"line":98,"column":7}},"46":{"start":{"line":84,"column":8},"end":{"line":91,"column":9}},"47":{"start":{"line":85,"column":28},"end":{"line":85,"column":63}},"48":{"start":{"line":86,"column":10},"end":{"line":86,"column":33}},"49":{"start":{"line":86,"column":21},"end":{"line":86,"column":33}},"50":{"start":{"line":87,"column":10},"end":{"line":87,"column":66}},"51":{"start":{"line":89,"column":10},"end":{"line":89,"column":51}},"52":{"start":{"line":90,"column":10},"end":{"line":90,"column":73}},"53":{"start":{"line":93,"column":30},"end":{"line":93,"column":70}},"54":{"start":{"line":94,"column":8},"end":{"line":97,"column":9}},"55":{"start":{"line":95,"column":10},"end":{"line":95,"column":94}},"56":{"start":{"line":96,"column":10},"end":{"line":96,"column":96}},"57":{"start":{"line":102,"column":27},"end":{"line":102,"column":70}},"58":{"start":{"line":103,"column":25},"end":{"line":103,"column":66}},"59":{"start":{"line":104,"column":2},"end":{"line":125,"column":3}},"60":{"start":{"line":105,"column":4},"end":{"line":124,"column":7}},"61":{"start":{"line":106,"column":20},"end":{"line":106,"column":47}},"62":{"start":{"line":107,"column":6},"end":{"line":110,"column":7}},"63":{"start":{"line":108,"column":8},"end":{"line":108,"column":70}},"64":{"start":{"line":109,"column":8},"end":{"line":109,"column":15}},"65":{"start":{"line":111,"column":6},"end":{"line":123,"column":7}},"66":{"start":{"line":112,"column":26},"end":{"line":117,"column":10}},"67":{"start":{"line":118,"column":8},"end":{"line":118,"column":31}},"68":{"start":{"line":118,"column":19},"end":{"line":118,"column":31}},"69":{"start":{"line":119,"column":8},"end":{"line":119,"column":74}},"70":{"start":{"line":121,"column":8},"end":{"line":121,"column":56}},"71":{"start":{"line":122,"column":8},"end":{"line":122,"column":59}}},"fnMap":{"0":{"name":"updateAuthButton","decl":{"start":{"line":7,"column":16},"end":{"line":7,"column":32}},"loc":{"start":{"line":7,"column":35},"end":{"line":12,"column":1}},"line":7},"1":{"name":"isEditMode","decl":{"start":{"line":18,"column":16},"end":{"line":18,"column":26}},"loc":{"start":{"line":18,"column":29},"end":{"line":21,"column":1}},"line":18},"2":{"name":"setEditModeFields","decl":{"start":{"line":27,"column":16},"end":{"line":27,"column":33}},"loc":{"start":{"line":27,"column":49},"end":{"line":33,"column":1}},"line":27},"3":{"name":"(anonymous_3)","decl":{"start":{"line":30,"column":23},"end":{"line":30,"column":24}},"loc":{"start":{"line":30,"column":29},"end":{"line":32,"column":3}},"line":30},"4":{"name":"initAuthUI","decl":{"start":{"line":38,"column":16},"end":{"line":38,"column":26}},"loc":{"start":{"line":38,"column":29},"end":{"line":126,"column":1}},"line":38},"5":{"name":"(anonymous_5)","decl":{"start":{"line":39,"column":40},"end":{"line":39,"column":41}},"loc":{"start":{"line":39,"column":60},"end":{"line":78,"column":3}},"line":39},"6":{"name":"(anonymous_6)","decl":{"start":{"line":75,"column":69},"end":{"line":75,"column":70}},"loc":{"start":{"line":75,"column":75},"end":{"line":75,"column":106}},"line":75},"7":{"name":"(anonymous_7)","decl":{"start":{"line":82,"column":39},"end":{"line":82,"column":40}},"loc":{"start":{"line":82,"column":51},"end":{"line":99,"column":5}},"line":82},"8":{"name":"(anonymous_8)","decl":{"start":{"line":105,"column":47},"end":{"line":105,"column":48}},"loc":{"start":{"line":105,"column":59},"end":{"line":124,"column":5}},"line":105}},"branchMap":{"0":{"loc":{"start":{"line":9,"column":2},"end":{"line":11,"column":3}},"type":"if","locations":[{"start":{"line":9,"column":2},"end":{"line":11,"column":3}},{"start":{},"end":{}}],"line":9},"1":{"loc":{"start":{"line":10,"column":27},"end":{"line":10,"column":67}},"type":"cond-expr","locations":[{"start":{"line":10,"column":47},"end":{"line":10,"column":56}},{"start":{"line":10,"column":59},"end":{"line":10,"column":67}}],"line":10},"2":{"loc":{"start":{"line":20,"column":9},"end":{"line":20,"column":60}},"type":"cond-expr","locations":[{"start":{"line":20,"column":28},"end":{"line":20,"column":52}},{"start":{"line":20,"column":55},"end":{"line":20,"column":60}}],"line":20},"3":{"loc":{"start":{"line":27,"column":34},"end":{"line":27,"column":47}},"type":"default-arg","locations":[{"start":{"line":27,"column":43},"end":{"line":27,"column":47}}],"line":27},"4":{"loc":{"start":{"line":28,"column":19},"end":{"line":28,"column":63}},"type":"cond-expr","locations":[{"start":{"line":28,"column":37},"end":{"line":28,"column":43}},{"start":{"line":28,"column":46},"end":{"line":28,"column":63}}],"line":28},"5":{"loc":{"start":{"line":31,"column":23},"end":{"line":31,"column":45}},"type":"cond-expr","locations":[{"start":{"line":31,"column":34},"end":{"line":31,"column":36}},{"start":{"line":31,"column":39},"end":{"line":31,"column":45}}],"line":31},"6":{"loc":{"start":{"line":43,"column":4},"end":{"line":48,"column":5}},"type":"if","locations":[{"start":{"line":43,"column":4},"end":{"line":48,"column":5}},{"start":{"line":46,"column":11},"end":{"line":48,"column":5}}],"line":43},"7":{"loc":{"start":{"line":45,"column":6},"end":{"line":45,"column":62}},"type":"if","locations":[{"start":{"line":45,"column":6},"end":{"line":45,"column":62}},{"start":{},"end":{}}],"line":45},"8":{"loc":{"start":{"line":46,"column":11},"end":{"line":48,"column":5}},"type":"if","locations":[{"start":{"line":46,"column":11},"end":{"line":48,"column":5}},{"start":{},"end":{}}],"line":46},"9":{"loc":{"start":{"line":49,"column":4},"end":{"line":53,"column":5}},"type":"if","locations":[{"start":{"line":49,"column":4},"end":{"line":53,"column":5}},{"start":{},"end":{}}],"line":49},"10":{"loc":{"start":{"line":60,"column":4},"end":{"line":77,"column":5}},"type":"if","locations":[{"start":{"line":60,"column":4},"end":{"line":77,"column":5}},{"start":{},"end":{}}],"line":60},"11":{"loc":{"start":{"line":60,"column":8},"end":{"line":60,"column":50}},"type":"binary-expr","locations":[{"start":{"line":60,"column":8},"end":{"line":60,"column":28}},{"start":{"line":60,"column":32},"end":{"line":60,"column":50}}],"line":60},"12":{"loc":{"start":{"line":62,"column":6},"end":{"line":62,"column":70}},"type":"if","locations":[{"start":{"line":62,"column":6},"end":{"line":62,"column":70}},{"start":{},"end":{}}],"line":62},"13":{"loc":{"start":{"line":64,"column":6},"end":{"line":64,"column":77}},"type":"if","locations":[{"start":{"line":64,"column":6},"end":{"line":64,"column":77}},{"start":{},"end":{}}],"line":64},"14":{"loc":{"start":{"line":66,"column":6},"end":{"line":66,"column":74}},"type":"if","locations":[{"start":{"line":66,"column":6},"end":{"line":66,"column":74}},{"start":{},"end":{}}],"line":66},"15":{"loc":{"start":{"line":69,"column":6},"end":{"line":71,"column":7}},"type":"if","locations":[{"start":{"line":69,"column":6},"end":{"line":71,"column":7}},{"start":{},"end":{}}],"line":69},"16":{"loc":{"start":{"line":69,"column":10},"end":{"line":69,"column":46}},"type":"binary-expr","locations":[{"start":{"line":69,"column":10},"end":{"line":69,"column":21}},{"start":{"line":69,"column":25},"end":{"line":69,"column":46}}],"line":69},"17":{"loc":{"start":{"line":74,"column":6},"end":{"line":76,"column":7}},"type":"if","locations":[{"start":{"line":74,"column":6},"end":{"line":76,"column":7}},{"start":{},"end":{}}],"line":74},"18":{"loc":{"start":{"line":81,"column":2},"end":{"line":100,"column":3}},"type":"if","locations":[{"start":{"line":81,"column":2},"end":{"line":100,"column":3}},{"start":{},"end":{}}],"line":81},"19":{"loc":{"start":{"line":83,"column":6},"end":{"line":98,"column":7}},"type":"if","locations":[{"start":{"line":83,"column":6},"end":{"line":98,"column":7}},{"start":{"line":92,"column":13},"end":{"line":98,"column":7}}],"line":83},"20":{"loc":{"start":{"line":86,"column":10},"end":{"line":86,"column":33}},"type":"if","locations":[{"start":{"line":86,"column":10},"end":{"line":86,"column":33}},{"start":{},"end":{}}],"line":86},"21":{"loc":{"start":{"line":94,"column":8},"end":{"line":97,"column":9}},"type":"if","locations":[{"start":{"line":94,"column":8},"end":{"line":97,"column":9}},{"start":{},"end":{}}],"line":94},"22":{"loc":{"start":{"line":95,"column":38},"end":{"line":95,"column":93}},"type":"cond-expr","locations":[{"start":{"line":95,"column":77},"end":{"line":95,"column":84}},{"start":{"line":95,"column":87},"end":{"line":95,"column":93}}],"line":95},"23":{"loc":{"start":{"line":96,"column":40},"end":{"line":96,"column":95}},"type":"cond-expr","locations":[{"start":{"line":96,"column":79},"end":{"line":96,"column":86}},{"start":{"line":96,"column":89},"end":{"line":96,"column":95}}],"line":96},"24":{"loc":{"start":{"line":104,"column":2},"end":{"line":125,"column":3}},"type":"if","locations":[{"start":{"line":104,"column":2},"end":{"line":125,"column":3}},{"start":{},"end":{}}],"line":104},"25":{"loc":{"start":{"line":104,"column":6},"end":{"line":104,"column":40}},"type":"binary-expr","locations":[{"start":{"line":104,"column":6},"end":{"line":104,"column":22}},{"start":{"line":104,"column":26},"end":{"line":104,"column":40}}],"line":104},"26":{"loc":{"start":{"line":107,"column":6},"end":{"line":110,"column":7}},"type":"if","locations":[{"start":{"line":107,"column":6},"end":{"line":110,"column":7}},{"start":{},"end":{}}],"line":107},"27":{"loc":{"start":{"line":118,"column":8},"end":{"line":118,"column":31}},"type":"if","locations":[{"start":{"line":118,"column":8},"end":{"line":118,"column":31}},{"start":{},"end":{}}],"line":118}},"s":{"0":0,"1":0,"2":0,"3":0,"4":0,"5":0,"6":0,"7":0,"8":0,"9":0,"10":0,"11":0,"12":0,"13":0,"14":0,"15":0,"16":0,"17":0,"18":0,"19":0,"20":0,"21":0,"22":0,"23":0,"24":0,"25":0,"26":0,"27":0,"28":0,"29":0,"30":0,"31":0,"32":0,"33":0,"34":0,"35":0,"36":0,"37":0,"38":0,"39":0,"40":0,"41":0,"42":0,"43":0,"44":0,"45":0,"46":0,"47":0,"48":0,"49":0,"50":0,"51":0,"52":0,"53":0,"54":0,"55":0,"56":0,"57":0,"58":0,"59":0,"60":0,"61":0,"62":0,"63":0,"64":0,"65":0,"66":0,"67":0,"68":0,"69":0,"70":0,"71":0},"f":{"0":0,"1":0,"2":0,"3":0,"4":0,"5":0,"6":0,"7":0,"8":0},"b":{"0":[0,0],"1":[0,0],"2":[0,0],"3":[0],"4":[0,0],"5":[0,0],"6":[0,0],"7":[0,0],"8":[0,0],"9":[0,0],"10":[0,0],"11":[0,0],"12":[0,0],"13":[0,0],"14":[0,0],"15":[0,0],"16":[0,0],"17":[0,0],"18":[0,0],"19":[0,0],"20":[0,0],"21":[0,0],"22":[0,0],"23":[0,0],"24":[0,0],"25":[0,0],"26":[0,0],"27":[0,0]}}
,"/Users/ryankrammes/Documents/GitHub/DIY_Recipes/js/auth.js": {"path":"/Users/ryankrammes/Documents/GitHub/DIY_Recipes/js/auth.js","statementMap":{"0":{"start":{"line":10,"column":26},"end":{"line":10,"column":76}},"1":{"start":{"line":11,"column":2},"end":{"line":14,"column":3}},"2":{"start":{"line":12,"column":4},"end":{"line":12,"column":54}},"3":{"start":{"line":13,"column":4},"end":{"line":13,"column":16}},"4":{"start":{"line":15,"column":2},"end":{"line":15,"column":53}},"5":{"start":{"line":16,"column":2},"end":{"line":16,"column":14}},"6":{"start":{"line":24,"column":20},"end":{"line":24,"column":55}},"7":{"start":{"line":25,"column":2},"end":{"line":28,"column":3}},"8":{"start":{"line":26,"column":4},"end":{"line":26,"column":47}},"9":{"start":{"line":27,"column":4},"end":{"line":27,"column":16}},"10":{"start":{"line":29,"column":2},"end":{"line":29,"column":47}}},"fnMap":{"0":{"name":"sendMagicLink","decl":{"start":{"line":9,"column":22},"end":{"line":9,"column":35}},"loc":{"start":{"line":9,"column":43},"end":{"line":17,"column":1}},"line":9},"1":{"name":"signOut","decl":{"start":{"line":23,"column":22},"end":{"line":23,"column":29}},"loc":{"start":{"line":23,"column":32},"end":{"line":30,"column":1}},"line":23}},"branchMap":{"0":{"loc":{"start":{"line":11,"column":2},"end":{"line":14,"column":3}},"type":"if","locations":[{"start":{"line":11,"column":2},"end":{"line":14,"column":3}},{"start":{},"end":{}}],"line":11},"1":{"loc":{"start":{"line":25,"column":2},"end":{"line":28,"column":3}},"type":"if","locations":[{"start":{"line":25,"column":2},"end":{"line":28,"column":3}},{"start":{},"end":{}}],"line":25}},"s":{"0":0,"1":0,"2":0,"3":0,"4":0,"5":0,"6":0,"7":0,"8":0,"9":0,"10":0},"f":{"0":0,"1":0},"b":{"0":[0,0],"1":[0,0]}}
,"/Users/ryankrammes/Documents/GitHub/DIY_Recipes/js/global-ingredient-ui.js": {"path":"/Users/ryankrammes/Documents/GitHub/DIY_Recipes/js/global-ingredient-ui.js","statementMap":{"0":{"start":{"line":10,"column":15},"end":{"line":10,"column":62}},"1":{"start":{"line":11,"column":2},"end":{"line":11,"column":20}},"2":{"start":{"line":11,"column":13},"end":{"line":11,"column":20}},"3":{"start":{"line":13,"column":2},"end":{"line":13,"column":22}},"4":{"start":{"line":15,"column":2},"end":{"line":21,"column":5}},"5":{"start":{"line":16,"column":15},"end":{"line":16,"column":43}},"6":{"start":{"line":17,"column":4},"end":{"line":17,"column":37}},"7":{"start":{"line":18,"column":4},"end":{"line":18,"column":34}},"8":{"start":{"line":19,"column":4},"end":{"line":19,"column":61}},"9":{"start":{"line":20,"column":4},"end":{"line":20,"column":25}},"10":{"start":{"line":28,"column":33},"end":{"line":28,"column":82}},"11":{"start":{"line":29,"column":2},"end":{"line":54,"column":3}},"12":{"start":{"line":30,"column":4},"end":{"line":53,"column":7}},"13":{"start":{"line":31,"column":6},"end":{"line":34,"column":7}},"14":{"start":{"line":32,"column":8},"end":{"line":32,"column":92}},"15":{"start":{"line":33,"column":8},"end":{"line":33,"column":15}},"16":{"start":{"line":36,"column":19},"end":{"line":36,"column":62}},"17":{"start":{"line":37,"column":6},"end":{"line":37,"column":46}},"18":{"start":{"line":37,"column":39},"end":{"line":37,"column":46}},"19":{"start":{"line":39,"column":26},"end":{"line":39,"column":76}},"20":{"start":{"line":41,"column":6},"end":{"line":52,"column":7}},"21":{"start":{"line":42,"column":32},"end":{"line":42,"column":111}},"22":{"start":{"line":43,"column":8},"end":{"line":48,"column":9}},"23":{"start":{"line":44,"column":10},"end":{"line":44,"column":94}},"24":{"start":{"line":45,"column":10},"end":{"line":45,"column":29}},"25":{"start":{"line":47,"column":10},"end":{"line":47,"column":55}},"26":{"start":{"line":50,"column":8},"end":{"line":50,"column":55}},"27":{"start":{"line":51,"column":8},"end":{"line":51,"column":59}},"28":{"start":{"line":56,"column":31},"end":{"line":56,"column":78}},"29":{"start":{"line":57,"column":2},"end":{"line":65,"column":3}},"30":{"start":{"line":58,"column":4},"end":{"line":64,"column":7}},"31":{"start":{"line":59,"column":23},"end":{"line":59,"column":63}},"32":{"start":{"line":60,"column":6},"end":{"line":63,"column":7}},"33":{"start":{"line":61,"column":8},"end":{"line":61,"column":71}}},"fnMap":{"0":{"name":"renderGlobalIngredients","decl":{"start":{"line":9,"column":16},"end":{"line":9,"column":39}},"loc":{"start":{"line":9,"column":53},"end":{"line":22,"column":1}},"line":9},"1":{"name":"(anonymous_1)","decl":{"start":{"line":15,"column":22},"end":{"line":15,"column":23}},"loc":{"start":{"line":15,"column":36},"end":{"line":21,"column":3}},"line":15},"2":{"name":"initGlobalIngredientUI","decl":{"start":{"line":27,"column":16},"end":{"line":27,"column":38}},"loc":{"start":{"line":27,"column":41},"end":{"line":66,"column":1}},"line":27},"3":{"name":"(anonymous_3)","decl":{"start":{"line":30,"column":53},"end":{"line":30,"column":54}},"loc":{"start":{"line":30,"column":65},"end":{"line":53,"column":5}},"line":30},"4":{"name":"(anonymous_4)","decl":{"start":{"line":58,"column":51},"end":{"line":58,"column":52}},"loc":{"start":{"line":58,"column":62},"end":{"line":64,"column":5}},"line":58}},"branchMap":{"0":{"loc":{"start":{"line":11,"column":2},"end":{"line":11,"column":20}},"type":"if","locations":[{"start":{"line":11,"column":2},"end":{"line":11,"column":20}},{"start":{},"end":{}}],"line":11},"1":{"loc":{"start":{"line":19,"column":21},"end":{"line":19,"column":60}},"type":"binary-expr","locations":[{"start":{"line":19,"column":21},"end":{"line":19,"column":36}},{"start":{"line":19,"column":40},"end":{"line":19,"column":60}}],"line":19},"2":{"loc":{"start":{"line":29,"column":2},"end":{"line":54,"column":3}},"type":"if","locations":[{"start":{"line":29,"column":2},"end":{"line":54,"column":3}},{"start":{},"end":{}}],"line":29},"3":{"loc":{"start":{"line":31,"column":6},"end":{"line":34,"column":7}},"type":"if","locations":[{"start":{"line":31,"column":6},"end":{"line":34,"column":7}},{"start":{},"end":{}}],"line":31},"4":{"loc":{"start":{"line":31,"column":10},"end":{"line":31,"column":52}},"type":"binary-expr","locations":[{"start":{"line":31,"column":10},"end":{"line":31,"column":28}},{"start":{"line":31,"column":32},"end":{"line":31,"column":52}}],"line":31},"5":{"loc":{"start":{"line":37,"column":6},"end":{"line":37,"column":46}},"type":"if","locations":[{"start":{"line":37,"column":6},"end":{"line":37,"column":46}},{"start":{},"end":{}}],"line":37},"6":{"loc":{"start":{"line":37,"column":10},"end":{"line":37,"column":37}},"type":"binary-expr","locations":[{"start":{"line":37,"column":10},"end":{"line":37,"column":15}},{"start":{"line":37,"column":19},"end":{"line":37,"column":37}}],"line":37},"7":{"loc":{"start":{"line":42,"column":71},"end":{"line":42,"column":110}},"type":"cond-expr","locations":[{"start":{"line":42,"column":85},"end":{"line":42,"column":103}},{"start":{"line":42,"column":106},"end":{"line":42,"column":110}}],"line":42},"8":{"loc":{"start":{"line":43,"column":8},"end":{"line":48,"column":9}},"type":"if","locations":[{"start":{"line":43,"column":8},"end":{"line":48,"column":9}},{"start":{"line":46,"column":15},"end":{"line":48,"column":9}}],"line":43},"9":{"loc":{"start":{"line":57,"column":2},"end":{"line":65,"column":3}},"type":"if","locations":[{"start":{"line":57,"column":2},"end":{"line":65,"column":3}},{"start":{},"end":{}}],"line":57},"10":{"loc":{"start":{"line":60,"column":6},"end":{"line":63,"column":7}},"type":"if","locations":[{"start":{"line":60,"column":6},"end":{"line":63,"column":7}},{"start":{},"end":{}}],"line":60}},"s":{"0":0,"1":0,"2":0,"3":0,"4":0,"5":0,"6":0,"7":0,"8":0,"9":0,"10":0,"11":0,"12":0,"13":0,"14":0,"15":0,"16":0,"17":0,"18":0,"19":0,"20":0,"21":0,"22":0,"23":0,"24":0,"25":0,"26":0,"27":0,"28":0,"29":0,"30":0,"31":0,"32":0,"33":0},"f":{"0":0,"1":0,"2":0,"3":0,"4":0},"b":{"0":[0,0],"1":[0,0],"2":[0,0],"3":[0,0],"4":[0,0],"5":[0,0],"6":[0,0],"7":[0,0],"8":[0,0],"9":[0,0],"10":[0,0]}}
,"/Users/ryankrammes/Documents/GitHub/DIY_Recipes/js/iteration-ui.js": {"path":"/Users/ryankrammes/Documents/GitHub/DIY_Recipes/js/iteration-ui.js","statementMap":{"0":{"start":{"line":9,"column":20},"end":{"line":9,"column":69}},"1":{"start":{"line":10,"column":2},"end":{"line":10,"column":25}},"2":{"start":{"line":10,"column":18},"end":{"line":10,"column":25}},"3":{"start":{"line":12,"column":2},"end":{"line":27,"column":5}},"4":{"start":{"line":13,"column":4},"end":{"line":26,"column":5}},"5":{"start":{"line":14,"column":24},"end":{"line":14,"column":75}},"6":{"start":{"line":15,"column":6},"end":{"line":20,"column":7}},"7":{"start":{"line":16,"column":23},"end":{"line":16,"column":54}},"8":{"start":{"line":17,"column":28},"end":{"line":17,"column":66}},"9":{"start":{"line":18,"column":8},"end":{"line":18,"column":60}},"10":{"start":{"line":18,"column":25},"end":{"line":18,"column":60}},"11":{"start":{"line":19,"column":8},"end":{"line":19,"column":38}},"12":{"start":{"line":21,"column":11},"end":{"line":26,"column":5}},"13":{"start":{"line":22,"column":18},"end":{"line":22,"column":44}},"14":{"start":{"line":23,"column":6},"end":{"line":23,"column":28}},"15":{"start":{"line":23,"column":15},"end":{"line":23,"column":28}},"16":{"start":{"line":24,"column":11},"end":{"line":26,"column":5}},"17":{"start":{"line":25,"column":6},"end":{"line":25,"column":36}},"18":{"start":{"line":35,"column":15},"end":{"line":35,"column":72}},"19":{"start":{"line":36,"column":22},"end":{"line":36,"column":24}},"20":{"start":{"line":38,"column":2},"end":{"line":48,"column":5}},"21":{"start":{"line":39,"column":19},"end":{"line":39,"column":48}},"22":{"start":{"line":40,"column":57},"end":{"line":40,"column":63}},"23":{"start":{"line":42,"column":4},"end":{"line":47,"column":7}},"24":{"start":{"line":50,"column":2},"end":{"line":50,"column":21}},"25":{"start":{"line":57,"column":2},"end":{"line":60,"column":3}},"26":{"start":{"line":58,"column":4},"end":{"line":58,"column":53}},"27":{"start":{"line":59,"column":4},"end":{"line":59,"column":11}},"28":{"start":{"line":62,"column":22},"end":{"line":62,"column":47}},"29":{"start":{"line":64,"column":2},"end":{"line":74,"column":3}},"30":{"start":{"line":65,"column":19},"end":{"line":65,"column":78}},"31":{"start":{"line":66,"column":4},"end":{"line":70,"column":5}},"32":{"start":{"line":67,"column":6},"end":{"line":67,"column":71}},"33":{"start":{"line":69,"column":6},"end":{"line":69,"column":57}},"34":{"start":{"line":72,"column":4},"end":{"line":72,"column":54}},"35":{"start":{"line":73,"column":4},"end":{"line":73,"column":55}}},"fnMap":{"0":{"name":"initIterationUI","decl":{"start":{"line":8,"column":16},"end":{"line":8,"column":31}},"loc":{"start":{"line":8,"column":34},"end":{"line":28,"column":1}},"line":8},"1":{"name":"(anonymous_1)","decl":{"start":{"line":12,"column":38},"end":{"line":12,"column":39}},"loc":{"start":{"line":12,"column":55},"end":{"line":27,"column":3}},"line":12},"2":{"name":"getIterationIngredients","decl":{"start":{"line":34,"column":9},"end":{"line":34,"column":32}},"loc":{"start":{"line":34,"column":35},"end":{"line":51,"column":1}},"line":34},"3":{"name":"(anonymous_3)","decl":{"start":{"line":38,"column":15},"end":{"line":38,"column":16}},"loc":{"start":{"line":38,"column":22},"end":{"line":48,"column":3}},"line":38},"4":{"name":"handleCommitIteration","decl":{"start":{"line":56,"column":15},"end":{"line":56,"column":36}},"loc":{"start":{"line":56,"column":39},"end":{"line":75,"column":1}},"line":56}},"branchMap":{"0":{"loc":{"start":{"line":10,"column":2},"end":{"line":10,"column":25}},"type":"if","locations":[{"start":{"line":10,"column":2},"end":{"line":10,"column":25}},{"start":{},"end":{}}],"line":10},"1":{"loc":{"start":{"line":13,"column":4},"end":{"line":26,"column":5}},"type":"if","locations":[{"start":{"line":13,"column":4},"end":{"line":26,"column":5}},{"start":{"line":21,"column":11},"end":{"line":26,"column":5}}],"line":13},"2":{"loc":{"start":{"line":15,"column":6},"end":{"line":20,"column":7}},"type":"if","locations":[{"start":{"line":15,"column":6},"end":{"line":20,"column":7}},{"start":{},"end":{}}],"line":15},"3":{"loc":{"start":{"line":18,"column":8},"end":{"line":18,"column":60}},"type":"if","locations":[{"start":{"line":18,"column":8},"end":{"line":18,"column":60}},{"start":{},"end":{}}],"line":18},"4":{"loc":{"start":{"line":21,"column":11},"end":{"line":26,"column":5}},"type":"if","locations":[{"start":{"line":21,"column":11},"end":{"line":26,"column":5}},{"start":{"line":24,"column":11},"end":{"line":26,"column":5}}],"line":21},"5":{"loc":{"start":{"line":23,"column":6},"end":{"line":23,"column":28}},"type":"if","locations":[{"start":{"line":23,"column":6},"end":{"line":23,"column":28}},{"start":{},"end":{}}],"line":23},"6":{"loc":{"start":{"line":24,"column":11},"end":{"line":26,"column":5}},"type":"if","locations":[{"start":{"line":24,"column":11},"end":{"line":26,"column":5}},{"start":{},"end":{}}],"line":24},"7":{"loc":{"start":{"line":43,"column":12},"end":{"line":43,"column":41}},"type":"binary-expr","locations":[{"start":{"line":43,"column":12},"end":{"line":43,"column":35}},{"start":{"line":43,"column":39},"end":{"line":43,"column":41}}],"line":43},"8":{"loc":{"start":{"line":44,"column":16},"end":{"line":44,"column":44}},"type":"binary-expr","locations":[{"start":{"line":44,"column":16},"end":{"line":44,"column":38}},{"start":{"line":44,"column":42},"end":{"line":44,"column":44}}],"line":44},"9":{"loc":{"start":{"line":45,"column":12},"end":{"line":45,"column":41}},"type":"binary-expr","locations":[{"start":{"line":45,"column":12},"end":{"line":45,"column":35}},{"start":{"line":45,"column":39},"end":{"line":45,"column":41}}],"line":45},"10":{"loc":{"start":{"line":46,"column":13},"end":{"line":46,"column":43}},"type":"binary-expr","locations":[{"start":{"line":46,"column":13},"end":{"line":46,"column":37}},{"start":{"line":46,"column":41},"end":{"line":46,"column":43}}],"line":46},"11":{"loc":{"start":{"line":57,"column":2},"end":{"line":60,"column":3}},"type":"if","locations":[{"start":{"line":57,"column":2},"end":{"line":60,"column":3}},{"start":{},"end":{}}],"line":57},"12":{"loc":{"start":{"line":66,"column":4},"end":{"line":70,"column":5}},"type":"if","locations":[{"start":{"line":66,"column":4},"end":{"line":70,"column":5}},{"start":{"line":68,"column":11},"end":{"line":70,"column":5}}],"line":66},"13":{"loc":{"start":{"line":69,"column":22},"end":{"line":69,"column":55}},"type":"binary-expr","locations":[{"start":{"line":69,"column":22},"end":{"line":69,"column":36}},{"start":{"line":69,"column":40},"end":{"line":69,"column":55}}],"line":69}},"s":{"0":0,"1":0,"2":0,"3":0,"4":0,"5":0,"6":0,"7":0,"8":0,"9":0,"10":0,"11":0,"12":0,"13":0,"14":0,"15":0,"16":0,"17":0,"18":0,"19":0,"20":0,"21":0,"22":0,"23":0,"24":0,"25":0,"26":0,"27":0,"28":0,"29":0,"30":0,"31":0,"32":0,"33":0,"34":0,"35":0},"f":{"0":0,"1":0,"2":0,"3":0,"4":0},"b":{"0":[0,0],"1":[0,0],"2":[0,0],"3":[0,0],"4":[0,0],"5":[0,0],"6":[0,0],"7":[0,0],"8":[0,0],"9":[0,0],"10":[0,0],"11":[0,0],"12":[0,0],"13":[0,0]}}
,"/Users/ryankrammes/Documents/GitHub/DIY_Recipes/js/main.js": {"path":"/Users/ryankrammes/Documents/GitHub/DIY_Recipes/js/main.js","statementMap":{"0":{"start":{"line":13,"column":0},"end":{"line":23,"column":3}},"1":{"start":{"line":14,"column":2},"end":{"line":14,"column":65}},"2":{"start":{"line":16,"column":2},"end":{"line":22,"column":3}},"3":{"start":{"line":17,"column":4},"end":{"line":17,"column":13}},"4":{"start":{"line":19,"column":4},"end":{"line":19,"column":76}},"5":{"start":{"line":21,"column":4},"end":{"line":21,"column":86}}},"fnMap":{"0":{"name":"(anonymous_0)","decl":{"start":{"line":13,"column":46},"end":{"line":13,"column":47}},"loc":{"start":{"line":13,"column":52},"end":{"line":23,"column":1}},"line":13}},"branchMap":{"0":{"loc":{"start":{"line":16,"column":2},"end":{"line":22,"column":3}},"type":"if","locations":[{"start":{"line":16,"column":2},"end":{"line":22,"column":3}},{"start":{"line":18,"column":9},"end":{"line":22,"column":3}}],"line":16}},"s":{"0":0,"1":0,"2":0,"3":0,"4":0,"5":0},"f":{"0":0},"b":{"0":[0,0]}}
,"/Users/ryankrammes/Documents/GitHub/DIY_Recipes/js/product-actions.js": {"path":"/Users/ryankrammes/Documents/GitHub/DIY_Recipes/js/product-actions.js","statementMap":{"0":{"start":{"line":5,"column":2},"end":{"line":8,"column":6}},"1":{"start":{"line":5,"column":41},"end":{"line":8,"column":3}},"2":{"start":{"line":14,"column":2},"end":{"line":19,"column":5}},"3":{"start":{"line":15,"column":4},"end":{"line":18,"column":6}},"4":{"start":{"line":24,"column":18},"end":{"line":24,"column":72}},"5":{"start":{"line":25,"column":22},"end":{"line":25,"column":47}},"6":{"start":{"line":26,"column":2},"end":{"line":26,"column":114}},"7":{"start":{"line":27,"column":2},"end":{"line":27,"column":31}},"8":{"start":{"line":28,"column":2},"end":{"line":28,"column":22}},"9":{"start":{"line":29,"column":2},"end":{"line":29,"column":22}},"10":{"start":{"line":30,"column":2},"end":{"line":30,"column":22}},"11":{"start":{"line":35,"column":2},"end":{"line":35,"column":88}},"12":{"start":{"line":35,"column":32},"end":{"line":35,"column":75}}},"fnMap":{"0":{"name":"scaleRecipe","decl":{"start":{"line":4,"column":16},"end":{"line":4,"column":27}},"loc":{"start":{"line":4,"column":62},"end":{"line":9,"column":1}},"line":4},"1":{"name":"(anonymous_1)","decl":{"start":{"line":5,"column":33},"end":{"line":5,"column":34}},"loc":{"start":{"line":5,"column":41},"end":{"line":8,"column":3}},"line":5},"2":{"name":"convertUnits","decl":{"start":{"line":12,"column":16},"end":{"line":12,"column":28}},"loc":{"start":{"line":12,"column":59},"end":{"line":20,"column":1}},"line":12},"3":{"name":"(anonymous_3)","decl":{"start":{"line":14,"column":25},"end":{"line":14,"column":26}},"loc":{"start":{"line":14,"column":32},"end":{"line":19,"column":3}},"line":14},"4":{"name":"printRecipe","decl":{"start":{"line":23,"column":16},"end":{"line":23,"column":27}},"loc":{"start":{"line":23,"column":49},"end":{"line":31,"column":1}},"line":23},"5":{"name":"generateShoppingList","decl":{"start":{"line":34,"column":16},"end":{"line":34,"column":36}},"loc":{"start":{"line":34,"column":50},"end":{"line":36,"column":1}},"line":34},"6":{"name":"(anonymous_6)","decl":{"start":{"line":35,"column":25},"end":{"line":35,"column":26}},"loc":{"start":{"line":35,"column":32},"end":{"line":35,"column":75}},"line":35}},"branchMap":{"0":{"loc":{"start":{"line":12,"column":42},"end":{"line":12,"column":57}},"type":"default-arg","locations":[{"start":{"line":12,"column":53},"end":{"line":12,"column":57}}],"line":12},"1":{"loc":{"start":{"line":17,"column":12},"end":{"line":17,"column":54}},"type":"cond-expr","locations":[{"start":{"line":17,"column":23},"end":{"line":17,"column":36}},{"start":{"line":17,"column":39},"end":{"line":17,"column":54}}],"line":17}},"s":{"0":0,"1":0,"2":0,"3":0,"4":0,"5":0,"6":0,"7":0,"8":0,"9":0,"10":0,"11":0,"12":0},"f":{"0":0,"1":0,"2":0,"3":0,"4":0,"5":0,"6":0},"b":{"0":[0],"1":[0,0]}}
,"/Users/ryankrammes/Documents/GitHub/DIY_Recipes/js/recipe-actions.js": {"path":"/Users/ryankrammes/Documents/GitHub/DIY_Recipes/js/recipe-actions.js","statementMap":{"0":{"start":{"line":8,"column":32},"end":{"line":50,"column":1}},"1":{"start":{"line":10,"column":20},"end":{"line":10,"column":49}},"2":{"start":{"line":11,"column":4},"end":{"line":11,"column":61}},"3":{"start":{"line":12,"column":4},"end":{"line":12,"column":51}},"4":{"start":{"line":14,"column":19},"end":{"line":14,"column":48}},"5":{"start":{"line":15,"column":4},"end":{"line":15,"column":44}},"6":{"start":{"line":16,"column":4},"end":{"line":16,"column":24}},"7":{"start":{"line":17,"column":4},"end":{"line":17,"column":42}},"8":{"start":{"line":18,"column":4},"end":{"line":18,"column":50}},"9":{"start":{"line":19,"column":4},"end":{"line":19,"column":86}},"10":{"start":{"line":21,"column":20},"end":{"line":21,"column":49}},"11":{"start":{"line":22,"column":4},"end":{"line":22,"column":46}},"12":{"start":{"line":23,"column":4},"end":{"line":23,"column":34}},"13":{"start":{"line":24,"column":4},"end":{"line":24,"column":38}},"14":{"start":{"line":25,"column":4},"end":{"line":25,"column":73}},"15":{"start":{"line":26,"column":4},"end":{"line":26,"column":32}},"16":{"start":{"line":27,"column":4},"end":{"line":27,"column":40}},"17":{"start":{"line":29,"column":4},"end":{"line":29,"column":36}},"18":{"start":{"line":29,"column":27},"end":{"line":29,"column":35}},"19":{"start":{"line":30,"column":4},"end":{"line":30,"column":107}},"20":{"start":{"line":30,"column":32},"end":{"line":30,"column":104}},"21":{"start":{"line":30,"column":73},"end":{"line":30,"column":92}},"22":{"start":{"line":30,"column":93},"end":{"line":30,"column":102}},"23":{"start":{"line":33,"column":23},"end":{"line":33,"column":71}},"24":{"start":{"line":34,"column":6},"end":{"line":34,"column":63}},"25":{"start":{"line":35,"column":6},"end":{"line":35,"column":62}},"26":{"start":{"line":36,"column":6},"end":{"line":42,"column":7}},"27":{"start":{"line":37,"column":8},"end":{"line":37,"column":62}},"28":{"start":{"line":38,"column":8},"end":{"line":38,"column":36}},"29":{"start":{"line":40,"column":8},"end":{"line":40,"column":38}},"30":{"start":{"line":41,"column":8},"end":{"line":41,"column":36}},"31":{"start":{"line":45,"column":4},"end":{"line":45,"column":32}},"32":{"start":{"line":46,"column":4},"end":{"line":46,"column":33}},"33":{"start":{"line":47,"column":4},"end":{"line":47,"column":35}},"34":{"start":{"line":48,"column":4},"end":{"line":48,"column":19}},"35":{"start":{"line":54,"column":18},"end":{"line":54,"column":47}},"36":{"start":{"line":55,"column":2},"end":{"line":55,"column":52}},"37":{"start":{"line":57,"column":18},"end":{"line":57,"column":49}},"38":{"start":{"line":58,"column":2},"end":{"line":58,"column":30}},"39":{"start":{"line":60,"column":16},"end":{"line":60,"column":47}},"40":{"start":{"line":61,"column":2},"end":{"line":61,"column":23}},"41":{"start":{"line":62,"column":2},"end":{"line":62,"column":18}},"42":{"start":{"line":63,"column":2},"end":{"line":63,"column":18}},"43":{"start":{"line":64,"column":2},"end":{"line":64,"column":20}},"44":{"start":{"line":65,"column":2},"end":{"line":65,"column":22}},"45":{"start":{"line":67,"column":23},"end":{"line":67,"column":53}},"46":{"start":{"line":68,"column":2},"end":{"line":68,"column":35}},"47":{"start":{"line":70,"column":2},"end":{"line":73,"column":4}},"48":{"start":{"line":71,"column":4},"end":{"line":71,"column":43}},"49":{"start":{"line":72,"column":4},"end":{"line":72,"column":39}},"50":{"start":{"line":72,"column":17},"end":{"line":72,"column":39}},"51":{"start":{"line":75,"column":2},"end":{"line":75,"column":31}},"52":{"start":{"line":76,"column":2},"end":{"line":76,"column":29}},"53":{"start":{"line":77,"column":2},"end":{"line":77,"column":36}},"54":{"start":{"line":78,"column":2},"end":{"line":78,"column":17}},"55":{"start":{"line":83,"column":18},"end":{"line":83,"column":47}},"56":{"start":{"line":84,"column":2},"end":{"line":84,"column":52}},"57":{"start":{"line":86,"column":18},"end":{"line":86,"column":49}},"58":{"start":{"line":87,"column":2},"end":{"line":87,"column":30}},"59":{"start":{"line":89,"column":16},"end":{"line":89,"column":47}},"60":{"start":{"line":90,"column":2},"end":{"line":90,"column":26}},"61":{"start":{"line":91,"column":2},"end":{"line":91,"column":26}},"62":{"start":{"line":93,"column":2},"end":{"line":95,"column":4}},"63":{"start":{"line":94,"column":4},"end":{"line":94,"column":41}},"64":{"start":{"line":94,"column":17},"end":{"line":94,"column":41}},"65":{"start":{"line":97,"column":2},"end":{"line":97,"column":31}},"66":{"start":{"line":98,"column":2},"end":{"line":98,"column":29}},"67":{"start":{"line":99,"column":2},"end":{"line":99,"column":17}},"68":{"start":{"line":104,"column":18},"end":{"line":104,"column":47}},"69":{"start":{"line":105,"column":2},"end":{"line":105,"column":38}},"70":{"start":{"line":106,"column":2},"end":{"line":106,"column":30}},"71":{"start":{"line":107,"column":2},"end":{"line":107,"column":17}},"72":{"start":{"line":115,"column":22},"end":{"line":115,"column":69}},"73":{"start":{"line":116,"column":2},"end":{"line":116,"column":27}},"74":{"start":{"line":116,"column":20},"end":{"line":116,"column":27}},"75":{"start":{"line":119,"column":2},"end":{"line":119,"column":29}},"76":{"start":{"line":122,"column":23},"end":{"line":122,"column":52}},"77":{"start":{"line":123,"column":2},"end":{"line":123,"column":68}},"78":{"start":{"line":124,"column":2},"end":{"line":124,"column":70}},"79":{"start":{"line":127,"column":21},"end":{"line":127,"column":50}},"80":{"start":{"line":128,"column":2},"end":{"line":128,"column":74}},"81":{"start":{"line":129,"column":2},"end":{"line":129,"column":79}},"82":{"start":{"line":132,"column":22},"end":{"line":132,"column":51}},"83":{"start":{"line":133,"column":21},"end":{"line":133,"column":76}},"84":{"start":{"line":134,"column":2},"end":{"line":134,"column":38}},"85":{"start":{"line":135,"column":2},"end":{"line":135,"column":72}},"86":{"start":{"line":138,"column":24},"end":{"line":138,"column":53}},"87":{"start":{"line":139,"column":17},"end":{"line":146,"column":4}},"88":{"start":{"line":145,"column":23},"end":{"line":145,"column":62}},"89":{"start":{"line":147,"column":17},"end":{"line":151,"column":4}},"90":{"start":{"line":150,"column":23},"end":{"line":150,"column":60}},"91":{"start":{"line":152,"column":2},"end":{"line":152,"column":36}},"92":{"start":{"line":153,"column":2},"end":{"line":153,"column":36}},"93":{"start":{"line":154,"column":2},"end":{"line":154,"column":69}}},"fnMap":{"0":{"name":"(anonymous_0)","decl":{"start":{"line":9,"column":10},"end":{"line":9,"column":11}},"loc":{"start":{"line":9,"column":48},"end":{"line":49,"column":3}},"line":9},"1":{"name":"(anonymous_1)","decl":{"start":{"line":29,"column":21},"end":{"line":29,"column":22}},"loc":{"start":{"line":29,"column":27},"end":{"line":29,"column":35}},"line":29},"2":{"name":"(anonymous_2)","decl":{"start":{"line":30,"column":23},"end":{"line":30,"column":24}},"loc":{"start":{"line":30,"column":30},"end":{"line":30,"column":106}},"line":30},"3":{"name":"toggle","decl":{"start":{"line":32,"column":13},"end":{"line":32,"column":19}},"loc":{"start":{"line":32,"column":22},"end":{"line":43,"column":5}},"line":32},"4":{"name":"createSliderControl","decl":{"start":{"line":53,"column":16},"end":{"line":53,"column":35}},"loc":{"start":{"line":53,"column":99},"end":{"line":79,"column":1}},"line":53},"5":{"name":"(anonymous_5)","decl":{"start":{"line":70,"column":18},"end":{"line":70,"column":19}},"loc":{"start":{"line":70,"column":24},"end":{"line":73,"column":3}},"line":70},"6":{"name":"createToggleControl","decl":{"start":{"line":82,"column":16},"end":{"line":82,"column":35}},"loc":{"start":{"line":82,"column":74},"end":{"line":100,"column":1}},"line":82},"7":{"name":"(anonymous_7)","decl":{"start":{"line":93,"column":19},"end":{"line":93,"column":20}},"loc":{"start":{"line":93,"column":25},"end":{"line":95,"column":3}},"line":93},"8":{"name":"createResultDisplay","decl":{"start":{"line":103,"column":16},"end":{"line":103,"column":35}},"loc":{"start":{"line":103,"column":50},"end":{"line":108,"column":1}},"line":103},"9":{"name":"initRecipeActions","decl":{"start":{"line":114,"column":16},"end":{"line":114,"column":33}},"loc":{"start":{"line":114,"column":36},"end":{"line":155,"column":1}},"line":114},"10":{"name":"(anonymous_10)","decl":{"start":{"line":145,"column":14},"end":{"line":145,"column":15}},"loc":{"start":{"line":145,"column":23},"end":{"line":145,"column":62}},"line":145},"11":{"name":"(anonymous_11)","decl":{"start":{"line":150,"column":14},"end":{"line":150,"column":15}},"loc":{"start":{"line":150,"column":23},"end":{"line":150,"column":60}},"line":150}},"branchMap":{"0":{"loc":{"start":{"line":30,"column":32},"end":{"line":30,"column":104}},"type":"if","locations":[{"start":{"line":30,"column":32},"end":{"line":30,"column":104}},{"start":{},"end":{}}],"line":30},"1":{"loc":{"start":{"line":30,"column":35},"end":{"line":30,"column":69}},"type":"binary-expr","locations":[{"start":{"line":30,"column":35},"end":{"line":30,"column":52}},{"start":{"line":30,"column":56},"end":{"line":30,"column":69}}],"line":30},"2":{"loc":{"start":{"line":36,"column":6},"end":{"line":42,"column":7}},"type":"if","locations":[{"start":{"line":36,"column":6},"end":{"line":42,"column":7}},{"start":{"line":39,"column":13},"end":{"line":42,"column":7}}],"line":36},"3":{"loc":{"start":{"line":53,"column":45},"end":{"line":53,"column":52}},"type":"default-arg","locations":[{"start":{"line":53,"column":51},"end":{"line":53,"column":52}}],"line":53},"4":{"loc":{"start":{"line":53,"column":54},"end":{"line":53,"column":63}},"type":"default-arg","locations":[{"start":{"line":53,"column":60},"end":{"line":53,"column":63}}],"line":53},"5":
[...]
,"/Users/ryankrammes/Documents/GitHub/DIY_Recipes/js/actions/ingredient-actions.js": {"path":"/Users/ryankrammes/Documents/GitHub/DIY_Recipes/js/actions/ingredient-actions.js","statementMap":{"0":{"start":{"line":4,"column":36},"end":{"line":20,"column":1}},"1":{"start":{"line":9,"column":26},"end":{"line":9,"column":52}},"2":{"start":{"line":11,"column":16},"end":{"line":11,"column":48}},"3":{"start":{"line":12,"column":4},"end":{"line":12,"column":67}},"4":{"start":{"line":13,"column":4},"end":{"line":13,"column":66}},"5":{"start":{"line":13,"column":24},"end":{"line":13,"column":65}},"6":{"start":{"line":14,"column":4},"end":{"line":14,"column":31}},"7":{"start":{"line":15,"column":4},"end":{"line":15,"column":15}},"8":{"start":{"line":18,"column":4},"end":{"line":18,"column":56}},"9":{"start":{"line":22,"column":30},"end":{"line":38,"column":1}},"10":{"start":{"line":27,"column":26},"end":{"line":27,"column":52}},"11":{"start":{"line":29,"column":16},"end":{"line":29,"column":48}},"12":{"start":{"line":30,"column":4},"end":{"line":30,"column":75}},"13":{"start":{"line":31,"column":4},"end":{"line":31,"column":60}},"14":{"start":{"line":31,"column":24},"end":{"line":31,"column":59}},"15":{"start":{"line":32,"column":4},"end":{"line":32,"column":31}},"16":{"start":{"line":33,"column":4},"end":{"line":33,"column":15}},"17":{"start":{"line":36,"column":4},"end":{"line":36,"column":49}},"18":{"start":{"line":40,"column":24},"end":{"line":56,"column":1}},"19":{"start":{"line":45,"column":26},"end":{"line":45,"column":52}},"20":{"start":{"line":47,"column":16},"end":{"line":47,"column":48}},"21":{"start":{"line":48,"column":4},"end":{"line":48,"column":60}},"22":{"start":{"line":49,"column":4},"end":{"line":49,"column":54}},"23":{"start":{"line":49,"column":24},"end":{"line":49,"column":53}},"24":{"start":{"line":50,"column":4},"end":{"line":50,"column":31}},"25":{"start":{"line":51,"column":4},"end":{"line":51,"column":15}},"26":{"start":{"line":54,"column":4},"end":{"line":54,"column":43}},"27":{"start":{"line":59,"column":0},"end":{"line":59,"column":53}},"28":{"start":{"line":60,"column":0},"end":{"line":60,"column":47}},"29":{"start":{"line":61,"column":0},"end":{"line":61,"column":41}}},"fnMap":{"0":{"name":"(anonymous_0)","decl":{"start":{"line":9,"column":16},"end":{"line":9,"column":17}},"loc":{"start":{"line":9,"column":26},"end":{"line":9,"column":52}},"line":9},"1":{"name":"(anonymous_1)","decl":{"start":{"line":10,"column":10},"end":{"line":10,"column":11}},"loc":{"start":{"line":10,"column":31},"end":{"line":16,"column":3}},"line":10},"2":{"name":"(anonymous_2)","decl":{"start":{"line":13,"column":18},"end":{"line":13,"column":19}},"loc":{"start":{"line":13,"column":24},"end":{"line":13,"column":65}},"line":13},"3":{"name":"(anonymous_3)","decl":{"start":{"line":17,"column":11},"end":{"line":17,"column":12}},"loc":{"start":{"line":17,"column":21},"end":{"line":19,"column":3}},"line":17},"4":{"name":"(anonymous_4)","decl":{"start":{"line":27,"column":16},"end":{"line":27,"column":17}},"loc":{"start":{"line":27,"column":26},"end":{"line":27,"column":52}},"line":27},"5":{"name":"(anonymous_5)","decl":{"start":{"line":28,"column":10},"end":{"line":28,"column":11}},"loc":{"start":{"line":28,"column":31},"end":{"line":34,"column":3}},"line":28},"6":{"name":"(anonymous_6)","decl":{"start":{"line":31,"column":18},"end":{"line":31,"column":19}},"loc":{"start":{"line":31,"column":24},"end":{"line":31,"column":59}},"line":31},"7":{"name":"(anonymous_7)","decl":{"start":{"line":35,"column":11},"end":{"line":35,"column":12}},"loc":{"start":{"line":35,"column":21},"end":{"line":37,"column":3}},"line":35},"8":{"name":"(anonymous_8)","decl":{"start":{"line":45,"column":16},"end":{"line":45,"column":17}},"loc":{"start":{"line":45,"column":26},"end":{"line":45,"column":52}},"line":45},"9":{"name":"(anonymous_9)","decl":{"start":{"line":46,"column":10},"end":{"line":46,"column":11}},"loc":{"start":{"line":46,"column":31},"end":{"line":52,"column":3}},"line":46},"10":{"name":"(anonymous_10)","decl":{"start":{"line":49,"column":18},"end":{"line":49,"column":19}},"loc":{"start":{"line":49,"column":24},"end":{"line":49,"column":53}},"line":49},"11":{"name":"(anonymous_11)","decl":{"start":{"line":53,"column":11},"end":{"line":53,"column":12}},"loc":{"start":{"line":53,"column":21},"end":{"line":55,"column":3}},"line":53}},"branchMap":{},"s":{"0":0,"1":0,"2":0,"3":0,"4":0,"5":0,"6":0,"7":0,"8":0,"9":0,"10":0,"11":0,"12":0,"13":0,"14":0,"15":0,"16":0,"17":0,"18":0,"19":0,"20":0,"21":0,"22":0,"23":0,"24":0,"25":0,"26":0,"27":0,"28":0,"29":0},"f":{"0":0,"1":0,"2":0,"3":0,"4":0,"5":0,"6":0,"7":0,"8":0,"9":0,"10":0,"11":0},"b":{}}
,"/Users/ryankrammes/Documents/GitHub/DIY_Recipes/js/actions/recipe-edit-actions.js": {"path":"/Users/ryankrammes/Documents/GitHub/DIY_Recipes/js/actions/recipe-edit-actions.js","statementMap":{"0":{"start":{"line":4,"column":32},"end":{"line":20,"column":1}},"1":{"start":{"line":9,"column":26},"end":{"line":9,"column":48}},"2":{"start":{"line":11,"column":16},"end":{"line":11,"column":48}},"3":{"start":{"line":12,"column":4},"end":{"line":12,"column":63}},"4":{"start":{"line":13,"column":4},"end":{"line":13,"column":62}},"5":{"start":{"line":13,"column":24},"end":{"line":13,"column":61}},"6":{"start":{"line":14,"column":4},"end":{"line":14,"column":31}},"7":{"start":{"line":15,"column":4},"end":{"line":15,"column":15}},"8":{"start":{"line":18,"column":4},"end":{"line":18,"column":52}},"9":{"start":{"line":22,"column":30},"end":{"line":38,"column":1}},"10":{"start":{"line":27,"column":26},"end":{"line":27,"column":48}},"11":{"start":{"line":29,"column":16},"end":{"line":29,"column":48}},"12":{"start":{"line":30,"column":4},"end":{"line":30,"column":69}},"13":{"start":{"line":31,"column":4},"end":{"line":31,"column":60}},"14":{"start":{"line":31,"column":24},"end":{"line":31,"column":59}},"15":{"start":{"line":32,"column":4},"end":{"line":32,"column":31}},"16":{"start":{"line":33,"column":4},"end":{"line":33,"column":15}},"17":{"start":{"line":36,"column":4},"end":{"line":36,"column":49}},"18":{"start":{"line":40,"column":27},"end":{"line":56,"column":1}},"19":{"start":{"line":45,"column":26},"end":{"line":45,"column":48}},"20":{"start":{"line":47,"column":16},"end":{"line":47,"column":48}},"21":{"start":{"line":48,"column":4},"end":{"line":48,"column":73}},"22":{"start":{"line":49,"column":4},"end":{"line":49,"column":57}},"23":{"start":{"line":49,"column":24},"end":{"line":49,"column":56}},"24":{"start":{"line":50,"column":4},"end":{"line":50,"column":31}},"25":{"start":{"line":51,"column":4},"end":{"line":51,"column":15}},"26":{"start":{"line":54,"column":4},"end":{"line":54,"column":46}},"27":{"start":{"line":58,"column":31},"end":{"line":74,"column":1}},"28":{"start":{"line":63,"column":26},"end":{"line":63,"column":48}},"29":{"start":{"line":65,"column":16},"end":{"line":65,"column":48}},"30":{"start":{"line":66,"column":4},"end":{"line":66,"column":71}},"31":{"start":{"line":67,"column":4},"end":{"line":67,"column":61}},"32":{"start":{"line":67,"column":24},"end":{"line":67,"column":60}},"33":{"start":{"line":68,"column":4},"end":{"line":68,"column":31}},"34":{"start":{"line":69,"column":4},"end":{"line":69,"column":15}},"35":{"start":{"line":72,"column":4},"end":{"line":72,"column":50}},"36":{"start":{"line":76,"column":24},"end":{"line":92,"column":1}},"37":{"start":{"line":81,"column":26},"end":{"line":81,"column":48}},"38":{"start":{"line":83,"column":16},"end":{"line":83,"column":48}},"39":{"start":{"line":84,"column":4},"end":{"line":84,"column":68}},"40":{"start":{"line":85,"column":4},"end":{"line":85,"column":54}},"41":{"start":{"line":85,"column":24},"end":{"line":85,"column":53}},"42":{"start":{"line":86,"column":4},"end":{"line":86,"column":31}},"43":{"start":{"line":87,"column":4},"end":{"line":87,"column":15}},"44":{"start":{"line":90,"column":4},"end":{"line":90,"column":43}},"45":{"start":{"line":95,"column":0},"end":{"line":95,"column":49}},"46":{"start":{"line":96,"column":0},"end":{"line":96,"column":47}},"47":{"start":{"line":97,"column":0},"end":{"line":97,"column":44}},"48":{"start":{"line":98,"column":0},"end":{"line":98,"column":48}},"49":{"start":{"line":99,"column":0},"end":{"line":99,"column":41}}},"fnMap":{"0":{"name":"(anonymous_0)","decl":{"start":{"line":9,"column":16},"end":{"line":9,"column":17}},"loc":{"start":{"line":9,"column":26},"end":{"line":9,"column":48}},"line":9},"1":{"name":"(anonymous_1)","decl":{"start":{"line":10,"column":10},"end":{"line":10,"column":11}},"loc":{"start":{"line":10,"column":31},"end":{"line":16,"column":3}},"line":10},"2":{"name":"(anonymous_2)","decl":{"start":{"line":13,"column":18},"end":{"line":13,"column":19}},"loc":{"start":{"line":13,"column":24},"end":{"line":13,"column":61}},"line":13},"3":{"name":"(anonymous_3)","decl":{"start":{"line":17,"column":11},"end":{"line":17,"column":12}},"loc":{"start":{"line":17,"column":21},"end":{"line":19,"column":3}},"line":17},"4":{"name":"(anonymous_4)","decl":{"start":{"line":27,"column":16},"end":{"line":27,"column":17}},"loc":{"start":{"line":27,"column":26},"end":{"line":27,"column":48}},"line":27},"5":{"name":"(anonymous_5)","decl":{"start":{"line":28,"column":10},"end":{"line":28,"column":11}},"loc":{"start":{"line":28,"column":31},"end":{"line":34,"column":3}},"line":28},"6":{"name":"(anonymous_6)","decl":{"start":{"line":31,"column":18},"end":{"line":31,"column":19}},"loc":{"start":{"line":31,"column":24},"end":{"line":31,"column":59}},"line":31},"7":{"name":"(anonymous_7)","decl":{"start":{"line":35,"column":11},"end":{"line":35,"column":12}},"loc":{"start":{"line":35,"column":21},"end":{"line":37,"column":3}},"line":35},"8":{"name":"(anonymous_8)","decl":{"start":{"line":45,"column":16},"end":{"line":45,"column":17}},"loc":{"start":{"line":45,"column":26},"end":{"line":45,"column":48}},"line":45},"9":{"name":"(anonymous_9)","decl":{"start":{"line":46,"column":10},"end":{"line":46,"column":11}},"loc":{"start":{"line":46,"column":31},"end":{"line":52,"column":3}},"line":46},"10":{"name":"(anonymous_10)","decl":{"start":{"line":49,"column":18},"end":{"line":49,"column":19}},"loc":{"start":{"line":49,"column":24},"end":{"line":49,"column":56}},"line":49},"11":{"name":"(anonymous_11)","decl":{"start":{"line":53,"column":11},"end":{"line":53,"column":12}},"loc":{"start":{"line":53,"column":21},"end":{"line":55,"column":3}},"line":53},"12":{"name":"(anonymous_12)","decl":{"start":{"line":63,"column":16},"end":{"line":63,"column":17}},"loc":{"start":{"line":63,"column":26},"end":{"line":63,"column":48}},"line":63},"13":{"name":"(anonymous_13)","decl":{"start":{"line":64,"column":10},"end":{"line":64,"column":11}},"loc":{"start":{"line":64,"column":31},"end":{"line":70,"column":3}},"line":64},"14":{"name":"(anonymous_14)","decl":{"start":{"line":67,"column":18},"end":{"line":67,"column":19}},"loc":{"start":{"line":67,"column":24},"end":{"line":67,"column":60}},"line":67},"15":{"name":"(anonymous_15)","decl":{"start":{"line":71,"column":11},"end":{"line":71,"column":12}},"loc":{"start":{"line":71,"column":21},"end":{"line":73,"column":3}},"line":71},"16":{"name":"(anonymous_16)","decl":{"start":{"line":81,"column":16},"end":{"line":81,"column":17}},"loc":{"start":{"line":81,"column":26},"end":{"line":81,"column":48}},"line":81},"17":{"name":"(anonymous_17)","decl":{"start":{"line":82,"column":10},"end":{"line":82,"column":11}},"loc":{"start":{"line":82,"column":31},"end":{"line":88,"column":3}},"line":82},"18":{"name":"(anonymous_18)","decl":{"start":{"line":85,"column":18},"end":{"line":85,"column":19}},"loc":{"start":{"line":85,"column":24},"end":{"line":85,"column":53}},"line":85},"19":{"name":"(anonymous_19)","decl":{"start":{"line":89,"column":11},"end":{"line":89,"column":12}},"loc":{"start":{"line":89,"column":21},"end":{"line":91,"column":3}},"line":89}},"branchMap":{},"s":{"0":0,"1":0,"2":0,"3":0,"4":0,"5":0,"6":0,"7":0,"8":0,"9":0,"10":0,"11":0,"12":0,"13":0,"14":0,"15":0,"16":0,"17":0,"18":0,"19":0,"20":0,"21":0,"22":0,"23":0,"24":0,"25":0,"26":0,"27":0,"28":0,"29":0,"30":0,"31":0,"32":0,"33":0,"34":0,"35":0,"36":0,"37":0,"38":0,"39":0,"40":0,"41":0,"42":0,"43":0,"44":0,"45":0,"46":0,"47":0,"48":0,"49":0},"f":{"0":0,"1":0,"2":0,"3":0,"4":0,"5":0,"6":0,"7":0,"8":0,"9":0,"10":0,"11":0,"12":0,"13":0,"14":0,"15":0,"16":0,"17":0,"18":0,"19":0},"b":{}}
,"/Users/ryankrammes/Documents/GitHub/DIY_Recipes/js/actions/recipe-utility-actions.js": {"path":"/Users/ryankrammes/Documents/GitHub/DIY_Recipes/js/actions/recipe-utility-actions.js","statementMap":{"0":{"start":{"line":4,"column":26},"end":{"line":21,"column":1}},"1":{"start":{"line":9,"column":26},"end":{"line":9,"column":48}},"2":{"start":{"line":11,"column":16},"end":{"line":11,"column":48}},"3":{"start":{"line":12,"column":4},"end":{"line":12,"column":57}},"4":{"start":{"line":13,"column":4},"end":{"line":13,"column":56}},"5":{"start":{"line":13,"column":24},"end":{"line":13,"column":55}},"6":{"start":{"line":14,"column":4},"end":{"line":14,"column":31}},"7":{"start":{"line":15,"column":4},"end":{"line":15,"column":15}},"8":{"start":{"line":18,"column":4},"end":{"line":18,"column":41}},"9":{"start":{"line":19,"column":4},"end":{"line":19,"column":19}},"10":{"start":{"line":23,"column":27},"end":{"line":39,"column":1}},"11":{"start":{"line":28,"column":26},"end":{"line":28,"column":48}},"12":{"start":{"line":30,"column":16},"end":{"line":30,"column":48}},"13":{"start":{"line":31,"column":4},"end":{"line":31,"column":64}},"14":{"start":{"line":32,"column":4},"end":{"line":32,"column":57}},"15":{"start":{"line":32,"column":24},"end":{"line":32,"column":56}},"16":{"start":{"line":33,"column":4},"end":{"line":33,"column":31}},"17":{"start":{"line":34,"column":4},"end":{"line":34,"column":15}},"18":{"start":{"line":37,"column":4},"end":{"line":37,"column":42}},"19":{"start":{"line":41,"column":35},"end":{"line":57,"column":1}},"20":{"start":{"line":46,"column":26},"end":{"line":46,"column":48}},"21":{"start":{"line":48,"column":16},"end":{"line":48,"column":48}},"22":{"start":{"line":49,"column":4},"end":{"line":49,"column":73}},"23":{"start":{"line":50,"column":4},"end":{"line":50,"column":65}},"24":{"start":{"line":50,"column":24},"end":{"line":50,"column":64}},"25":{"start":{"line":51,"column":4},"end":{"line":51,"column":31}},"26":{"start":{"line":52,"column":4},"end":{"line":52,"column":15}},"27":{"start":{"line":55,"column":4},"end":{"line":55,"column":54}},"28":{"start":{"line":59,"column":29},"end":{"line":75,"column":1}},"29":{"start":{"line":64,"column":26},"end":{"line":64,"column":48}},"30":{"start":{"line":66,"column":16},"end":{"line":66,"column":48}},"31":{"start":{"line":67,"column":4},"end":{"line":67,"column":73}},"32":{"start":{"line":68,"column":4},"end":{"line":68,"column":59}},"33":{"start":{"line":68,"column":24},"end":{"line":68,"column":58}},"34":{"start":{"line":69,"column":4},"end":{"line":69,"column":31}},"35":{"start":{"line":70,"column":4},"end":{"line":70,"column":15}},"36":{"start":{"line":73,"column":4},"end":{"line":73,"column":47}},"37":{"start":{"line":78,"column":0},"end":{"line":78,"column":43}},"38":{"start":{"line":79,"column":0},"end":{"line":79,"column":44}},"39":{"start":{"line":80,"column":0},"end":{"line":80,"column":52}},"40":{"start":{"line":81,"column":0},"end":{"line":81,"column":46}}},"fnMap":{"0":{"name":"(anonymous_0)","decl":{"start":{"line":9,"column":16},"end":{"line":9,"column":17}},"loc":{"start":{"line":9,"column":26},"end":{"line":9,"column":48}},"line":9},"1":{"name":"(anonymous_1)","decl":{"start":{"line":10,"column":10},"end":{"line":10,"column":11}},"loc":{"start":{"line":10,"column":31},"end":{"line":16,"column":3}},"line":10},"2":{"name":"(anonymous_2)","decl":{"start":{"line":13,"column":18},"end":{"line":13,"column":19}},"loc":{"start":{"line":13,"column":24},"end":{"line":13,"column":55}},"line":13},"3":{"name":"(anonymous_3)","decl":{"start":{"line":17,"column":11},"end":{"line":17,"column":12}},"loc":{"start":{"line":17,"column":21},"end":{"line":20,"column":3}},"line":17},"4":{"name":"(anonymous_4)","decl":{"start":{"line":28,"column":16},"end":{"line":28,"column":17}},"loc":{"start":{"line":28,"column":26},"end":{"line":28,"column":48}},"line":28},"5":{"name":"(anonymous_5)","decl":{"start":{"line":29,"column":10},"end":{"line":29,"column":11}},"loc":{"start":{"line":29,"column":31},"end":{"line":35,"column":3}},"line":29},"6":{"name":"(anonymous_6)","decl":{"start":{"line":32,"column":18},"end":{"line":32,"column":19}},"loc":{"start":{"line":32,"column":24},"end":{"line":32,"column":56}},"line":32},"7":{"name":"(anonymous_7)","decl":{"start":{"line":36,"column":11},"end":{"line":36,"column":12}},"loc":{"start":{"line":36,"column":21},"end":{"line":38,"column":3}},"line":36},"8":{"name":"(anonymous_8)","decl":{"start":{"line":46,"column":16},"end":{"line":46,"column":17}},"loc":{"start":{"line":46,"column":26},"end":{"line":46,"column":48}},"line":46},"9":{"name":"(anonymous_9)","decl":{"start":{"line":47,"column":10},"end":{"line":47,"column":11}},"loc":{"start":{"line":47,"column":31},"end":{"line":53,"column":3}},"line":47},"10":{"name":"(anonymous_10)","decl":{"start":{"line":50,"column":18},"end":{"line":50,"column":19}},"loc":{"start":{"line":50,"column":24},"end":{"line":50,"column":64}},"line":50},"11":{"name":"(anonymous_11)","decl":{"start":{"line":54,"column":11},"end":{"line":54,"column":12}},"loc":{"start":{"line":54,"column":21},"end":{"line":56,"column":3}},"line":54},"12":{"name":"(anonymous_12)","decl":{"start":{"line":64,"column":16},"end":{"line":64,"column":17}},"loc":{"start":{"line":64,"column":26},"end":{"line":64,"column":48}},"line":64},"13":{"name":"(anonymous_13)","decl":{"start":{"line":65,"column":10},"end":{"line":65,"column":11}},"loc":{"start":{"line":65,"column":31},"end":{"line":71,"column":3}},"line":65},"14":{"name":"(anonymous_14)","decl":{"start":{"line":68,"column":18},"end":{"line":68,"column":19}},"loc":{"start":{"line":68,"column":24},"end":{"line":68,"column":58}},"line":68},"15":{"name":"(anonymous_15)","decl":{"start":{"line":72,"column":11},"end":{"line":72,"column":12}},"loc":{"start":{"line":72,"column":21},"end":{"line":74,"column":3}},"line":72}},"branchMap":{},"s":{"0":0,"1":0,"2":0,"3":0,"4":0,"5":0,"6":0,"7":0,"8":0,"9":0,"10":0,"11":0,"12":0,"13":0,"14":0,"15":0,"16":0,"17":0,"18":0,"19":0,"20":0,"21":0,"22":0,"23":0,"24":0,"25":0,"26":0,"27":0,"28":0,"29":0,"30":0,"31":0,"32":0,"33":0,"34":0,"35":0,"36":0,"37":0,"38":0,"39":0,"40":0},"f":{"0":0,"1":0,"2":0,"3":0,"4":0,"5":0,"6":0,"7":0,"8":0,"9":0,"10":0,"11":0,"12":0,"13":0,"14":0,"15":0},"b":{}}
}
