TN:
SF:js/action-registry.js
FN:4,(anonymous_0)
FN:10,(anonymous_1)
FN:11,(anonymous_2)
FNF:3
FNH:0
FNDA:0,(anonymous_0)
FNDA:0,(anonymous_1)
FNDA:0,(anonymous_2)
DA:1,0
DA:5,0
DA:6,0
DA:11,0
DA:12,0
DA:13,0
DA:15,0
LF:7
LH:0
BRDA:5,0,0,0
BRDA:5,0,1,0
BRDA:5,1,0,0
BRDA:5,1,1,0
BRF:4
BRH:0
end_of_record
TN:
SF:js/action-renderer.js
FN:5,(anonymous_0)
FN:25,(anonymous_1)
FN:42,(anonymous_2)
FN:62,(anonymous_3)
FN:95,(anonymous_4)
FN:101,(anonymous_5)
FNF:6
FNH:0
FNDA:0,(anonymous_0)
FNDA:0,(anonymous_1)
FNDA:0,(anonymous_2)
FNDA:0,(anonymous_3)
FNDA:0,(anonymous_4)
FNDA:0,(anonymous_5)
DA:4,0
DA:7,0
DA:9,0
DA:10,0
DA:14,0
DA:17,0
DA:20,0
DA:21,0
DA:26,0
DA:31,0
DA:32,0
DA:33,0
DA:36,0
DA:39,0
DA:43,0
DA:45,0
DA:46,0
DA:48,0
DA:49,0
DA:51,0
DA:52,0
DA:53,0
DA:56,0
DA:57,0
DA:58,0
DA:62,0
DA:63,0
DA:64,0
DA:68,0
DA:69,0
DA:72,0
DA:73,0
DA:76,0
DA:77,0
DA:80,0
DA:81,0
DA:82,0
DA:84,0
DA:87,0
DA:88,0
DA:92,0
DA:96,0
DA:97,0
DA:98,0
DA:99,0
DA:101,0
DA:102,0
DA:103,0
DA:106,0
DA:110,0
LF:50
LH:0
BRDA:9,0,0,0
BRDA:9,0,1,0
BRDA:32,1,0,0
BRDA:32,1,1,0
BRDA:43,2,0,0
BRDA:43,2,1,0
BRDA:49,3,0,0
BRDA:49,3,1,0
BRDA:49,4,0,0
BRDA:49,4,1,0
BRDA:49,4,2,0
BRDA:64,5,0,0
BRDA:64,5,1,0
BRDA:73,6,0,0
BRDA:73,6,1,0
BRDA:76,7,0,0
BRDA:76,7,1,0
BRDA:84,8,0,0
BRDA:84,8,1,0
BRDA:98,9,0,0
BRDA:98,9,1,0
BRDA:102,10,0,0
BRDA:102,10,1,0
BRF:23
BRH:0
end_of_record
TN:
SF:js/api-client.js
FN:6,(anonymous_0)
FN:17,(anonymous_1)
FN:32,(anonymous_2)
FN:46,(anonymous_3)
FN:61,(anonymous_4)
FN:77,(anonymous_5)
FN:88,(anonymous_6)
FN:102,(anonymous_7)
FN:121,(anonymous_8)
FN:134,(anonymous_9)
FN:135,(anonymous_10)
FNF:11
FNH:8
FNDA:4,(anonymous_0)
FNDA:0,(anonymous_1)
FNDA:4,(anonymous_2)
FNDA:0,(anonymous_3)
FNDA:0,(anonymous_4)
FNDA:3,(anonymous_5)
FNDA:4,(anonymous_6)
FNDA:3,(anonymous_7)
FNDA:6,(anonymous_8)
FNDA:3,(anonymous_9)
FNDA:3,(anonymous_10)
DA:4,6
DA:7,4
DA:8,4
DA:9,3
DA:10,2
DA:12,2
DA:13,2
DA:18,0
DA:19,0
DA:24,0
DA:25,0
DA:27,0
DA:28,0
DA:33,4
DA:34,4
DA:38,4
DA:39,2
DA:41,2
DA:42,2
DA:47,0
DA:48,0
DA:53,0
DA:54,0
DA:56,0
DA:57,0
DA:62,0
DA:63,0
DA:67,0
DA:68,0
DA:70,0
DA:71,0
DA:78,3
DA:79,3
DA:80,3
DA:81,3
DA:83,0
DA:84,0
DA:89,4
DA:90,4
DA:94,4
DA:95,2
DA:97,2
DA:98,2
DA:103,3
DA:104,3
DA:108,3
DA:109,1
DA:111,2
DA:112,2
DA:122,6
DA:124,6
DA:129,5
DA:132,4
DA:133,2
DA:134,3
DA:135,3
DA:143,2
DA:144,2
DA:149,2
DA:153,3
DA:155,3
DA:156,3
LF:62
LH:42
BRDA:9,0,0,1
BRDA:9,0,1,2
BRDA:24,1,0,0
BRDA:24,1,1,0
BRDA:38,2,0,2
BRDA:38,2,1,2
BRDA:53,3,0,0
BRDA:53,3,1,0
BRDA:67,4,0,0
BRDA:67,4,1,0
BRDA:80,5,0,0
BRDA:80,5,1,3
BRDA:94,6,0,2
BRDA:94,6,1,2
BRDA:108,7,0,2
BRDA:108,7,1,1
BRDA:129,8,0,1
BRDA:129,8,1,4
BRDA:132,9,0,2
BRDA:132,9,1,2
BRDA:132,10,0,4
BRDA:132,10,1,4
BRDA:143,11,0,2
BRDA:143,11,1,0
BRDA:149,12,0,1
BRDA:149,12,1,1
BRF:26
BRH:18
end_of_record
TN:
SF:js/api.js
FN:18,loadRecipes
FN:21,(anonymous_1)
FN:24,(anonymous_2)
FN:32,(anonymous_3)
FN:45,loadAllIngredients
FN:48,(anonymous_5)
FN:51,(anonymous_6)
FN:57,(anonymous_7)
FN:58,(anonymous_8)
FN:76,createNewRecipe
FN:84,(anonymous_10)
FN:87,(anonymous_11)
FN:108,addGlobalIngredient
FN:116,(anonymous_13)
FN:119,(anonymous_14)
FN:139,removeGlobalIngredient
FN:142,(anonymous_16)
FN:145,(anonymous_17)
FN:162,updateRecipeIngredients
FN:200,parseCSVData
FN:203,(anonymous_20)
FN:227,importCSVFile
FN:229,(anonymous_22)
FN:231,(anonymous_23)
FN:266,createBatchRecord
FN:285,createSubstitutionMap
FN:291,createCostStructure
FN:304,incrementRecipeVersion
FN:314,saveBatchRecord
FN:321,fetchBatchRecords
FN:328,saveSubstitutionMap
FN:335,fetchSubstitutionMap
FN:342,calculateRecipeCost
FN:353,analyzeIngredients
FN:360,getRecipeTimeline
FN:361,(anonymous_35)
FN:369,getBatchHistory
FN:374,estimateShelfLife
FNF:38
FNH:23
FNDA:6,loadRecipes
FNDA:3,(anonymous_1)
FNDA:2,(anonymous_2)
FNDA:1001,(anonymous_3)
FNDA:4,loadAllIngredients
FNDA:4,(anonymous_5)
FNDA:0,(anonymous_6)
FNDA:5,(anonymous_7)
FNDA:6,(anonymous_8)
FNDA:5,createNewRecipe
FNDA:3,(anonymous_10)
FNDA:2,(anonymous_11)
FNDA:5,addGlobalIngredient
FNDA:3,(anonymous_13)
FNDA:2,(anonymous_14)
FNDA:4,removeGlobalIngredient
FNDA:2,(anonymous_16)
FNDA:2,(anonymous_17)
FNDA:9,updateRecipeIngredients
FNDA:0,parseCSVData
FNDA:0,(anonymous_20)
FNDA:0,importCSVFile
FNDA:0,(anonymous_22)
FNDA:0,(anonymous_23)
FNDA:0,createBatchRecord
FNDA:0,createSubstitutionMap
FNDA:0,createCostStructure
FNDA:0,incrementRecipeVersion
FNDA:0,saveBatchRecord
FNDA:0,fetchBatchRecords
FNDA:0,saveSubstitutionMap
FNDA:0,fetchSubstitutionMap
FNDA:0,calculateRecipeCost
FNDA:3,analyzeIngredients
FNDA:3,getRecipeTimeline
FNDA:2,(anonymous_35)
FNDA:3,getBatchHistory
FNDA:3,estimateShelfLife
DA:19,6
DA:22,3
DA:25,2
DA:29,5
DA:30,5
DA:32,1001
DA:34,5
DA:36,5
DA:46,4
DA:49,4
DA:52,0
DA:56,4
DA:57,5
DA:59,6
DA:62,4
DA:64,4
DA:77,5
DA:82,5
DA:85,3
DA:88,2
DA:92,5
DA:93,3
DA:95,2
DA:109,5
DA:114,5
DA:117,3
DA:120,2
DA:124,5
DA:125,3
DA:127,2
DA:140,4
DA:143,2
DA:146,2
DA:150,4
DA:163,9
DA:164,9
DA:166,9
DA:167,0
DA:168,0
DA:171,9
DA:172,0
DA:173,0
DA:176,9
DA:178,9
DA:180,9
DA:181,3
DA:184,6
DA:185,6
DA:187,3
DA:189,3
DA:201,0
DA:202,0
DA:203,0
DA:204,0
DA:205,0
DA:206,0
DA:207,0
DA:209,0
DA:210,0
DA:211,0
DA:212,0
DA:213,0
DA:217,0
DA:219,0
DA:228,0
DA:229,0
DA:230,0
DA:232,0
DA:233,0
DA:234,0
DA:235,0
DA:244,0
DA:245,0
DA:247,0
DA:248,0
DA:251,0
DA:253,0
DA:274,0
DA:287,0
DA:296,0
DA:305,0
DA:306,0
DA:315,0
DA:317,0
DA:322,0
DA:324,0
DA:329,0
DA:331,0
DA:336,0
DA:338,0
DA:343,0
DA:345,0
DA:354,3
DA:355,3
DA:356,3
DA:361,3
DA:370,3
DA:375,3
LF:98
LH:51
BRDA:32,0,0,5
BRDA:32,0,1,2
BRDA:56,1,0,4
BRDA:56,1,1,3
BRDA:57,2,0,5
BRDA:57,2,1,4
BRDA:59,3,0,6
BRDA:59,3,1,6
BRDA:59,3,2,3
BRDA:59,4,0,6
BRDA:59,4,1,6
BRDA:59,4,2,3
BRDA:92,5,0,3
BRDA:92,5,1,2
BRDA:92,6,0,5
BRDA:92,6,1,3
BRDA:108,7,0,5
BRDA:124,8,0,3
BRDA:124,8,1,2
BRDA:124,9,0,5
BRDA:124,9,1,3
BRDA:166,10,0,0
BRDA:166,10,1,9
BRDA:171,11,0,0
BRDA:171,11,1,9
BRDA:171,12,0,9
BRDA:171,12,1,9
BRDA:180,13,0,3
BRDA:180,13,1,6
BRDA:202,14,0,0
BRDA:202,14,1,0
BRDA:206,15,0,0
BRDA:206,15,1,0
BRDA:206,16,0,0
BRDA:206,16,1,0
BRDA:212,17,0,0
BRDA:212,17,1,0
BRDA:215,18,0,0
BRDA:215,18,1,0
BRDA:244,19,0,0
BRDA:244,19,1,0
BRDA:269,20,0,0
BRDA:271,21,0,0
BRDA:272,22,0,0
BRDA:285,23,0,0
BRDA:292,24,0,0
BRDA:293,25,0,0
BRDA:294,26,0,0
BRDA:305,27,0,0
BRDA:305,27,1,0
BRDA:361,28,0,3
BRDA:361,28,1,2
BRDA:364,29,0,2
BRDA:364,29,1,0
BRDA:370,30,0,3
BRDA:370,30,1,2
BRF:56
BRH:32
end_of_record
TN:
SF:js/app-init.js
FN:18,initUI
FN:35,reloadData
FNF:2
FNH:0
FNDA:0,initUI
FNDA:0,reloadData
DA:11,0
DA:12,0
DA:13,0
DA:19,0
DA:21,0
DA:22,0
DA:23,0
DA:24,0
DA:26,0
DA:28,0
DA:29,0
DA:36,0
DA:37,0
DA:42,0
DA:43,0
DA:45,0
DA:46,0
DA:48,0
LF:18
LH:0
BRDA:42,0,0,0
BRDA:42,0,1,0
BRDA:43,1,0,0
BRDA:43,1,1,0
BRF:4
BRH:0
end_of_record
TN:
SF:js/app-store.js
FN:1,(anonymous_0)
FN:16,notifySubscribers
FN:17,(anonymous_2)
FN:22,(anonymous_3)
FN:26,(anonymous_4)
FN:28,(anonymous_5)
FN:34,(anonymous_6)
FN:39,(anonymous_7)
FN:44,(anonymous_8)
FN:49,(anonymous_9)
FN:54,(anonymous_10)
FNF:11
FNH:0
FNDA:0,(anonymous_0)
FNDA:0,notifySubscribers
FNDA:0,(anonymous_2)
FNDA:0,(anonymous_3)
FNDA:0,(anonymous_4)
FNDA:0,(anonymous_5)
FNDA:0,(anonymous_6)
FNDA:0,(anonymous_7)
FNDA:0,(anonymous_8)
FNDA:0,(anonymous_9)
FNDA:0,(anonymous_10)
DA:1,0
DA:3,0
DA:13,0
DA:17,0
DA:21,0
DA:23,0
DA:27,0
DA:28,0
DA:29,0
DA:30,0
DA:35,0
DA:36,0
DA:40,0
DA:41,0
DA:45,0
DA:46,0
DA:50,0
DA:51,0
DA:55,0
DA:56,0
LF:20
LH:0
BRDA:30,0,0,0
BRDA:30,0,1,0
BRF:2
BRH:0
end_of_record
TN:
SF:js/auth-ui.js
FN:7,updateAuthButton
FN:18,isEditMode
FN:27,setEditModeFields
FN:30,(anonymous_3)
FN:38,initAuthUI
FN:39,(anonymous_5)
FN:75,(anonymous_6)
FN:82,(anonymous_7)
FN:105,(anonymous_8)
FNF:9
FNH:0
FNDA:0,updateAuthButton
FNDA:0,isEditMode
FNDA:0,setEditModeFields
FNDA:0,(anonymous_3)
FNDA:0,initAuthUI
FNDA:0,(anonymous_5)
FNDA:0,(anonymous_6)
FNDA:0,(anonymous_7)
FNDA:0,(anonymous_8)
DA:8,0
DA:9,0
DA:10,0
DA:19,0
DA:20,0
DA:28,0
DA:29,0
DA:30,0
DA:31,0
DA:39,0
DA:40,0
DA:41,0
DA:43,0
DA:44,0
DA:45,0
DA:46,0
DA:47,0
DA:49,0
DA:50,0
DA:51,0
DA:52,0
DA:55,0
DA:57,0
DA:58,0
DA:60,0
DA:61,0
DA:62,0
DA:63,0
DA:64,0
DA:65,0
DA:66,0
DA:68,0
DA:69,0
DA:70,0
DA:73,0
DA:74,0
DA:75,0
DA:80,0
DA:81,0
DA:82,0
DA:83,0
DA:84,0
DA:85,0
DA:86,0
DA:87,0
DA:89,0
DA:90,0
DA:93,0
DA:94,0
DA:95,0
DA:96,0
DA:102,0
DA:103,0
DA:104,0
DA:105,0
DA:106,0
DA:107,0
DA:108,0
DA:109,0
DA:111,0
DA:112,0
DA:118,0
DA:119,0
DA:121,0
DA:122,0
LF:65
LH:0
BRDA:9,0,0,0
BRDA:9,0,1,0
BRDA:10,1,0,0
BRDA:10,1,1,0
BRDA:20,2,0,0
BRDA:20,2,1,0
BRDA:27,3,0,0
BRDA:28,4,0,0
BRDA:28,4,1,0
BRDA:31,5,0,0
BRDA:31,5,1,0
BRDA:43,6,0,0
BRDA:43,6,1,0
BRDA:45,7,0,0
BRDA:45,7,1,0
BRDA:46,8,0,0
BRDA:46,8,1,0
BRDA:49,9,0,0
BRDA:49,9,1,0
BRDA:60,10,0,0
BRDA:60,10,1,0
BRDA:60,11,0,0
BRDA:60,11,1,0
BRDA:62,12,0,0
BRDA:62,12,1,0
BRDA:64,13,0,0
BRDA:64,13,1,0
BRDA:66,14,0,0
BRDA:66,14,1,0
BRDA:69,15,0,0
BRDA:69,15,1,0
BRDA:69,16,0,0
BRDA:69,16,1,0
BRDA:74,17,0,0
BRDA:74,17,1,0
BRDA:81,18,0,0
BRDA:81,18,1,0
BRDA:83,19,0,0
BRDA:83,19,1,0
BRDA:86,20,0,0
BRDA:86,20,1,0
BRDA:94,21,0,0
BRDA:94,21,1,0
BRDA:95,22,0,0
BRDA:95,22,1,0
BRDA:96,23,0,0
BRDA:96,23,1,0
BRDA:104,24,0,0
BRDA:104,24,1,0
BRDA:104,25,0,0
BRDA:104,25,1,0
BRDA:107,26,0,0
BRDA:107,26,1,0
BRDA:118,27,0,0
BRDA:118,27,1,0
BRF:55
BRH:0
end_of_record
TN:
SF:js/auth.js
FN:14,sendMagicLink
FN:35,signOut
FN:51,isLoggedIn
FN:59,getCurrentUser
FN:66,initAuth
FN:68,(anonymous_5)
FN:74,(anonymous_6)
FN:97,setupAuthEventListeners
FN:103,(anonymous_8)
FN:122,(anonymous_9)
FNF:10
FNH:0
FNDA:0,sendMagicLink
FNDA:0,signOut
FNDA:0,isLoggedIn
FNDA:0,getCurrentUser
FNDA:0,initAuth
FNDA:0,(anonymous_5)
FNDA:0,(anonymous_6)
FNDA:0,setupAuthEventListeners
FNDA:0,(anonymous_8)
FNDA:0,(anonymous_9)
DA:7,3
DA:15,0
DA:22,0
DA:23,0
DA:24,0
DA:27,0
DA:28,0
DA:36,0
DA:37,0
DA:38,0
DA:39,0
DA:42,0
DA:43,0
DA:44,0
DA:52,0
DA:60,0
DA:68,0
DA:69,0
DA:70,0
DA:74,0
DA:75,0
DA:77,0
DA:78,0
DA:79,0
DA:80,0
DA:81,0
DA:82,0
DA:83,0
DA:84,0
DA:87,0
DA:91,0
DA:99,0
DA:100,0
DA:102,0
DA:103,0
DA:104,0
DA:105,0
DA:106,0
DA:107,0
DA:110,0
DA:111,0
DA:112,0
DA:114,0
DA:120,0
DA:121,0
DA:122,0
DA:123,0
DA:124,0
DA:126,0
LF:49
LH:1
BRDA:22,0,0,0
BRDA:22,0,1,0
BRDA:37,1,0,0
BRDA:37,1,1,0
BRDA:69,2,0,0
BRDA:69,2,1,0
BRDA:77,3,0,0
BRDA:77,3,1,0
BRDA:80,4,0,0
BRDA:80,4,1,0
BRDA:83,5,0,0
BRDA:83,5,1,0
BRDA:84,6,0,0
BRDA:84,6,1,0
BRDA:102,7,0,0
BRDA:102,7,1,0
BRDA:102,8,0,0
BRDA:102,8,1,0
BRDA:105,9,0,0
BRDA:105,9,1,0
BRDA:121,10,0,0
BRDA:121,10,1,0
BRF:22
BRH:0
end_of_record
TN:
SF:js/error-handler.js
FN:2,(anonymous_0)
FN:8,(anonymous_1)
FN:17,(anonymous_2)
FNF:3
FNH:3
FNDA:22,(anonymous_0)
FNDA:19,(anonymous_1)
FNDA:19,(anonymous_2)
DA:1,7
DA:3,22
DA:9,19
DA:10,19
DA:11,19
DA:13,0
DA:18,19
DA:19,19
LF:8
LH:7
BRDA:2,0,0,0
BRDA:3,1,0,22
BRDA:3,1,1,0
BRDA:8,2,0,19
BRDA:9,3,0,19
BRDA:9,4,0,19
BRDA:10,5,0,19
BRDA:10,5,1,0
BRDA:17,6,0,8
BRF:9
BRH:6
end_of_record
TN:
SF:js/global-ingredient-ui.js
FN:9,renderGlobalIngredients
FN:15,(anonymous_1)
FN:27,initGlobalIngredientUI
FN:30,(anonymous_3)
FN:58,(anonymous_4)
FNF:5
FNH:0
FNDA:0,renderGlobalIngredients
FNDA:0,(anonymous_1)
FNDA:0,initGlobalIngredientUI
FNDA:0,(anonymous_3)
FNDA:0,(anonymous_4)
DA:10,0
DA:11,0
DA:13,0
DA:15,0
DA:16,0
DA:17,0
DA:18,0
DA:19,0
DA:20,0
DA:28,0
DA:29,0
DA:30,0
DA:31,0
DA:32,0
DA:33,0
DA:36,0
DA:37,0
DA:39,0
DA:41,0
DA:42,0
DA:43,0
DA:44,0
DA:45,0
DA:47,0
DA:50,0
DA:51,0
DA:56,0
DA:57,0
DA:58,0
DA:59,0
DA:60,0
DA:61,0
LF:32
LH:0
BRDA:11,0,0,0
BRDA:11,0,1,0
BRDA:19,1,0,0
BRDA:19,1,1,0
BRDA:29,2,0,0
BRDA:29,2,1,0
BRDA:31,3,0,0
BRDA:31,3,1,0
BRDA:31,4,0,0
BRDA:31,4,1,0
BRDA:37,5,0,0
BRDA:37,5,1,0
BRDA:37,6,0,0
BRDA:37,6,1,0
BRDA:42,7,0,0
BRDA:42,7,1,0
BRDA:43,8,0,0
BRDA:43,8,1,0
BRDA:57,9,0,0
BRDA:57,9,1,0
BRDA:60,10,0,0
BRDA:60,10,1,0
BRF:22
BRH:0
end_of_record
TN:
SF:js/iteration-ui.js
FN:8,initIterationUI
FN:12,(anonymous_1)
FN:34,getIterationIngredients
FN:38,(anonymous_3)
FN:56,handleCommitIteration
FNF:5
FNH:0
FNDA:0,initIterationUI
FNDA:0,(anonymous_1)
FNDA:0,getIterationIngredients
FNDA:0,(anonymous_3)
FNDA:0,handleCommitIteration
DA:9,0
DA:10,0
DA:12,0
DA:13,0
DA:14,0
DA:15,0
DA:16,0
DA:17,0
DA:18,0
DA:19,0
DA:21,0
DA:22,0
DA:23,0
DA:24,0
DA:25,0
DA:35,0
DA:36,0
DA:38,0
DA:39,0
DA:40,0
DA:42,0
DA:50,0
DA:57,0
DA:58,0
DA:59,0
DA:62,0
DA:64,0
DA:65,0
DA:66,0
DA:67,0
DA:69,0
DA:72,0
DA:73,0
LF:33
LH:0
BRDA:10,0,0,0
BRDA:10,0,1,0
BRDA:13,1,0,0
BRDA:13,1,1,0
BRDA:15,2,0,0
BRDA:15,2,1,0
BRDA:18,3,0,0
BRDA:18,3,1,0
BRDA:21,4,0,0
BRDA:21,4,1,0
BRDA:23,5,0,0
BRDA:23,5,1,0
BRDA:24,6,0,0
BRDA:24,6,1,0
BRDA:43,7,0,0
BRDA:43,7,1,0
BRDA:44,8,0,0
BRDA:44,8,1,0
BRDA:45,9,0,0
BRDA:45,9,1,0
BRDA:46,10,0,0
BRDA:46,10,1,0
BRDA:57,11,0,0
BRDA:57,11,1,0
BRDA:66,12,0,0
BRDA:66,12,1,0
BRDA:69,13,0,0
BRDA:69,13,1,0
BRF:28
BRH:0
end_of_record
TN:
SF:js/main.js
FN:24,(anonymous_0)
FN:27,(anonymous_1)
FNF:2
FNH:0
FNDA:0,(anonymous_0)
FNDA:0,(anonymous_1)
DA:24,0
DA:25,0
DA:26,0
DA:27,0
DA:28,0
DA:29,0
DA:30,0
DA:31,0
DA:34,0
DA:35,0
LF:10
LH:0
BRDA:26,0,0,0
BRDA:26,0,1,0
BRF:2
BRH:0
end_of_record
TN:
SF:js/product-actions.js
FN:4,scaleRecipe
FN:5,(anonymous_1)
FN:12,convertUnits
FN:14,(anonymous_3)
FN:23,printRecipe
FN:34,generateShoppingList
FN:35,(anonymous_6)
FNF:7
FNH:7
FNDA:6,scaleRecipe
FNDA:14,(anonymous_1)
FNDA:5,convertUnits
FNDA:9,(anonymous_3)
FNDA:1,printRecipe
FNDA:3,generateShoppingList
FNDA:5,(anonymous_6)
DA:5,14
DA:14,5
DA:15,9
DA:24,1
DA:25,1
DA:26,1
DA:27,1
DA:28,1
DA:29,1
DA:30,1
DA:35,5
LF:11
LH:11
BRDA:12,0,0,0
BRDA:17,1,0,6
BRDA:17,1,1,3
BRF:3
BRH:2
end_of_record
TN:
SF:js/recipe-actions.js
FN:9,(anonymous_0)
FN:29,(anonymous_1)
FN:30,(anonymous_2)
FN:32,toggle
FN:53,createSliderControl
FN:70,(anonymous_5)
FN:82,createToggleControl
FN:93,(anonymous_7)
FN:103,createResultDisplay
FN:114,initRecipeActions
FN:145,(anonymous_10)
FN:150,(anonymous_11)
FNF:12
FNH:11
FNDA:33,(anonymous_0)
FNDA:4,(anonymous_1)
FNDA:0,(anonymous_2)
FNDA:4,toggle
FNDA:9,createSliderControl
FNDA:2,(anonymous_5)
FNDA:9,createToggleControl
FNDA:2,(anonymous_7)
FNDA:9,createResultDisplay
FNDA:8,initRecipeActions
FNDA:1,(anonymous_10)
FNDA:1,(anonymous_11)
DA:8,4
DA:10,33
DA:11,33
DA:12,33
DA:14,33
DA:15,33
DA:16,33
DA:17,33
DA:18,33
DA:19,33
DA:21,33
DA:22,33
DA:23,33
DA:24,33
DA:25,33
DA:26,33
DA:27,33
DA:29,33
DA:30,33
DA:33,4
DA:34,4
DA:35,4
DA:36,4
DA:37,3
DA:38,3
DA:40,1
DA:41,1
DA:45,33
DA:46,33
DA:47,33
DA:48,33
DA:54,9
DA:55,9
DA:57,9
DA:58,9
DA:60,9
DA:61,9
DA:62,9
DA:63,9
DA:64,9
DA:65,9
DA:67,9
DA:68,9
DA:70,9
DA:71,2
DA:72,2
DA:75,9
DA:76,9
DA:77,9
DA:78,9
DA:83,9
DA:84,9
DA:86,9
DA:87,9
DA:89,9
DA:90,9
DA:91,9
DA:93,9
DA:94,2
DA:97,9
DA:98,9
DA:99,9
DA:104,9
DA:105,9
DA:106,9
DA:107,9
DA:115,8
DA:116,8
DA:119,8
DA:122,8
DA:123,8
DA:124,8
DA:127,8
DA:128,8
DA:129,8
DA:132,8
DA:133,8
DA:134,8
DA:135,8
DA:138,8
DA:139,8
DA:145,1
DA:147,8
DA:150,1
DA:152,8
DA:153,8
DA:154,8
LF:87
LH:87
BRDA:30,0,0,0
BRDA:30,0,1,0
BRDA:30,1,0,0
BRDA:30,1,1,0
BRDA:36,2,0,3
BRDA:36,2,1,1
BRDA:53,3,0,0
BRDA:53,4,0,0
BRDA:53,5,0,0
BRDA:53,6,0,0
BRDA:72,7,0,2
BRDA:72,7,1,0
BRDA:82,8,0,0
BRDA:94,9,0,2
BRDA:94,9,1,0
BRDA:103,10,0,0
BRDA:116,11,0,0
BRDA:116,11,1,8
BRF:18
BRH:5
end_of_record
TN:
SF:js/recipe-analysis.js
FN:7,checkIngredientCompatibility
FN:13,(anonymous_1)
FN:23,estimatePH
FN:25,(anonymous_3)
FN:34,(anonymous_4)
FN:56,(anonymous_5)
FN:57,(anonymous_6)
FN:62,(anonymous_7)
FN:71,(anonymous_8)
FN:81,(anonymous_9)
FN:82,(anonymous_10)
FN:87,(anonymous_11)
FN:96,(anonymous_12)
FN:106,(anonymous_13)
FN:107,(anonymous_14)
FN:112,(anonymous_15)
FN:128,(anonymous_16)
FN:129,(anonymous_17)
FN:133,calculateShelfLife
FN:135,(anonymous_19)
FNF:20
FNH:12
FNDA:7,checkIngredientCompatibility
FNDA:11,(anonymous_1)
FNDA:8,estimatePH
FNDA:13,(anonymous_3)
FNDA:1,(anonymous_4)
FNDA:0,(anonymous_5)
FNDA:0,(anonymous_6)
FNDA:2,(anonymous_7)
FNDA:2,(anonymous_8)
FNDA:0,(anonymous_9)
FNDA:0,(anonymous_10)
FNDA:2,(anonymous_11)
FNDA:2,(anonymous_12)
FNDA:0,(anonymous_13)
FNDA:0,(anonymous_14)
FNDA:1,(anonymous_15)
FNDA:0,(anonymous_16)
FNDA:0,(anonymous_17)
FNDA:7,calculateShelfLife
FNDA:12,(anonymous_19)
DA:8,7
DA:13,11
DA:14,7
DA:15,13
DA:16,2
DA:19,5
DA:24,8
DA:25,8
DA:26,13
DA:27,13
DA:29,8
DA:33,7
DA:35,1
DA:36,1
DA:38,1
DA:39,1
DA:40,1
DA:42,1
DA:43,1
DA:45,1
DA:46,1
DA:47,1
DA:49,1
DA:50,1
DA:51,1
DA:53,1
DA:54,1
DA:61,7
DA:63,2
DA:64,2
DA:66,2
DA:67,2
DA:68,2
DA:70,2
DA:71,2
DA:72,2
DA:73,2
DA:74,2
DA:76,2
DA:78,2
DA:79,2
DA:86,7
DA:88,2
DA:89,2
DA:91,2
DA:92,2
DA:93,2
DA:95,2
DA:96,2
DA:97,2
DA:98,2
DA:99,2
DA:101,2
DA:103,2
DA:104,2
DA:111,7
DA:113,1
DA:114,1
DA:116,1
DA:117,1
DA:118,1
DA:120,1
DA:121,1
DA:122,1
DA:123,1
DA:125,1
DA:126,1
DA:134,7
DA:135,7
DA:136,12
DA:137,3
DA:140,7
LF:72
LH:72
BRDA:15,0,0,2
BRDA:15,0,1,11
BRDA:15,1,0,13
BRDA:15,1,1,3
BRDA:26,2,0,4
BRDA:26,2,1,9
BRDA:27,3,0,3
BRDA:27,3,1,10
BRDA:46,4,0,1
BRDA:46,4,1,0
BRDA:73,5,0,2
BRDA:73,5,1,0
BRDA:96,6,0,2
BRDA:96,6,1,0
BRDA:136,7,0,3
BRDA:136,7,1,9
BRDA:136,8,0,12
BRDA:136,8,1,6
BRF:18
BRH:15
end_of_record
TN:
SF:js/recipe-details-ui.js
FN:7,renderRecipeIngredientsTable
FN:13,(anonymous_1)
FN:41,createEditableIngredientRow
FN:45,(anonymous_3)
FN:69,updateRecipeStats
FN:80,showRecipeDetails
FN:83,(anonymous_6)
FNF:7
FNH:0
FNDA:0,renderRecipeIngredientsTable
FNDA:0,(anonymous_1)
FNDA:0,createEditableIngredientRow
FNDA:0,(anonymous_3)
FNDA:0,updateRecipeStats
FNDA:0,showRecipeDetails
FNDA:0,(anonymous_6)
DA:8,0
DA:9,0
DA:11,0
DA:13,0
DA:14,0
DA:16,0
DA:17,0
DA:18,0
DA:20,0
DA:21,0
DA:22,0
DA:24,0
DA:25,0
DA:26,0
DA:28,0
DA:29,0
DA:30,0
DA:32,0
DA:42,0
DA:44,0
DA:45,0
DA:46,0
DA:47,0
DA:48,0
DA:49,0
DA:50,0
DA:51,0
DA:52,0
DA:55,0
DA:56,0
DA:57,0
DA:58,0
DA:59,0
DA:60,0
DA:62,0
DA:70,0
DA:71,0
DA:72,0
DA:73,0
DA:81,0
DA:83,0
DA:84,0
DA:85,0
DA:86,0
DA:88,0
DA:91,0
DA:92,0
DA:93,0
DA:95,0
DA:97,0
DA:99,0
DA:100,0
DA:101,0
DA:102,0
DA:104,0
DA:105,0
DA:108,0
DA:109,0
LF:58
LH:0
BRDA:9,0,0,0
BRDA:9,0,1,0
BRDA:17,1,0,0
BRDA:17,1,1,0
BRDA:21,2,0,0
BRDA:21,2,1,0
BRDA:25,3,0,0
BRDA:25,3,1,0
BRDA:29,4,0,0
BRDA:29,4,1,0
BRDA:41,5,0,0
BRDA:49,6,0,0
BRDA:49,6,1,0
BRDA:84,7,0,0
BRDA:84,7,1,0
BRDA:97,8,0,0
BRDA:97,8,1,0
BRDA:100,9,0,0
BRDA:100,9,1,0
BRDA:102,10,0,0
BRDA:102,10,1,0
BRDA:105,11,0,0
BRDA:105,11,1,0
BRF:23
BRH:0
end_of_record
TN:
SF:js/recipe-iteration.js
FN:4,createNewVersion
FN:16,substituteIngredient
FN:17,(anonymous_2)
FN:23,saveNotesAndResults
FN:32,compareVersions
FN:35,(anonymous_5)
FNF:6
FNH:6
FNDA:2,createNewVersion
FNDA:4,substituteIngredient
FNDA:8,(anonymous_2)
FNDA:2,saveNotesAndResults
FNDA:4,compareVersions
FNDA:5,(anonymous_5)
DA:5,2
DA:6,2
DA:17,4
DA:18,8
DA:24,2
DA:33,4
DA:35,5
LF:7
LH:7
BRDA:18,0,0,3
BRDA:18,0,1,5
BRDA:34,1,0,4
BRDA:34,1,1,3
BRF:4
BRH:4
end_of_record
TN:
SF:js/recipe-list-ui.js
FN:7,renderRecipes
FN:13,(anonymous_1)
FN:25,initRecipeListUI
FN:29,(anonymous_3)
FN:35,(anonymous_4)
FNF:5
FNH:0
FNDA:0,renderRecipes
FNDA:0,(anonymous_1)
FNDA:0,initRecipeListUI
FNDA:0,(anonymous_3)
FNDA:0,(anonymous_4)
DA:8,0
DA:9,0
DA:11,0
DA:13,0
DA:14,0
DA:15,0
DA:16,0
DA:17,0
DA:18,0
DA:26,0
DA:27,0
DA:29,0
DA:30,0
DA:31,0
DA:32,0
DA:35,0
DA:36,0
DA:39,0
DA:42,0
DA:43,0
DA:44,0
LF:21
LH:0
BRDA:9,0,0,0
BRDA:9,0,1,0
BRDA:17,1,0,0
BRDA:17,1,1,0
BRDA:27,2,0,0
BRDA:27,2,1,0
BRDA:31,3,0,0
BRDA:31,3,1,0
BRDA:31,4,0,0
BRDA:31,4,1,0
BRDA:43,5,0,0
BRDA:43,5,1,0
BRDA:43,6,0,0
BRDA:43,6,1,0
BRF:14
BRH:0
end_of_record
TN:
SF:js/recipe-renderer.js
FN:3,(anonymous_0)
FN:4,renderRecipeList
FN:10,(anonymous_2)
FN:18,renderRecipeDetails
FN:39,initialize
FN:40,(anonymous_5)
FN:44,(anonymous_6)
FNF:7
FNH:0
FNDA:0,(anonymous_0)
FNDA:0,renderRecipeList
FNDA:0,(anonymous_2)
FNDA:0,renderRecipeDetails
FNDA:0,initialize
FNDA:0,(anonymous_5)
FNDA:0,(anonymous_6)
DA:3,0
DA:5,0
DA:6,0
DA:8,0
DA:10,0
DA:11,0
DA:12,0
DA:13,0
DA:14,0
DA:19,0
DA:20,0
DA:22,0
DA:24,0
DA:25,0
DA:26,0
DA:29,0
DA:30,0
DA:32,0
DA:33,0
DA:35,0
DA:36,0
DA:40,0
DA:41,0
DA:43,0
DA:44,0
DA:47,0
DA:51,0
LF:27
LH:0
BRDA:6,0,0,0
BRDA:6,0,1,0
BRDA:20,1,0,0
BRDA:20,1,1,0
BRDA:24,2,0,0
BRDA:24,2,1,0
BRDA:33,3,0,0
BRDA:33,3,1,0
BRF:8
BRH:0
end_of_record
TN:
SF:js/response-handler.js
FN:3,handleApiResponse
FN:5,(anonymous_1)
FN:14,(anonymous_2)
FNF:3
FNH:2
FNDA:23,handleApiResponse
FNDA:23,(anonymous_1)
FNDA:0,(anonymous_2)
DA:4,23
DA:6,23
DA:7,8
DA:8,8
DA:9,8
DA:11,15
DA:12,15
DA:15,0
DA:16,0
DA:17,0
LF:10
LH:7
BRDA:6,0,0,8
BRDA:6,0,1,15
BRDA:8,1,0,8
BRDA:8,1,1,0
BRDA:11,2,0,15
BRDA:11,2,1,0
BRDA:16,3,0,0
BRDA:16,3,1,0
BRF:8
BRH:4
end_of_record
TN:
SF:js/settings-ui.js
FN:8,initSettingsUI
FN:74,(anonymous_1)
FN:81,(anonymous_2)
FN:87,(anonymous_3)
FN:101,setupPanelEventListeners
FN:129,toggleSettingsPanel
FN:195,(anonymous_6)
FN:208,handleMagicLinkRequest
FN:212,handleLogout
FN:216,handleEditModeToggle
FN:220,handleThemeToggle
FN:227,updateSettingsUI
FN:236,updateAuthUI
FN:284,updateEditModeUI
FN:305,updateThemeUI
FNF:15
FNH:0
FNDA:0,initSettingsUI
FNDA:0,(anonymous_1)
FNDA:0,(anonymous_2)
FNDA:0,(anonymous_3)
FNDA:0,setupPanelEventListeners
FNDA:0,toggleSettingsPanel
FNDA:0,(anonymous_6)
FNDA:0,handleMagicLinkRequest
FNDA:0,handleLogout
FNDA:0,handleEditModeToggle
FNDA:0,handleThemeToggle
FNDA:0,updateSettingsUI
FNDA:0,updateAuthUI
FNDA:0,updateEditModeUI
FNDA:0,updateThemeUI
DA:9,0
DA:10,0
DA:11,0
DA:14,0
DA:15,0
DA:16,0
DA:19,0
DA:20,0
DA:21,0
DA:24,0
DA:64,0
DA:65,0
DA:66,0
DA:67,0
DA:69,0
DA:73,0
DA:74,0
DA:75,0
DA:76,0
DA:77,0
DA:81,0
DA:82,0
DA:83,0
DA:87,0
DA:88,0
DA:89,0
DA:90,0
DA:95,0
DA:102,0
DA:103,0
DA:104,0
DA:106,0
DA:107,0
DA:110,0
DA:111,0
DA:114,0
DA:115,0
DA:116,0
DA:119,0
DA:120,0
DA:121,0
DA:130,0
DA:131,0
DA:132,0
DA:135,0
DA:136,0
DA:139,0
DA:141,0
DA:142,0
DA:144,0
DA:145,0
DA:146,0
DA:147,0
DA:148,0
DA:149,0
DA:150,0
DA:151,0
DA:152,0
DA:153,0
DA:154,0
DA:155,0
DA:156,0
DA:157,0
DA:158,0
DA:161,0
DA:164,0
DA:165,0
DA:166,0
DA:169,0
DA:170,0
DA:173,0
DA:174,0
DA:178,0
DA:179,0
DA:181,0
DA:182,0
DA:183,0
DA:184,0
DA:187,0
DA:190,0
DA:191,0
DA:195,0
DA:196,0
DA:197,0
DA:198,0
DA:203,0
DA:228,0
DA:229,0
DA:230,0
DA:237,0
DA:238,0
DA:239,0
DA:240,0
DA:242,0
DA:243,0
DA:244,0
DA:245,0
DA:248,0
DA:249,0
DA:250,0
DA:254,0
DA:255,0
DA:256,0
DA:257,0
DA:258,0
DA:260,0
DA:264,0
DA:265,0
DA:268,0
DA:269,0
DA:270,0
DA:271,0
DA:272,0
DA:274,0
DA:285,0
DA:287,0
DA:288,0
DA:289,0
DA:292,0
DA:293,0
DA:294,0
DA:296,0
DA:297,0
DA:306,0
DA:308,0
DA:309,0
DA:310,0
LF:127
LH:0
BRDA:64,0,0,0
BRDA:64,0,1,0
BRDA:73,1,0,0
BRDA:73,1,1,0
BRDA:89,2,0,0
BRDA:89,2,1,0
BRDA:89,3,0,0
BRDA:89,3,1,0
BRDA:89,3,2,0
BRDA:106,4,0,0
BRDA:106,4,1,0
BRDA:106,5,0,0
BRDA:106,5,1,0
BRDA:110,6,0,0
BRDA:110,6,1,0
BRDA:115,7,0,0
BRDA:115,7,1,0
BRDA:120,8,0,0
BRDA:120,8,1,0
BRDA:135,9,0,0
BRDA:135,9,1,0
BRDA:139,10,0,0
BRDA:139,10,1,0
BRDA:141,11,0,0
BRDA:141,11,1,0
BRDA:141,12,0,0
BRDA:141,12,1,0
BRDA:142,13,0,0
BRDA:142,13,1,0
BRDA:173,14,0,0
BRDA:173,14,1,0
BRDA:190,15,0,0
BRDA:190,15,1,0
BRDA:196,16,0,0
BRDA:196,16,1,0
BRDA:242,17,0,0
BRDA:242,17,1,0
BRDA:242,18,0,0
BRDA:242,18,1,0
BRDA:243,19,0,0
BRDA:243,19,1,0
BRDA:249,20,0,0
BRDA:249,20,1,0
BRDA:249,21,0,0
BRDA:249,21,1,0
BRDA:249,21,2,0
BRDA:254,22,0,0
BRDA:254,22,1,0
BRDA:255,23,0,0
BRDA:255,23,1,0
BRDA:268,24,0,0
BRDA:268,24,1,0
BRDA:269,25,0,0
BRDA:269,25,1,0
BRDA:287,26,0,0
BRDA:287,26,1,0
BRDA:289,27,0,0
BRDA:289,27,1,0
BRDA:292,28,0,0
BRDA:292,28,1,0
BRDA:308,29,0,0
BRDA:308,29,1,0
BRDA:309,30,0,0
BRDA:309,30,1,0
BRF:64
BRH:0
end_of_record
TN:
SF:js/supabaseClient.js
FN:30,createMockQuery
FN:35,(anonymous_1)
FN:36,(anonymous_2)
FN:37,(anonymous_3)
FN:38,(anonymous_4)
FN:41,(anonymous_5)
FN:42,(anonymous_6)
FN:43,(anonymous_7)
FN:44,(anonymous_8)
FN:45,(anonymous_9)
FN:46,(anonymous_10)
FN:47,(anonymous_11)
FN:48,(anonymous_12)
FN:49,(anonymous_13)
FN:50,(anonymous_14)
FN:51,(anonymous_15)
FN:52,(anonymous_16)
FN:53,(anonymous_17)
FN:54,(anonymous_18)
FN:55,(anonymous_19)
FN:56,(anonymous_20)
FN:57,(anonymous_21)
FN:58,(anonymous_22)
FN:59,(anonymous_23)
FN:60,(anonymous_24)
FN:61,(anonymous_25)
FN:62,(anonymous_26)
FN:63,(anonymous_27)
FN:64,(anonymous_28)
FN:71,(anonymous_29)
FN:73,(anonymous_30)
FN:77,(anonymous_31)
FN:89,(anonymous_32)
FN:106,(anonymous_33)
FNF:34
FNH:0
FNDA:0,createMockQuery
FNDA:0,(anonymous_1)
FNDA:0,(anonymous_2)
FNDA:0,(anonymous_3)
FNDA:0,(anonymous_4)
FNDA:0,(anonymous_5)
FNDA:0,(anonymous_6)
FNDA:0,(anonymous_7)
FNDA:0,(anonymous_8)
FNDA:0,(anonymous_9)
FNDA:0,(anonymous_10)
FNDA:0,(anonymous_11)
FNDA:0,(anonymous_12)
FNDA:0,(anonymous_13)
FNDA:0,(anonymous_14)
FNDA:0,(anonymous_15)
FNDA:0,(anonymous_16)
FNDA:0,(anonymous_17)
FNDA:0,(anonymous_18)
FNDA:0,(anonymous_19)
FNDA:0,(anonymous_20)
FNDA:0,(anonymous_21)
FNDA:0,(anonymous_22)
FNDA:0,(anonymous_23)
FNDA:0,(anonymous_24)
FNDA:0,(anonymous_25)
FNDA:0,(anonymous_26)
FNDA:0,(anonymous_27)
FNDA:0,(anonymous_28)
FNDA:0,(anonymous_29)
FNDA:0,(anonymous_30)
FNDA:0,(anonymous_31)
FNDA:0,(anonymous_32)
FNDA:0,(anonymous_33)
DA:7,0
DA:8,0
DA:11,0
DA:12,0
DA:15,0
DA:18,0
DA:32,0
DA:35,0
DA:36,0
DA:37,0
DA:38,0
DA:41,0
DA:42,0
DA:43,0
DA:44,0
DA:45,0
DA:46,0
DA:47,0
DA:48,0
DA:49,0
DA:50,0
DA:51,0
DA:52,0
DA:53,0
DA:54,0
DA:55,0
DA:56,0
DA:57,0
DA:58,0
DA:59,0
DA:60,0
DA:61,0
DA:62,0
DA:63,0
DA:64,0
DA:66,0
DA:70,0
DA:72,0
DA:73,0
DA:74,0
DA:76,0
DA:79,0
DA:80,0
DA:88,0
DA:89,0
DA:90,0
DA:91,0
DA:92,0
DA:93,0
DA:94,0
DA:95,0
DA:97,0
DA:99,0
DA:100,0
DA:105,0
DA:106,0
DA:107,0
DA:108,0
DA:109,0
DA:110,0
DA:112,0
DA:113,0
DA:114,0
DA:117,0
DA:118,0
DA:119,0
DA:125,0
DA:130,0
DA:134,0
LF:69
LH:0
BRDA:11,0,0,0
BRDA:11,0,1,0
BRDA:11,1,0,0
BRDA:11,1,1,0
BRDA:35,2,0,0
BRDA:35,2,1,0
BRDA:72,3,0,0
BRDA:72,3,1,0
BRDA:88,4,0,0
BRDA:88,4,1,0
BRDA:93,5,0,0
BRDA:93,5,1,0
BRDA:105,6,0,0
BRDA:105,6,1,0
BRDA:108,7,0,0
BRDA:108,7,1,0
BRF:16
BRH:0
end_of_record
TN:
SF:js/ui-error-boundary.js
FN:1,createErrorBoundary
FNF:1
FNH:0
FNDA:0,createErrorBoundary
DA:2,0
DA:4,0
DA:5,0
DA:7,0
DA:8,0
LF:5
LH:0
BRF:0
BRH:0
end_of_record
TN:
SF:js/ui-utils.js
FN:11,showNotification
FN:35,(anonymous_1)
FN:46,safeSetText
FNF:3
FNH:0
FNDA:0,showNotification
FNDA:0,(anonymous_1)
FNDA:0,safeSetText
DA:12,0
DA:13,0
DA:15,0
DA:16,0
DA:17,0
DA:18,0
DA:19,0
DA:20,0
DA:21,0
DA:22,0
DA:23,0
DA:25,0
DA:26,0
DA:27,0
DA:28,0
DA:30,0
DA:33,0
DA:35,0
DA:36,0
DA:47,0
DA:48,0
DA:49,0
LF:22
LH:0
BRDA:11,0,0,0
BRDA:25,1,0,0
BRDA:25,1,1,0
BRDA:27,2,0,0
BRDA:27,2,1,0
BRDA:46,3,0,0
BRDA:48,4,0,0
BRDA:48,4,1,0
BRDA:49,5,0,0
BRDA:49,5,1,0
BRF:10
BRH:0
end_of_record
TN:
SF:js/ui.js
FN:15,(anonymous_0)
FN:42,(anonymous_1)
FN:50,setEditModeFields
FN:89,(anonymous_3)
FN:104,isEditMode
FN:112,renderRecipes
FN:121,(anonymous_6)
FN:126,(anonymous_7)
FN:163,renderGlobalIngredients
FN:183,(anonymous_9)
FN:190,(anonymous_10)
FN:259,renderRecipeIngredientsTable
FN:284,(anonymous_12)
FN:302,showRecipeDetails
FN:309,(anonymous_14)
FN:337,(anonymous_15)
FN:345,(anonymous_16)
FN:381,(anonymous_17)
FN:390,(anonymous_18)
FN:404,(anonymous_19)
FN:457,(anonymous_20)
FN:498,(anonymous_21)
FN:499,(anonymous_22)
FN:527,(anonymous_23)
FN:571,(anonymous_24)
FN:604,createEditableIngredientRow
FN:607,(anonymous_26)
FN:620,(anonymous_27)
FN:638,(anonymous_28)
FN:716,(anonymous_29)
FN:738,doCommitIteration
FN:769,(anonymous_31)
FN:845,doAISuggestion
FN:852,doUpdateIngredient
FN:859,reloadData
FN:866,(anonymous_35)
FN:873,(anonymous_36)
FN:916,safeSetText
FN:922,updateRecipeStats
FN:947,setupIterationFunctionality
FN:955,(anonymous_40)
FN:978,(anonymous_41)
FN:987,(anonymous_42)
FN:1040,initUI
FN:1051,(anonymous_44)
FN:1069,(anonymous_45)
FN:1090,(anonymous_46)
FN:1110,(anonymous_47)
FN:1149,(anonymous_48)
FN:1181,(anonymous_49)
FN:1188,(anonymous_50)
FN:1204,(anonymous_51)
FN:1216,(anonymous_52)
FN:1273,(anonymous_53)
FN:1304,(anonymous_54)
FN:1322,(anonymous_55)
FN:1333,(anonymous_56)
FN:1367,(anonymous_57)
FN:1445,renderAdvancedAnalysis
FN:1466,(anonymous_59)
FN:1478,(anonymous_60)
FNF:61
FNH:13
FNDA:0,(anonymous_0)
FNDA:0,(anonymous_1)
FNDA:0,setEditModeFields
FNDA:0,(anonymous_3)
FNDA:3,isEditMode
FNDA:3,renderRecipes
FNDA:4,(anonymous_6)
FNDA:5,(anonymous_7)
FNDA:3,renderGlobalIngredients
FNDA:5,(anonymous_9)
FNDA:5,(anonymous_10)
FNDA:0,renderRecipeIngredientsTable
FNDA:0,(anonymous_12)
FNDA:1,showRecipeDetails
FNDA:0,(anonymous_14)
FNDA:0,(anonymous_15)
FNDA:0,(anonymous_16)
FNDA:0,(anonymous_17)
FNDA:0,(anonymous_18)
FNDA:0,(anonymous_19)
FNDA:0,(anonymous_20)
FNDA:0,(anonymous_21)
FNDA:0,(anonymous_22)
FNDA:0,(anonymous_23)
FNDA:0,(anonymous_24)
FNDA:3,createEditableIngredientRow
FNDA:0,(anonymous_26)
FNDA:12,(anonymous_27)
FNDA:0,(anonymous_28)
FNDA:1,(anonymous_29)
FNDA:0,doCommitIteration
FNDA:0,(anonymous_31)
FNDA:0,doAISuggestion
FNDA:0,doUpdateIngredient
FNDA:1,reloadData
FNDA:0,(anonymous_35)
FNDA:0,(anonymous_36)
FNDA:0,safeSetText
FNDA:0,updateRecipeStats
FNDA:0,setupIterationFunctionality
FNDA:0,(anonymous_40)
FNDA:0,(anonymous_41)
FNDA:0,(anonymous_42)
FNDA:0,initUI
FNDA:0,(anonymous_44)
FNDA:0,(anonymous_45)
FNDA:0,(anonymous_46)
FNDA:0,(anonymous_47)
FNDA:0,(anonymous_48)
FNDA:0,(anonymous_49)
FNDA:0,(anonymous_50)
FNDA:0,(anonymous_51)
FNDA:0,(anonymous_52)
FNDA:0,(anonymous_53)
FNDA:0,(anonymous_54)
FNDA:0,(anonymous_55)
FNDA:0,(anonymous_56)
FNDA:0,(anonymous_57)
FNDA:1,renderAdvancedAnalysis
FNDA:0,(anonymous_59)
FNDA:0,(anonymous_60)
DA:10,3
DA:11,3
DA:12,3
DA:15,3
DA:16,0
DA:17,0
DA:20,0
DA:21,0
DA:22,0
DA:23,0
DA:24,0
DA:25,0
DA:26,0
DA:27,0
DA:28,0
DA:31,0
DA:32,0
DA:33,0
DA:34,0
DA:36,0
DA:39,0
DA:42,0
DA:43,0
DA:51,0
DA:52,0
DA:53,0
DA:54,0
DA:55,0
DA:58,0
DA:59,0
DA:63,0
DA:64,0
DA:65,0
DA:69,0
DA:70,0
DA:72,0
DA:73,0
DA:75,0
DA:76,0
DA:80,0
DA:81,0
DA:82,0
DA:84,0
DA:85,0
DA:86,0
DA:89,0
DA:91,0
DA:92,0
DA:105,3
DA:106,3
DA:113,3
DA:114,3
DA:115,3
DA:118,3
DA:121,3
DA:122,4
DA:126,3
DA:127,5
DA:128,5
DA:129,5
DA:130,5
DA:133,5
DA:134,5
DA:137,5
DA:138,5
DA:139,5
DA:140,5
DA:143,5
DA:144,1
DA:145,1
DA:146,1
DA:147,1
DA:150,5
DA:153,5
DA:164,3
DA:165,3
DA:166,3
DA:167,0
DA:168,0
DA:171,3
DA:174,3
DA:176,3
DA:177,1
DA:178,1
DA:179,1
DA:183,2
DA:184,5
DA:187,2
DA:190,2
DA:192,5
DA:193,5
DA:194,5
DA:197,5
DA:198,5
DA:199,5
DA:200,5
DA:201,5
DA:202,5
DA:205,5
DA:206,5
DA:207,5
DA:208,5
DA:209,5
DA:210,5
DA:214,5
DA:217,5
DA:218,5
DA:219,5
DA:220,5
DA:221,5
DA:222,5
DA:225,5
DA:226,2
DA:227,2
DA:228,2
DA:229,2
DA:230,2
DA:231,2
DA:237,5
DA:238,2
DA:242,5
DA:243,5
DA:244,5
DA:245,5
DA:246,5
DA:247,5
DA:250,5
DA:260,0
DA:261,0
DA:262,0
DA:263,0
DA:264,0
DA:267,0
DA:269,0
DA:270,0
DA:271,0
DA:272,0
DA:273,0
DA:274,0
DA:275,0
DA:276,0
DA:277,0
DA:278,0
DA:284,0
DA:285,0
DA:286,0
DA:287,0
DA:290,0
DA:303,1
DA:307,1
DA:309,1
DA:310,1
DA:311,1
DA:314,1
DA:315,1
DA:316,1
DA:322,1
DA:323,0
DA:324,0
DA:326,1
DA:330,1
DA:331,1
DA:335,1
DA:337,1
DA:338,1
DA:340,0
DA:341,0
DA:345,0
DA:346,0
DA:347,0
DA:349,0
DA:357,0
DA:358,0
DA:359,0
DA:364,0
DA:365,0
DA:367,0
DA:368,0
DA:372,0
DA:373,0
DA:377,0
DA:378,0
DA:381,0
DA:382,0
DA:383,0
DA:387,0
DA:390,0
DA:391,0
DA:392,0
DA:393,0
DA:395,0
DA:404,0
DA:407,1
DA:408,1
DA:410,1
DA:412,1
DA:413,1
DA:415,1
DA:416,1
DA:419,0
DA:421,0
DA:426,0
DA:428,0
DA:430,0
DA:432,0
DA:433,0
DA:434,0
DA:438,0
DA:440,0
DA:442,0
DA:445,0
DA:446,0
DA:447,0
DA:449,0
DA:450,0
DA:451,0
DA:452,0
DA:453,0
DA:454,0
DA:455,0
DA:456,0
DA:457,0
DA:458,0
DA:459,0
DA:460,0
DA:461,0
DA:465,0
DA:466,0
DA:467,0
DA:468,0
DA:470,0
DA:471,0
DA:472,0
DA:474,0
DA:476,0
DA:477,0
DA:481,0
DA:485,0
DA:486,0
DA:487,0
DA:488,0
DA:489,0
DA:490,0
DA:492,0
DA:493,0
DA:495,0
DA:496,0
DA:497,0
DA:498,0
DA:499,0
DA:500,0
DA:502,0
DA:503,0
DA:505,0
DA:508,0
DA:509,0
DA:511,0
DA:512,0
DA:514,0
DA:516,0
DA:521,0
DA:522,0
DA:523,0
DA:524,0
DA:525,0
DA:526,0
DA:527,0
DA:528,0
DA:529,0
DA:530,0
DA:531,0
DA:533,0
DA:535,0
DA:559,0
DA:560,0
DA:566,0
DA:569,0
DA:570,0
DA:571,0
DA:572,0
DA:573,0
DA:575,0
DA:580,0
DA:605,3
DA:606,3
DA:607,3
DA:608,3
DA:611,3
DA:612,3
DA:614,3
DA:615,0
DA:617,3
DA:619,3
DA:620,3
DA:621,12
DA:622,12
DA:623,12
DA:625,12
DA:626,3
DA:627,3
DA:628,3
DA:631,3
DA:632,3
DA:633,3
DA:634,3
DA:635,3
DA:638,3
DA:639,0
DA:640,0
DA:641,0
DA:643,0
DA:645,0
DA:648,0
DA:651,0
DA:652,0
DA:653,0
DA:654,0
DA:657,0
DA:659,0
DA:660,0
DA:661,0
DA:664,0
DA:667,0
DA:668,0
DA:669,0
DA:671,0
DA:675,3
DA:676,3
DA:679,0
DA:680,0
DA:681,0
DA:683,0
DA:684,0
DA:689,3
DA:692,9
DA:693,9
DA:694,9
DA:695,9
DA:696,9
DA:697,9
DA:698,3
DA:699,3
DA:700,3
DA:702,9
DA:704,12
DA:707,3
DA:708,3
DA:709,3
DA:710,3
DA:711,3
DA:712,3
DA:713,3
DA:714,3
DA:715,3
DA:716,3
DA:717,1
DA:718,1
DA:719,1
DA:720,0
DA:721,0
DA:722,0
DA:723,0
DA:724,0
DA:725,0
DA:726,0
DA:729,3
DA:730,3
DA:732,3
DA:739,0
DA:740,0
DA:741,0
DA:745,0
DA:746,0
DA:747,0
DA:750,0
DA:751,0
DA:752,0
DA:753,0
DA:756,0
DA:757,0
DA:759,0
DA:760,0
DA:763,0
DA:764,0
DA:765,0
DA:766,0
DA:767,0
DA:769,0
DA:770,0
DA:771,0
DA:773,0
DA:774,0
DA:775,0
DA:776,0
DA:777,0
DA:778,0
DA:779,0
DA:781,0
DA:782,0
DA:783,0
DA:784,0
DA:786,0
DA:792,0
DA:795,0
DA:796,0
DA:797,0
DA:799,0
DA:800,0
DA:801,0
DA:803,0
DA:804,0
DA:805,0
DA:810,0
DA:811,0
DA:812,0
DA:816,0
DA:818,0
DA:819,0
DA:822,0
DA:827,0
DA:830,0
DA:831,0
DA:833,0
DA:834,0
DA:837,0
DA:838,0
DA:846,0
DA:853,0
DA:860,1
DA:861,1
DA:863,1
DA:864,1
DA:865,0
DA:866,0
DA:867,0
DA:870,0
DA:871,0
DA:872,0
DA:873,0
DA:876,0
DA:877,0
DA:880,0
DA:881,0
DA:884,0
DA:885,0
DA:891,0
DA:893,0
DA:895,0
DA:897,0
DA:898,0
DA:900,1
DA:901,1
DA:902,1
DA:917,0
DA:918,0
DA:919,0
DA:923,0
DA:924,0
DA:926,0
DA:928,0
DA:931,0
DA:932,0
DA:933,0
DA:934,0
DA:948,0
DA:949,0
DA:950,0
DA:951,0
DA:952,0
DA:954,0
DA:955,0
DA:956,0
DA:957,0
DA:958,0
DA:961,0
DA:962,0
DA:963,0
DA:967,0
DA:968,0
DA:970,0
DA:971,0
DA:977,0
DA:978,0
DA:980,0
DA:981,0
DA:986,0
DA:987,0
DA:988,0
DA:989,0
DA:990,0
DA:993,0
DA:995,0
DA:997,0
DA:1000,0
DA:1008,0
DA:1011,0
DA:1020,0
DA:1022,0
DA:1025,0
DA:1026,0
DA:1030,0
DA:1033,0
DA:1034,0
DA:1041,0
DA:1049,0
DA:1050,0
DA:1051,0
DA:1052,0
DA:1053,0
DA:1056,0
DA:1057,0
DA:1060,0
DA:1062,0
DA:1067,0
DA:1068,0
DA:1069,0
DA:1070,0
DA:1071,0
DA:1072,0
DA:1075,0
DA:1076,0
DA:1079,0
DA:1080,0
DA:1083,0
DA:1088,0
DA:1089,0
DA:1090,0
DA:1093,0
DA:1094,0
DA:1095,0
DA:1096,0
DA:1098,0
DA:1101,0
DA:1103,0
DA:1108,0
DA:1109,0
DA:1110,0
DA:1111,0
DA:1112,0
DA:1113,0
DA:1115,0
DA:1116,0
DA:1117,0
DA:1120,0
DA:1121,0
DA:1122,0
DA:1123,0
DA:1126,0
DA:1127,0
DA:1129,0
DA:1131,0
DA:1132,0
DA:1133,0
DA:1135,0
DA:1137,0
DA:1140,0
DA:1141,0
DA:1147,0
DA:1148,0
DA:1149,0
DA:1150,0
DA:1151,0
DA:1152,0
DA:1155,0
DA:1156,0
DA:1158,0
DA:1160,0
DA:1162,0
DA:1163,0
DA:1164,0
DA:1165,0
DA:1167,0
DA:1170,0
DA:1171,0
DA:1179,0
DA:1180,0
DA:1181,0
DA:1182,0
DA:1183,0
DA:1184,0
DA:1185,0
DA:1188,0
DA:1189,0
DA:1192,0
DA:1195,0
DA:1196,0
DA:1202,0
DA:1203,0
DA:1204,0
DA:1205,0
DA:1206,0
DA:1207,0
DA:1214,0
DA:1215,0
DA:1216,0
DA:1218,0
DA:1219,0
DA:1220,0
DA:1221,0
DA:1222,0
DA:1223,0
DA:1224,0
DA:1225,0
DA:1226,0
DA:1228,0
DA:1232,0
DA:1233,0
DA:1234,0
DA:1235,0
DA:1236,0
DA:1237,0
DA:1238,0
DA:1240,0
DA:1241,0
DA:1242,0
DA:1243,0
DA:1244,0
DA:1245,0
DA:1246,0
DA:1247,0
DA:1248,0
DA:1253,0
DA:1254,0
DA:1255,0
DA:1256,0
DA:1257,0
DA:1258,0
DA:1260,0
DA:1263,0
DA:1271,0
DA:1272,0
DA:1273,0
DA:1274,0
DA:1275,0
DA:1277,0
DA:1278,0
DA:1280,0
DA:1281,0
DA:1284,0
DA:1285,0
DA:1287,0
DA:1289,0
DA:1290,0
DA:1291,0
DA:1292,0
DA:1294,0
DA:1295,0
DA:1296,0
DA:1299,0
DA:1300,0
DA:1304,0
DA:1305,0
DA:1306,0
DA:1307,0
DA:1311,0
DA:1312,0
DA:1313,0
DA:1314,0
DA:1315,0
DA:1316,0
DA:1317,0
DA:1318,0
DA:1319,0
DA:1320,0
DA:1322,0
DA:1323,0
DA:1324,0
DA:1325,0
DA:1326,0
DA:1333,0
DA:1334,0
DA:1335,0
DA:1336,0
DA:1337,0
DA:1346,0
DA:1351,0
DA:1353,0
DA:1355,0
DA:1358,0
DA:1360,0
DA:1367,3
DA:1368,0
DA:1371,0
DA:1372,0
DA:1373,0
DA:1376,0
DA:1377,0
DA:1378,0
DA:1381,0
DA:1383,0
DA:1384,0
DA:1389,0
DA:1390,0
DA:1391,0
DA:1394,0
DA:1395,0
DA:1398,0
DA:1399,0
DA:1402,0
DA:1403,0
DA:1406,0
DA:1415,0
DA:1416,0
DA:1418,0
DA:1419,0
DA:1420,0
DA:1421,0
DA:1422,0
DA:1424,0
DA:1425,0
DA:1429,0
DA:1430,0
DA:1431,0
DA:1434,0
DA:1435,0
DA:1446,1
DA:1448,1
DA:1449,1
DA:1450,1
DA:1451,1
DA:1454,1
DA:1455,1
DA:1456,1
DA:1461,1
DA:1464,1
DA:1465,1
DA:1466,1
DA:1467,0
DA:1469,1
DA:1473,1
DA:1476,1
DA:1477,1
DA:1478,1
DA:1479,0
DA:1481,1
DA:1485,1
DA:1488,1
DA:1489,1
DA:1490,1
DA:1494,1
LF:740
LH:187
BRDA:15,0,0,0
BRDA:31,1,0,0
BRDA:31,1,1,0
BRDA:33,2,0,0
BRDA:33,2,1,0
BRDA:50,3,0,0
BRDA:58,4,0,0
BRDA:58,4,1,0
BRDA:58,5,0,0
BRDA:58,5,1,0
BRDA:63,6,0,0
BRDA:63,6,1,0
BRDA:64,7,0,0
BRDA:64,7,1,0
BRDA:69,8,0,0
BRDA:69,8,1,0
BRDA:70,9,0,0
BRDA:70,9,1,0
BRDA:70,10,0,0
BRDA:70,10,1,0
BRDA:72,11,0,0
BRDA:72,11,1,0
BRDA:73,12,0,0
BRDA:73,12,1,0
BRDA:73,13,0,0
BRDA:73,13,1,0
BRDA:75,14,0,0
BRDA:75,14,1,0
BRDA:76,15,0,0
BRDA:76,15,1,0
BRDA:76,16,0,0
BRDA:76,16,1,0
BRDA:76,16,2,0
BRDA:84,17,0,0
BRDA:84,17,1,0
BRDA:84,18,0,0
BRDA:84,18,1,0
BRDA:84,19,0,0
BRDA:84,19,1,0
BRDA:84,19,2,0
BRDA:85,20,0,0
BRDA:85,20,1,0
BRDA:85,21,0,0
BRDA:85,21,1,0
BRDA:85,22,0,0
BRDA:85,22,1,0
BRDA:85,22,2,0
BRDA:86,23,0,0
BRDA:86,23,1,0
BRDA:86,24,0,0
BRDA:86,24,1,0
BRDA:86,25,0,0
BRDA:86,25,1,0
BRDA:86,25,2,0
BRDA:91,26,0,0
BRDA:91,26,1,0
BRDA:92,27,0,0
BRDA:92,27,1,0
BRDA:92,28,0,0
BRDA:92,28,1,0
BRDA:106,29,0,3
BRDA:106,29,1,3
BRDA:106,29,2,2
BRDA:115,30,0,0
BRDA:115,30,1,3
BRDA:143,31,0,1
BRDA:143,31,1,4
BRDA:143,32,0,5
BRDA:143,32,1,1
BRDA:166,33,0,0
BRDA:166,33,1,3
BRDA:176,34,0,1
BRDA:176,34,1,2
BRDA:176,35,0,3
BRDA:176,35,1,3
BRDA:225,36,0,2
BRDA:225,36,1,3
BRDA:237,37,0,2
BRDA:237,37,1,3
BRDA:262,38,0,0
BRDA:262,38,1,0
BRDA:269,39,0,0
BRDA:269,39,1,0
BRDA:269,40,0,0
BRDA:269,40,1,0
BRDA:310,41,0,1
BRDA:310,41,1,0
BRDA:322,42,0,0
BRDA:322,42,1,1
BRDA:322,43,0,1
BRDA:322,43,1,0
BRDA:326,44,0,1
BRDA:326,44,1,0
BRDA:335,45,0,0
BRDA:335,45,1,1
BRDA:337,46,0,1
BRDA:337,46,1,1
BRDA:338,47,0,1
BRDA:338,47,1,0
BRDA:346,48,0,0
BRDA:346,48,1,0
BRDA:367,49,0,0
BRDA:367,49,1,0
BRDA:368,50,0,0
BRDA:368,50,1,0
BRDA:377,51,0,0
BRDA:377,51,1,0
BRDA:381,52,0,0
BRDA:381,52,1,0
BRDA:387,53,0,0
BRDA:387,53,1,0
BRDA:390,54,0,0
BRDA:390,54,1,0
BRDA:391,55,0,0
BRDA:391,55,1,0
BRDA:432,56,0,0
BRDA:432,56,1,0
BRDA:432,57,0,0
BRDA:432,57,1,0
BRDA:432,57,2,0
BRDA:446,58,0,0
BRDA:446,58,1,0
BRDA:447,59,0,0
BRDA:447,59,1,0
BRDA:450,60,0,0
BRDA:450,60,1,0
BRDA:459,61,0,0
BRDA:459,61,1,0
BRDA:465,62,0,0
BRDA:465,62,1,0
BRDA:492,63,0,0
BRDA:492,63,1,0
BRDA:493,64,0,0
BRDA:493,64,1,0
BRDA:495,65,0,0
BRDA:495,65,1,0
BRDA:496,66,0,0
BRDA:496,66,1,0
BRDA:508,67,0,0
BRDA:508,67,1,0
BRDA:509,68,0,0
BRDA:509,68,1,0
BRDA:511,69,0,0
BRDA:511,69,1,0
BRDA:512,70,0,0
BRDA:512,70,1,0
BRDA:514,71,0,0
BRDA:514,71,1,0
BRDA:516,72,0,0
BRDA:516,72,1,0
BRDA:521,73,0,0
BRDA:521,73,1,0
BRDA:523,74,0,0
BRDA:523,74,1,0
BRDA:523,75,0,0
BRDA:523,75,1,0
BRDA:529,76,0,0
BRDA:529,76,1,0
BRDA:529,77,0,0
BRDA:529,77,1,0
BRDA:559,78,0,0
BRDA:559,78,1,0
BRDA:560,79,0,0
BRDA:560,79,1,0
BRDA:570,80,0,0
BRDA:570,80,1,0
BRDA:572,81,0,0
BRDA:572,81,1,0
BRDA:611,82,0,2
BRDA:611,82,1,1
BRDA:614,83,0,0
BRDA:614,83,1,3
BRDA:625,84,0,3
BRDA:625,84,1,9
BRDA:643,85,0,0
BRDA:643,85,1,0
BRDA:645,86,0,0
BRDA:645,86,1,0
BRDA:651,87,0,0
BRDA:651,87,1,0
BRDA:651,88,0,0
BRDA:651,88,1,0
BRDA:651,88,2,0
BRDA:657,89,0,0
BRDA:657,89,1,0
BRDA:657,90,0,0
BRDA:657,90,1,0
BRDA:657,90,2,0
BRDA:664,91,0,0
BRDA:664,91,1,0
BRDA:664,92,0,0
BRDA:664,92,1,0
BRDA:664,92,2,0
BRDA:664,92,3,0
BRDA:675,93,0,3
BRDA:675,93,1,0
BRDA:680,94,0,0
BRDA:680,94,1,0
BRDA:695,95,0,3
BRDA:695,95,1,6
BRDA:697,96,0,3
BRDA:697,96,1,6
BRDA:719,97,0,0
BRDA:719,97,1,1
BRDA:719,98,0,1
BRDA:719,98,1,0
BRDA:745,99,0,0
BRDA:745,99,1,0
BRDA:759,100,0,0
BRDA:759,100,1,0
BRDA:773,101,0,0
BRDA:773,101,1,0
BRDA:773,102,0,0
BRDA:773,102,1,0
BRDA:774,103,0,0
BRDA:774,103,1,0
BRDA:781,104,0,0
BRDA:781,104,1,0
BRDA:782,105,0,0
BRDA:782,105,1,0
BRDA:792,106,0,0
BRDA:792,106,1,0
BRDA:792,107,0,0
BRDA:792,107,1,0
BRDA:795,108,0,0
BRDA:795,108,1,0
BRDA:796,109,0,0
BRDA:796,109,1,0
BRDA:797,110,0,0
BRDA:797,110,1,0
BRDA:801,111,0,0
BRDA:801,111,1,0
BRDA:801,112,0,0
BRDA:801,112,1,0
BRDA:810,113,0,0
BRDA:810,113,1,0
BRDA:819,114,0,0
BRDA:819,114,1,0
BRDA:827,115,0,0
BRDA:827,115,1,0
BRDA:831,116,0,0
BRDA:831,116,1,0
BRDA:880,117,0,0
BRDA:880,117,1,0
BRDA:880,118,0,0
BRDA:880,118,1,0
BRDA:884,119,0,0
BRDA:884,119,1,0
BRDA:885,120,0,0
BRDA:885,120,1,0
BRDA:918,121,0,0
BRDA:918,121,1,0
BRDA:919,122,0,0
BRDA:919,122,1,0
BRDA:923,123,0,0
BRDA:923,123,1,0
BRDA:954,124,0,0
BRDA:954,124,1,0
BRDA:956,125,0,0
BRDA:956,125,1,0
BRDA:961,126,0,0
BRDA:961,126,1,0
BRDA:967,127,0,0
BRDA:967,127,1,0
BRDA:970,128,0,0
BRDA:970,128,1,0
BRDA:971,129,0,0
BRDA:971,129,1,0
BRDA:977,130,0,0
BRDA:977,130,1,0
BRDA:980,131,0,0
BRDA:980,131,1,0
BRDA:986,132,0,0
BRDA:986,132,1,0
BRDA:988,133,0,0
BRDA:988,133,1,0
BRDA:993,134,0,0
BRDA:993,134,1,0
BRDA:997,135,0,0
BRDA:997,135,1,0
BRDA:1008,136,0,0
BRDA:1008,136,1,0
BRDA:1020,137,0,0
BRDA:1020,137,1,0
BRDA:1025,138,0,0
BRDA:1025,138,1,0
BRDA:1050,139,0,0
BRDA:1050,139,1,0
BRDA:1052,140,0,0
BRDA:1052,140,1,0
BRDA:1053,141,0,0
BRDA:1053,141,1,0
BRDA:1068,142,0,0
BRDA:1068,142,1,0
BRDA:1070,143,0,0
BRDA:1070,143,1,0
BRDA:1079,144,0,0
BRDA:1079,144,1,0
BRDA:1089,145,0,0
BRDA:1089,145,1,0
BRDA:1094,146,0,0
BRDA:1094,146,1,0
BRDA:1096,147,0,0
BRDA:1096,147,1,0
BRDA:1096,148,0,0
BRDA:1096,148,1,0
BRDA:1109,149,0,0
BRDA:1109,149,1,0
BRDA:1111,150,0,0
BRDA:1111,150,1,0
BRDA:1115,151,0,0
BRDA:1115,151,1,0
BRDA:1121,152,0,0
BRDA:1121,152,1,0
BRDA:1121,153,0,0
BRDA:1121,153,1,0
BRDA:1131,154,0,0
BRDA:1131,154,1,0
BRDA:1131,155,0,0
BRDA:1131,155,1,0
BRDA:1148,156,0,0
BRDA:1148,156,1,0
BRDA:1150,157,0,0
BRDA:1150,157,1,0
BRDA:1150,158,0,0
BRDA:1150,158,1,0
BRDA:1156,159,0,0
BRDA:1156,159,1,0
BRDA:1156,160,0,0
BRDA:1156,160,1,0
BRDA:1162,161,0,0
BRDA:1162,161,1,0
BRDA:1163,162,0,0
BRDA:1163,162,1,0
BRDA:1180,163,0,0
BRDA:1180,163,1,0
BRDA:1183,164,0,0
BRDA:1183,164,1,0
BRDA:1183,165,0,0
BRDA:1183,165,1,0
BRDA:1203,166,0,0
BRDA:1203,166,1,0
BRDA:1206,167,0,0
BRDA:1206,167,1,0
BRDA:1215,168,0,0
BRDA:1215,168,1,0
BRDA:1218,169,0,0
BRDA:1218,169,1,0
BRDA:1221,170,0,0
BRDA:1221,170,1,0
BRDA:1224,171,0,0
BRDA:1224,171,1,0
BRDA:1232,172,0,0
BRDA:1232,172,1,0
BRDA:1236,173,0,0
BRDA:1236,173,1,0
BRDA:1240,174,0,0
BRDA:1240,174,1,0
BRDA:1240,175,0,0
BRDA:1240,175,1,0
BRDA:1253,176,0,0
BRDA:1253,176,1,0
BRDA:1255,177,0,0
BRDA:1255,177,1,0
BRDA:1255,178,0,0
BRDA:1255,178,1,0
BRDA:1257,179,0,0
BRDA:1257,179,1,0
BRDA:1272,180,0,0
BRDA:1272,180,1,0
BRDA:1275,181,0,0
BRDA:1275,181,1,0
BRDA:1287,182,0,0
BRDA:1287,182,1,0
BRDA:1289,183,0,0
BRDA:1289,183,1,0
BRDA:1299,184,0,0
BRDA:1299,184,1,0
BRDA:1300,185,0,0
BRDA:1300,185,1,0
BRDA:1306,186,0,0
BRDA:1306,186,1,0
BRDA:1312,187,0,0
BRDA:1312,187,1,0
BRDA:1315,188,0,0
BRDA:1315,188,1,0
BRDA:1319,189,0,0
BRDA:1319,189,1,0
BRDA:1320,190,0,0
BRDA:1320,190,1,0
BRDA:1325,191,0,0
BRDA:1325,191,1,0
BRDA:1335,192,0,0
BRDA:1335,192,1,0
BRDA:1335,193,0,0
BRDA:1335,193,1,0
BRDA:1335,193,2,0
BRDA:1371,194,0,0
BRDA:1371,194,1,0
BRDA:1371,195,0,0
BRDA:1371,195,1,0
BRDA:1371,195,2,0
BRDA:1376,196,0,0
BRDA:1376,196,1,0
BRDA:1389,197,0,0
BRDA:1389,197,1,0
BRDA:1398,198,0,0
BRDA:1398,198,1,0
BRDA:1398,199,0,0
BRDA:1398,199,1,0
BRDA:1418,200,0,0
BRDA:1418,200,1,0
BRDA:1458,201,0,1
BRDA:1458,201,1,0
BRDA:1467,202,0,0
BRDA:1467,202,1,0
BRDA:1479,203,0,0
BRDA:1479,203,1,0
BRDA:1479,203,2,0
BRDA:1479,204,0,0
BRDA:1479,204,1,0
BRF:421
BRH:38
end_of_record
TN:
SF:js/actions/global-actions.js
FN:9,(anonymous_0)
FN:10,(anonymous_1)
FN:13,(anonymous_2)
FN:17,(anonymous_3)
FN:27,(anonymous_4)
FN:28,(anonymous_5)
FN:31,(anonymous_6)
FN:35,(anonymous_7)
FN:45,(anonymous_8)
FN:46,(anonymous_9)
FN:49,(anonymous_10)
FN:53,(anonymous_11)
FNF:12
FNH:0
FNDA:0,(anonymous_0)
FNDA:0,(anonymous_1)
FNDA:0,(anonymous_2)
FNDA:0,(anonymous_3)
FNDA:0,(anonymous_4)
FNDA:0,(anonymous_5)
FNDA:0,(anonymous_6)
FNDA:0,(anonymous_7)
FNDA:0,(anonymous_8)
FNDA:0,(anonymous_9)
FNDA:0,(anonymous_10)
FNDA:0,(anonymous_11)
DA:4,0
DA:9,0
DA:11,0
DA:12,0
DA:13,0
DA:14,0
DA:15,0
DA:18,0
DA:22,0
DA:27,0
DA:29,0
DA:30,0
DA:31,0
DA:32,0
DA:33,0
DA:36,0
DA:40,0
DA:45,0
DA:47,0
DA:48,0
DA:49,0
DA:50,0
DA:51,0
DA:54,0
DA:59,0
DA:60,0
DA:61,0
LF:27
LH:0
BRF:0
BRH:0
end_of_record
TN:
SF:js/actions/ingredient-actions.js
FN:9,(anonymous_0)
FN:10,(anonymous_1)
FN:13,(anonymous_2)
FN:17,(anonymous_3)
FN:27,(anonymous_4)
FN:28,(anonymous_5)
FN:31,(anonymous_6)
FN:35,(anonymous_7)
FN:45,(anonymous_8)
FN:46,(anonymous_9)
FN:49,(anonymous_10)
FN:53,(anonymous_11)
FNF:12
FNH:0
FNDA:0,(anonymous_0)
FNDA:0,(anonymous_1)
FNDA:0,(anonymous_2)
FNDA:0,(anonymous_3)
FNDA:0,(anonymous_4)
FNDA:0,(anonymous_5)
FNDA:0,(anonymous_6)
FNDA:0,(anonymous_7)
FNDA:0,(anonymous_8)
FNDA:0,(anonymous_9)
FNDA:0,(anonymous_10)
FNDA:0,(anonymous_11)
DA:4,0
DA:9,0
DA:11,0
DA:12,0
DA:13,0
DA:14,0
DA:15,0
DA:18,0
DA:22,0
DA:27,0
DA:29,0
DA:30,0
DA:31,0
DA:32,0
DA:33,0
DA:36,0
DA:40,0
DA:45,0
DA:47,0
DA:48,0
DA:49,0
DA:50,0
DA:51,0
DA:54,0
DA:59,0
DA:60,0
DA:61,0
LF:27
LH:0
BRDA:9,0,0,0
BRDA:9,0,1,0
BRDA:9,0,2,0
BRDA:27,1,0,0
BRDA:27,1,1,0
BRDA:27,1,2,0
BRDA:45,2,0,0
BRDA:45,2,1,0
BRDA:45,2,2,0
BRF:9
BRH:0
end_of_record
TN:
SF:js/actions/recipe-edit-actions.js
FN:9,(anonymous_0)
FN:10,(anonymous_1)
FN:13,(anonymous_2)
FN:17,(anonymous_3)
FN:27,(anonymous_4)
FN:28,(anonymous_5)
FN:31,(anonymous_6)
FN:35,(anonymous_7)
FN:45,(anonymous_8)
FN:46,(anonymous_9)
FN:49,(anonymous_10)
FN:53,(anonymous_11)
FN:63,(anonymous_12)
FN:64,(anonymous_13)
FN:67,(anonymous_14)
FN:71,(anonymous_15)
FN:81,(anonymous_16)
FN:82,(anonymous_17)
FN:85,(anonymous_18)
FN:89,(anonymous_19)
FNF:20
FNH:0
FNDA:0,(anonymous_0)
FNDA:0,(anonymous_1)
FNDA:0,(anonymous_2)
FNDA:0,(anonymous_3)
FNDA:0,(anonymous_4)
FNDA:0,(anonymous_5)
FNDA:0,(anonymous_6)
FNDA:0,(anonymous_7)
FNDA:0,(anonymous_8)
FNDA:0,(anonymous_9)
FNDA:0,(anonymous_10)
FNDA:0,(anonymous_11)
FNDA:0,(anonymous_12)
FNDA:0,(anonymous_13)
FNDA:0,(anonymous_14)
FNDA:0,(anonymous_15)
FNDA:0,(anonymous_16)
FNDA:0,(anonymous_17)
FNDA:0,(anonymous_18)
FNDA:0,(anonymous_19)
DA:4,0
DA:9,0
DA:11,0
DA:12,0
DA:13,0
DA:14,0
DA:15,0
DA:18,0
DA:22,0
DA:27,0
DA:29,0
DA:30,0
DA:31,0
DA:32,0
DA:33,0
DA:36,0
DA:40,0
DA:45,0
DA:47,0
DA:48,0
DA:49,0
DA:50,0
DA:51,0
DA:54,0
DA:58,0
DA:63,0
DA:65,0
DA:66,0
DA:67,0
DA:68,0
DA:69,0
DA:72,0
DA:76,0
DA:81,0
DA:83,0
DA:84,0
DA:85,0
DA:86,0
DA:87,0
DA:90,0
DA:95,0
DA:96,0
DA:97,0
DA:98,0
DA:99,0
LF:45
LH:0
BRDA:9,0,0,0
BRDA:9,0,1,0
BRDA:9,0,2,0
BRDA:27,1,0,0
BRDA:27,1,1,0
BRDA:27,1,2,0
BRDA:45,2,0,0
BRDA:45,2,1,0
BRDA:45,2,2,0
BRDA:63,3,0,0
BRDA:63,3,1,0
BRDA:63,3,2,0
BRDA:81,4,0,0
BRDA:81,4,1,0
BRDA:81,4,2,0
BRF:15
BRH:0
end_of_record
TN:
SF:js/actions/recipe-utility-actions.js
FN:9,(anonymous_0)
FN:10,(anonymous_1)
FN:13,(anonymous_2)
FN:17,(anonymous_3)
FN:28,(anonymous_4)
FN:29,(anonymous_5)
FN:32,(anonymous_6)
FN:36,(anonymous_7)
FN:46,(anonymous_8)
FN:47,(anonymous_9)
FN:50,(anonymous_10)
FN:54,(anonymous_11)
FN:64,(anonymous_12)
FN:65,(anonymous_13)
FN:68,(anonymous_14)
FN:72,(anonymous_15)
FNF:16
FNH:0
FNDA:0,(anonymous_0)
FNDA:0,(anonymous_1)
FNDA:0,(anonymous_2)
FNDA:0,(anonymous_3)
FNDA:0,(anonymous_4)
FNDA:0,(anonymous_5)
FNDA:0,(anonymous_6)
FNDA:0,(anonymous_7)
FNDA:0,(anonymous_8)
FNDA:0,(anonymous_9)
FNDA:0,(anonymous_10)
FNDA:0,(anonymous_11)
FNDA:0,(anonymous_12)
FNDA:0,(anonymous_13)
FNDA:0,(anonymous_14)
FNDA:0,(anonymous_15)
DA:4,0
DA:9,0
DA:11,0
DA:12,0
DA:13,0
DA:14,0
DA:15,0
DA:18,0
DA:19,0
DA:23,0
DA:28,0
DA:30,0
DA:31,0
DA:32,0
DA:33,0
DA:34,0
DA:37,0
DA:41,0
DA:46,0
DA:48,0
DA:49,0
DA:50,0
DA:51,0
DA:52,0
DA:55,0
DA:59,0
DA:64,0
DA:66,0
DA:67,0
DA:68,0
DA:69,0
DA:70,0
DA:73,0
DA:78,0
DA:79,0
DA:80,0
DA:81,0
LF:37
LH:0
BRDA:9,0,0,0
BRDA:9,0,1,0
BRDA:9,0,2,0
BRDA:28,1,0,0
BRDA:28,1,1,0
BRDA:28,1,2,0
BRDA:46,2,0,0
BRDA:46,2,1,0
BRDA:46,2,2,0
BRDA:64,3,0,0
BRDA:64,3,1,0
BRDA:64,3,2,0
BRF:12
BRH:0
end_of_record
