TN:
SF:js/action-registry.js
FN:4,(anonymous_0)
FN:10,(anonymous_1)
FN:11,(anonymous_2)
FNF:3
FNH:0
FNDA:0,(anonymous_0)
FNDA:0,(anonymous_1)
FNDA:0,(anonymous_2)
DA:1,0
DA:5,0
DA:6,0
DA:11,0
DA:12,0
DA:13,0
DA:15,0
LF:7
LH:0
BRDA:5,0,0,0
BRDA:5,0,1,0
BRDA:5,1,0,0
BRDA:5,1,1,0
BRF:4
BRH:0
end_of_record
TN:
SF:js/action-renderer.js
FN:5,(anonymous_0)
FN:25,(anonymous_1)
FN:42,(anonymous_2)
FN:62,(anonymous_3)
FN:95,(anonymous_4)
FN:101,(anonymous_5)
FNF:6
FNH:0
FNDA:0,(anonymous_0)
FNDA:0,(anonymous_1)
FNDA:0,(anonymous_2)
FNDA:0,(anonymous_3)
FNDA:0,(anonymous_4)
FNDA:0,(anonymous_5)
DA:4,0
DA:7,0
DA:9,0
DA:10,0
DA:14,0
DA:17,0
DA:20,0
DA:21,0
DA:26,0
DA:31,0
DA:32,0
DA:33,0
DA:36,0
DA:39,0
DA:43,0
DA:45,0
DA:46,0
DA:48,0
DA:49,0
DA:51,0
DA:52,0
DA:53,0
DA:56,0
DA:57,0
DA:58,0
DA:62,0
DA:63,0
DA:64,0
DA:68,0
DA:69,0
DA:72,0
DA:73,0
DA:76,0
DA:77,0
DA:80,0
DA:81,0
DA:82,0
DA:84,0
DA:87,0
DA:88,0
DA:92,0
DA:96,0
DA:97,0
DA:98,0
DA:99,0
DA:101,0
DA:102,0
DA:103,0
DA:106,0
DA:110,0
LF:50
LH:0
BRDA:9,0,0,0
BRDA:9,0,1,0
BRDA:32,1,0,0
BRDA:32,1,1,0
BRDA:43,2,0,0
BRDA:43,2,1,0
BRDA:49,3,0,0
BRDA:49,3,1,0
BRDA:49,4,0,0
BRDA:49,4,1,0
BRDA:49,4,2,0
BRDA:64,5,0,0
BRDA:64,5,1,0
BRDA:73,6,0,0
BRDA:73,6,1,0
BRDA:76,7,0,0
BRDA:76,7,1,0
BRDA:84,8,0,0
BRDA:84,8,1,0
BRDA:98,9,0,0
BRDA:98,9,1,0
BRDA:102,10,0,0
BRDA:102,10,1,0
BRF:23
BRH:0
end_of_record
TN:
SF:js/api.js
FN:16,loadRecipes
FN:29,(anonymous_1)
FN:45,loadAllIngredients
FN:57,(anonymous_3)
FN:74,createNewRecipe
FN:112,addGlobalIngredient
FN:138,removeGlobalIngredient
FN:164,updateRecipeIngredients
FN:197,(anonymous_8)
FN:207,(anonymous_9)
FN:250,parseCSVData
FN:253,(anonymous_11)
FN:277,importCSVFile
FN:279,(anonymous_13)
FN:281,(anonymous_14)
FN:316,createBatchRecord
FN:335,createSubstitutionMap
FN:341,createCostStructure
FN:354,incrementRecipeVersion
FN:364,saveBatchRecord
FN:371,fetchBatchRecords
FN:378,saveSubstitutionMap
FN:385,fetchSubstitutionMap
FN:392,calculateRecipeCost
FN:403,analyzeIngredients
FN:410,getRecipeTimeline
FN:411,(anonymous_26)
FN:419,getBatchHistory
FN:424,estimateShelfLife
FNF:29
FNH:0
FNDA:0,loadRecipes
FNDA:0,(anonymous_1)
FNDA:0,loadAllIngredients
FNDA:0,(anonymous_3)
FNDA:0,createNewRecipe
FNDA:0,addGlobalIngredient
FNDA:0,removeGlobalIngredient
FNDA:0,updateRecipeIngredients
FNDA:0,(anonymous_8)
FNDA:0,(anonymous_9)
FNDA:0,parseCSVData
FNDA:0,(anonymous_11)
FNDA:0,importCSVFile
FNDA:0,(anonymous_13)
FNDA:0,(anonymous_14)
FNDA:0,createBatchRecord
FNDA:0,createSubstitutionMap
FNDA:0,createCostStructure
FNDA:0,incrementRecipeVersion
FNDA:0,saveBatchRecord
FNDA:0,fetchBatchRecords
FNDA:0,saveSubstitutionMap
FNDA:0,fetchSubstitutionMap
FNDA:0,calculateRecipeCost
FNDA:0,analyzeIngredients
FNDA:0,getRecipeTimeline
FNDA:0,(anonymous_26)
FNDA:0,getBatchHistory
FNDA:0,estimateShelfLife
DA:17,0
DA:18,0
DA:21,0
DA:22,0
DA:23,0
DA:25,0
DA:26,0
DA:27,0
DA:29,0
DA:30,0
DA:31,0
DA:33,0
DA:35,0
DA:46,0
DA:47,0
DA:52,0
DA:53,0
DA:54,0
DA:56,0
DA:57,0
DA:58,0
DA:60,0
DA:61,0
DA:75,0
DA:76,0
DA:78,0
DA:84,0
DA:89,0
DA:90,0
DA:91,0
DA:94,0
DA:96,0
DA:98,0
DA:113,0
DA:114,0
DA:118,0
DA:119,0
DA:120,0
DA:122,0
DA:124,0
DA:125,0
DA:139,0
DA:140,0
DA:144,0
DA:145,0
DA:146,0
DA:148,0
DA:150,0
DA:151,0
DA:165,0
DA:166,0
DA:168,0
DA:169,0
DA:170,0
DA:173,0
DA:174,0
DA:175,0
DA:178,0
DA:180,0
DA:181,0
DA:186,0
DA:187,0
DA:188,0
DA:190,0
DA:193,0
DA:194,0
DA:197,0
DA:198,0
DA:199,0
DA:200,0
DA:202,0
DA:205,0
DA:207,0
DA:208,0
DA:215,0
DA:216,0
DA:219,0
DA:220,0
DA:225,0
DA:226,0
DA:227,0
DA:229,0
DA:230,0
DA:232,0
DA:235,0
DA:237,0
DA:239,0
DA:251,0
DA:252,0
DA:253,0
DA:254,0
DA:255,0
DA:256,0
DA:257,0
DA:259,0
DA:260,0
DA:261,0
DA:262,0
DA:263,0
DA:267,0
DA:269,0
DA:278,0
DA:279,0
DA:280,0
DA:282,0
DA:283,0
DA:284,0
DA:285,0
DA:294,0
DA:295,0
DA:297,0
DA:298,0
DA:301,0
DA:303,0
DA:324,0
DA:337,0
DA:346,0
DA:355,0
DA:356,0
DA:365,0
DA:367,0
DA:372,0
DA:374,0
DA:379,0
DA:381,0
DA:386,0
DA:388,0
DA:393,0
DA:395,0
DA:404,0
DA:405,0
DA:406,0
DA:411,0
DA:420,0
DA:425,0
LF:135
LH:0
BRDA:21,0,0,0
BRDA:21,0,1,0
BRDA:29,1,0,0
BRDA:29,1,1,0
BRDA:52,2,0,0
BRDA:52,2,1,0
BRDA:57,3,0,0
BRDA:57,3,1,0
BRDA:58,4,0,0
BRDA:58,4,1,0
BRDA:89,5,0,0
BRDA:89,5,1,0
BRDA:94,6,0,0
BRDA:94,6,1,0
BRDA:94,7,0,0
BRDA:94,7,1,0
BRDA:112,8,0,0
BRDA:118,9,0,0
BRDA:118,9,1,0
BRDA:122,10,0,0
BRDA:122,10,1,0
BRDA:122,11,0,0
BRDA:122,11,1,0
BRDA:144,12,0,0
BRDA:144,12,1,0
BRDA:168,13,0,0
BRDA:168,13,1,0
BRDA:173,14,0,0
BRDA:173,14,1,0
BRDA:173,15,0,0
BRDA:173,15,1,0
BRDA:186,16,0,0
BRDA:186,16,1,0
BRDA:193,17,0,0
BRDA:193,17,1,0
BRDA:193,18,0,0
BRDA:193,18,1,0
BRDA:198,19,0,0
BRDA:198,19,1,0
BRDA:225,20,0,0
BRDA:225,20,1,0
BRDA:252,21,0,0
BRDA:252,21,1,0
BRDA:256,22,0,0
BRDA:256,22,1,0
BRDA:256,23,0,0
BRDA:256,23,1,0
BRDA:262,24,0,0
BRDA:262,24,1,0
BRDA:265,25,0,0
BRDA:265,25,1,0
BRDA:294,26,0,0
BRDA:294,26,1,0
BRDA:319,27,0,0
BRDA:321,28,0,0
BRDA:322,29,0,0
BRDA:335,30,0,0
BRDA:342,31,0,0
BRDA:343,32,0,0
BRDA:344,33,0,0
BRDA:355,34,0,0
BRDA:355,34,1,0
BRDA:411,35,0,0
BRDA:411,35,1,0
BRDA:414,36,0,0
BRDA:414,36,1,0
BRDA:420,37,0,0
BRDA:420,37,1,0
BRF:68
BRH:0
end_of_record
TN:
SF:js/app-init.js
FN:18,initUI
FN:35,reloadData
FNF:2
FNH:0
FNDA:0,initUI
FNDA:0,reloadData
DA:11,0
DA:12,0
DA:13,0
DA:19,0
DA:21,0
DA:22,0
DA:23,0
DA:24,0
DA:26,0
DA:28,0
DA:29,0
DA:36,0
DA:37,0
DA:42,0
DA:43,0
DA:45,0
DA:46,0
DA:48,0
LF:18
LH:0
BRDA:42,0,0,0
BRDA:42,0,1,0
BRDA:43,1,0,0
BRDA:43,1,1,0
BRF:4
BRH:0
end_of_record
TN:
SF:js/auth-ui.js
FN:7,updateAuthButton
FN:18,isEditMode
FN:27,setEditModeFields
FN:30,(anonymous_3)
FN:38,initAuthUI
FN:39,(anonymous_5)
FN:75,(anonymous_6)
FN:82,(anonymous_7)
FN:105,(anonymous_8)
FNF:9
FNH:0
FNDA:0,updateAuthButton
FNDA:0,isEditMode
FNDA:0,setEditModeFields
FNDA:0,(anonymous_3)
FNDA:0,initAuthUI
FNDA:0,(anonymous_5)
FNDA:0,(anonymous_6)
FNDA:0,(anonymous_7)
FNDA:0,(anonymous_8)
DA:8,0
DA:9,0
DA:10,0
DA:19,0
DA:20,0
DA:28,0
DA:29,0
DA:30,0
DA:31,0
DA:39,0
DA:40,0
DA:41,0
DA:43,0
DA:44,0
DA:45,0
DA:46,0
DA:47,0
DA:49,0
DA:50,0
DA:51,0
DA:52,0
DA:55,0
DA:57,0
DA:58,0
DA:60,0
DA:61,0
DA:62,0
DA:63,0
DA:64,0
DA:65,0
DA:66,0
DA:68,0
DA:69,0
DA:70,0
DA:73,0
DA:74,0
DA:75,0
DA:80,0
DA:81,0
DA:82,0
DA:83,0
DA:84,0
DA:85,0
DA:86,0
DA:87,0
DA:89,0
DA:90,0
DA:93,0
DA:94,0
DA:95,0
DA:96,0
DA:102,0
DA:103,0
DA:104,0
DA:105,0
DA:106,0
DA:107,0
DA:108,0
DA:109,0
DA:111,0
DA:112,0
DA:118,0
DA:119,0
DA:121,0
DA:122,0
LF:65
LH:0
BRDA:9,0,0,0
BRDA:9,0,1,0
BRDA:10,1,0,0
BRDA:10,1,1,0
BRDA:20,2,0,0
BRDA:20,2,1,0
BRDA:27,3,0,0
BRDA:28,4,0,0
BRDA:28,4,1,0
BRDA:31,5,0,0
BRDA:31,5,1,0
BRDA:43,6,0,0
BRDA:43,6,1,0
BRDA:45,7,0,0
BRDA:45,7,1,0
BRDA:46,8,0,0
BRDA:46,8,1,0
BRDA:49,9,0,0
BRDA:49,9,1,0
BRDA:60,10,0,0
BRDA:60,10,1,0
BRDA:60,11,0,0
BRDA:60,11,1,0
BRDA:62,12,0,0
BRDA:62,12,1,0
BRDA:64,13,0,0
BRDA:64,13,1,0
BRDA:66,14,0,0
BRDA:66,14,1,0
BRDA:69,15,0,0
BRDA:69,15,1,0
BRDA:69,16,0,0
BRDA:69,16,1,0
BRDA:74,17,0,0
BRDA:74,17,1,0
BRDA:81,18,0,0
BRDA:81,18,1,0
BRDA:83,19,0,0
BRDA:83,19,1,0
BRDA:86,20,0,0
BRDA:86,20,1,0
BRDA:94,21,0,0
BRDA:94,21,1,0
BRDA:95,22,0,0
BRDA:95,22,1,0
BRDA:96,23,0,0
BRDA:96,23,1,0
BRDA:104,24,0,0
BRDA:104,24,1,0
BRDA:104,25,0,0
BRDA:104,25,1,0
BRDA:107,26,0,0
BRDA:107,26,1,0
BRDA:118,27,0,0
BRDA:118,27,1,0
BRF:55
BRH:0
end_of_record
TN:
SF:js/auth.js
FN:9,sendMagicLink
FN:23,signOut
FNF:2
FNH:0
FNDA:0,sendMagicLink
FNDA:0,signOut
DA:10,0
DA:11,0
DA:12,0
DA:13,0
DA:15,0
DA:16,0
DA:24,0
DA:25,0
DA:26,0
DA:27,0
DA:29,0
LF:11
LH:0
BRDA:11,0,0,0
BRDA:11,0,1,0
BRDA:25,1,0,0
BRDA:25,1,1,0
BRF:4
BRH:0
end_of_record
TN:
SF:js/global-ingredient-ui.js
FN:9,renderGlobalIngredients
FN:15,(anonymous_1)
FN:27,initGlobalIngredientUI
FN:30,(anonymous_3)
FN:58,(anonymous_4)
FNF:5
FNH:0
FNDA:0,renderGlobalIngredients
FNDA:0,(anonymous_1)
FNDA:0,initGlobalIngredientUI
FNDA:0,(anonymous_3)
FNDA:0,(anonymous_4)
DA:10,0
DA:11,0
DA:13,0
DA:15,0
DA:16,0
DA:17,0
DA:18,0
DA:19,0
DA:20,0
DA:28,0
DA:29,0
DA:30,0
DA:31,0
DA:32,0
DA:33,0
DA:36,0
DA:37,0
DA:39,0
DA:41,0
DA:42,0
DA:43,0
DA:44,0
DA:45,0
DA:47,0
DA:50,0
DA:51,0
DA:56,0
DA:57,0
DA:58,0
DA:59,0
DA:60,0
DA:61,0
LF:32
LH:0
BRDA:11,0,0,0
BRDA:11,0,1,0
BRDA:19,1,0,0
BRDA:19,1,1,0
BRDA:29,2,0,0
BRDA:29,2,1,0
BRDA:31,3,0,0
BRDA:31,3,1,0
BRDA:31,4,0,0
BRDA:31,4,1,0
BRDA:37,5,0,0
BRDA:37,5,1,0
BRDA:37,6,0,0
BRDA:37,6,1,0
BRDA:42,7,0,0
BRDA:42,7,1,0
BRDA:43,8,0,0
BRDA:43,8,1,0
BRDA:57,9,0,0
BRDA:57,9,1,0
BRDA:60,10,0,0
BRDA:60,10,1,0
BRF:22
BRH:0
end_of_record
TN:
SF:js/iteration-ui.js
FN:8,initIterationUI
FN:12,(anonymous_1)
FN:34,getIterationIngredients
FN:38,(anonymous_3)
FN:56,handleCommitIteration
FNF:5
FNH:0
FNDA:0,initIterationUI
FNDA:0,(anonymous_1)
FNDA:0,getIterationIngredients
FNDA:0,(anonymous_3)
FNDA:0,handleCommitIteration
DA:9,0
DA:10,0
DA:12,0
DA:13,0
DA:14,0
DA:15,0
DA:16,0
DA:17,0
DA:18,0
DA:19,0
DA:21,0
DA:22,0
DA:23,0
DA:24,0
DA:25,0
DA:35,0
DA:36,0
DA:38,0
DA:39,0
DA:40,0
DA:42,0
DA:50,0
DA:57,0
DA:58,0
DA:59,0
DA:62,0
DA:64,0
DA:65,0
DA:66,0
DA:67,0
DA:69,0
DA:72,0
DA:73,0
LF:33
LH:0
BRDA:10,0,0,0
BRDA:10,0,1,0
BRDA:13,1,0,0
BRDA:13,1,1,0
BRDA:15,2,0,0
BRDA:15,2,1,0
BRDA:18,3,0,0
BRDA:18,3,1,0
BRDA:21,4,0,0
BRDA:21,4,1,0
BRDA:23,5,0,0
BRDA:23,5,1,0
BRDA:24,6,0,0
BRDA:24,6,1,0
BRDA:43,7,0,0
BRDA:43,7,1,0
BRDA:44,8,0,0
BRDA:44,8,1,0
BRDA:45,9,0,0
BRDA:45,9,1,0
BRDA:46,10,0,0
BRDA:46,10,1,0
BRDA:57,11,0,0
BRDA:57,11,1,0
BRDA:66,12,0,0
BRDA:66,12,1,0
BRDA:69,13,0,0
BRDA:69,13,1,0
BRF:28
BRH:0
end_of_record
TN:
SF:js/main.js
FN:13,(anonymous_0)
FNF:1
FNH:0
FNDA:0,(anonymous_0)
DA:13,0
DA:14,0
DA:16,0
DA:17,0
DA:19,0
DA:21,0
LF:6
LH:0
BRDA:16,0,0,0
BRDA:16,0,1,0
BRF:2
BRH:0
end_of_record
TN:
SF:js/product-actions.js
FN:4,scaleRecipe
FN:5,(anonymous_1)
FN:12,convertUnits
FN:14,(anonymous_3)
FN:23,printRecipe
FN:34,generateShoppingList
FN:35,(anonymous_6)
FNF:7
FNH:0
FNDA:0,scaleRecipe
FNDA:0,(anonymous_1)
FNDA:0,convertUnits
FNDA:0,(anonymous_3)
FNDA:0,printRecipe
FNDA:0,generateShoppingList
FNDA:0,(anonymous_6)
DA:5,0
DA:14,0
DA:15,0
DA:24,0
DA:25,0
DA:26,0
DA:27,0
DA:28,0
DA:29,0
DA:30,0
DA:35,0
LF:11
LH:0
BRDA:12,0,0,0
BRDA:17,1,0,0
BRDA:17,1,1,0
BRF:3
BRH:0
end_of_record
TN:
SF:js/recipe-actions.js
FN:9,(anonymous_0)
FN:29,(anonymous_1)
FN:30,(anonymous_2)
FN:32,toggle
FN:53,createSliderControl
FN:70,(anonymous_5)
FN:82,createToggleControl
FN:93,(anonymous_7)
FN:103,createResultDisplay
FN:114,initRecipeActions
FN:145,(anonymous_10)
FN:150,(anonymous_11)
FNF:12
FNH:0
FNDA:0,(anonymous_0)
FNDA:0,(anonymous_1)
FNDA:0,(anonymous_2)
FNDA:0,toggle
FNDA:0,createSliderControl
FNDA:0,(anonymous_5)
FNDA:0,createToggleControl
FNDA:0,(anonymous_7)
FNDA:0,createResultDisplay
FNDA:0,initRecipeActions
FNDA:0,(anonymous_10)
FNDA:0,(anonymous_11)
DA:8,0
DA:10,0
DA:11,0
DA:12,0
DA:14,0
DA:15,0
DA:16,0
DA:17,0
DA:18,0
DA:19,0
DA:21,0
DA:22,0
DA:23,0
DA:24,0
DA:25,0
DA:26,0
DA:27,0
DA:29,0
DA:30,0
DA:33,0
DA:34,0
DA:35,0
DA:36,0
DA:37,0
DA:38,0
DA:40,0
DA:41,0
DA:45,0
DA:46,0
DA:47,0
DA:48,0
DA:54,0
DA:55,0
DA:57,0
DA:58,0
DA:60,0
DA:61,0
DA:62,0
DA:63,0
DA:64,0
DA:65,0
DA:67,0
DA:68,0
DA:70,0
DA:71,0
DA:72,0
DA:75,0
DA:76,0
DA:77,0
DA:78,0
DA:83,0
DA:84,0
DA:86,0
DA:87,0
DA:89,0
DA:90,0
DA:91,0
DA:93,0
DA:94,0
DA:97,0
DA:98,0
DA:99,0
DA:104,0
DA:105,0
DA:106,0
DA:107,0
DA:115,0
DA:116,0
DA:119,0
DA:122,0
DA:123,0
DA:124,0
DA:127,0
DA:128,0
DA:129,0
DA:132,0
DA:133,0
DA:134,0
DA:135,0
DA:138,0
DA:139,0
DA:145,0
DA:147,0
DA:150,0
DA:152,0
DA:153,0
DA:154,0
LF:87
LH:0
BRDA:30,0,0,0
BRDA:30,0,1,0
BRDA:30,1,0,0
BRDA:30,1,1,0
BRDA:36,2,0,0
BRDA:36,2,1,0
BRDA:53,3,0,0
BRDA:53,4,0,0
BRDA:53,5,0,0
BRDA:53,6,0,0
BRDA:72,7,0,0
BRDA:72,7,1,0
BRDA:82,8,0,0
BRDA:94,9,0,0
BRDA:94,9,1,0
BRDA:103,10,0,0
BRDA:116,11,0,0
BRDA:116,11,1,0
BRF:18
BRH:0
end_of_record
TN:
SF:js/recipe-analysis.js
FN:7,checkIngredientCompatibility
FN:13,(anonymous_1)
FN:23,estimatePH
FN:25,(anonymous_3)
FN:34,(anonymous_4)
FN:56,(anonymous_5)
FN:57,(anonymous_6)
FN:62,(anonymous_7)
FN:71,(anonymous_8)
FN:81,(anonymous_9)
FN:82,(anonymous_10)
FN:87,(anonymous_11)
FN:96,(anonymous_12)
FN:106,(anonymous_13)
FN:107,(anonymous_14)
FN:112,(anonymous_15)
FN:128,(anonymous_16)
FN:129,(anonymous_17)
FN:133,calculateShelfLife
FN:135,(anonymous_19)
FNF:20
FNH:0
FNDA:0,checkIngredientCompatibility
FNDA:0,(anonymous_1)
FNDA:0,estimatePH
FNDA:0,(anonymous_3)
FNDA:0,(anonymous_4)
FNDA:0,(anonymous_5)
FNDA:0,(anonymous_6)
FNDA:0,(anonymous_7)
FNDA:0,(anonymous_8)
FNDA:0,(anonymous_9)
FNDA:0,(anonymous_10)
FNDA:0,(anonymous_11)
FNDA:0,(anonymous_12)
FNDA:0,(anonymous_13)
FNDA:0,(anonymous_14)
FNDA:0,(anonymous_15)
FNDA:0,(anonymous_16)
FNDA:0,(anonymous_17)
FNDA:0,calculateShelfLife
FNDA:0,(anonymous_19)
DA:8,0
DA:13,0
DA:14,0
DA:15,0
DA:16,0
DA:19,0
DA:24,0
DA:25,0
DA:26,0
DA:27,0
DA:29,0
DA:33,0
DA:35,0
DA:36,0
DA:38,0
DA:39,0
DA:40,0
DA:42,0
DA:43,0
DA:45,0
DA:46,0
DA:47,0
DA:49,0
DA:50,0
DA:51,0
DA:53,0
DA:54,0
DA:61,0
DA:63,0
DA:64,0
DA:66,0
DA:67,0
DA:68,0
DA:70,0
DA:71,0
DA:72,0
DA:73,0
DA:74,0
DA:76,0
DA:78,0
DA:79,0
DA:86,0
DA:88,0
DA:89,0
DA:91,0
DA:92,0
DA:93,0
DA:95,0
DA:96,0
DA:97,0
DA:98,0
DA:99,0
DA:101,0
DA:103,0
DA:104,0
DA:111,0
DA:113,0
DA:114,0
DA:116,0
DA:117,0
DA:118,0
DA:120,0
DA:121,0
DA:122,0
DA:123,0
DA:125,0
DA:126,0
DA:134,0
DA:135,0
DA:136,0
DA:137,0
DA:140,0
LF:72
LH:0
BRDA:15,0,0,0
BRDA:15,0,1,0
BRDA:15,1,0,0
BRDA:15,1,1,0
BRDA:26,2,0,0
BRDA:26,2,1,0
BRDA:27,3,0,0
BRDA:27,3,1,0
BRDA:46,4,0,0
BRDA:46,4,1,0
BRDA:73,5,0,0
BRDA:73,5,1,0
BRDA:96,6,0,0
BRDA:96,6,1,0
BRDA:136,7,0,0
BRDA:136,7,1,0
BRDA:136,8,0,0
BRDA:136,8,1,0
BRF:18
BRH:0
end_of_record
TN:
SF:js/recipe-details-ui.js
FN:7,renderRecipeIngredientsTable
FN:13,(anonymous_1)
FN:41,createEditableIngredientRow
FN:45,(anonymous_3)
FN:69,updateRecipeStats
FN:80,showRecipeDetails
FN:83,(anonymous_6)
FNF:7
FNH:0
FNDA:0,renderRecipeIngredientsTable
FNDA:0,(anonymous_1)
FNDA:0,createEditableIngredientRow
FNDA:0,(anonymous_3)
FNDA:0,updateRecipeStats
FNDA:0,showRecipeDetails
FNDA:0,(anonymous_6)
DA:8,0
DA:9,0
DA:11,0
DA:13,0
DA:14,0
DA:16,0
DA:17,0
DA:18,0
DA:20,0
DA:21,0
DA:22,0
DA:24,0
DA:25,0
DA:26,0
DA:28,0
DA:29,0
DA:30,0
DA:32,0
DA:42,0
DA:44,0
DA:45,0
DA:46,0
DA:47,0
DA:48,0
DA:49,0
DA:50,0
DA:51,0
DA:52,0
DA:55,0
DA:56,0
DA:57,0
DA:58,0
DA:59,0
DA:60,0
DA:62,0
DA:70,0
DA:71,0
DA:72,0
DA:73,0
DA:81,0
DA:83,0
DA:84,0
DA:85,0
DA:86,0
DA:88,0
DA:91,0
DA:92,0
DA:93,0
DA:95,0
DA:97,0
DA:99,0
DA:100,0
DA:101,0
DA:102,0
DA:104,0
DA:105,0
DA:108,0
DA:109,0
LF:58
LH:0
BRDA:9,0,0,0
BRDA:9,0,1,0
BRDA:17,1,0,0
BRDA:17,1,1,0
BRDA:21,2,0,0
BRDA:21,2,1,0
BRDA:25,3,0,0
BRDA:25,3,1,0
BRDA:29,4,0,0
BRDA:29,4,1,0
BRDA:41,5,0,0
BRDA:49,6,0,0
BRDA:49,6,1,0
BRDA:84,7,0,0
BRDA:84,7,1,0
BRDA:97,8,0,0
BRDA:97,8,1,0
BRDA:100,9,0,0
BRDA:100,9,1,0
BRDA:102,10,0,0
BRDA:102,10,1,0
BRDA:105,11,0,0
BRDA:105,11,1,0
BRF:23
BRH:0
end_of_record
TN:
SF:js/recipe-iteration.js
FN:4,createNewVersion
FN:16,substituteIngredient
FN:17,(anonymous_2)
FN:23,saveNotesAndResults
FN:32,compareVersions
FN:35,(anonymous_5)
FNF:6
FNH:0
FNDA:0,createNewVersion
FNDA:0,substituteIngredient
FNDA:0,(anonymous_2)
FNDA:0,saveNotesAndResults
FNDA:0,compareVersions
FNDA:0,(anonymous_5)
DA:5,0
DA:6,0
DA:17,0
DA:18,0
DA:24,0
DA:33,0
DA:35,0
LF:7
LH:0
BRDA:18,0,0,0
BRDA:18,0,1,0
BRDA:34,1,0,0
BRDA:34,1,1,0
BRF:4
BRH:0
end_of_record
TN:
SF:js/recipe-list-ui.js
FN:7,renderRecipes
FN:13,(anonymous_1)
FN:25,initRecipeListUI
FN:29,(anonymous_3)
FN:35,(anonymous_4)
FNF:5
FNH:0
FNDA:0,renderRecipes
FNDA:0,(anonymous_1)
FNDA:0,initRecipeListUI
FNDA:0,(anonymous_3)
FNDA:0,(anonymous_4)
DA:8,0
DA:9,0
DA:11,0
DA:13,0
DA:14,0
DA:15,0
DA:16,0
DA:17,0
DA:18,0
DA:26,0
DA:27,0
DA:29,0
DA:30,0
DA:31,0
DA:32,0
DA:35,0
DA:36,0
DA:39,0
DA:42,0
DA:43,0
DA:44,0
LF:21
LH:0
BRDA:9,0,0,0
BRDA:9,0,1,0
BRDA:17,1,0,0
BRDA:17,1,1,0
BRDA:27,2,0,0
BRDA:27,2,1,0
BRDA:31,3,0,0
BRDA:31,3,1,0
BRDA:31,4,0,0
BRDA:31,4,1,0
BRDA:43,5,0,0
BRDA:43,5,1,0
BRDA:43,6,0,0
BRDA:43,6,1,0
BRF:14
BRH:0
end_of_record
TN:
SF:js/supabaseClient.js
FNF:0
FNH:0
DA:8,0
DA:9,0
DA:12,0
DA:13,0
DA:19,0
DA:21,0
LF:6
LH:0
BRDA:12,0,0,0
BRDA:12,0,1,0
BRDA:12,1,0,0
BRDA:12,1,1,0
BRF:4
BRH:0
end_of_record
TN:
SF:js/ui-utils.js
FN:11,showNotification
FN:35,(anonymous_1)
FN:46,safeSetText
FNF:3
FNH:0
FNDA:0,showNotification
FNDA:0,(anonymous_1)
FNDA:0,safeSetText
DA:12,0
DA:13,0
DA:15,0
DA:16,0
DA:17,0
DA:18,0
DA:19,0
DA:20,0
DA:21,0
DA:22,0
DA:23,0
DA:25,0
DA:26,0
DA:27,0
DA:28,0
DA:30,0
DA:33,0
DA:35,0
DA:36,0
DA:47,0
DA:48,0
DA:49,0
LF:22
LH:0
BRDA:11,0,0,0
BRDA:25,1,0,0
BRDA:25,1,1,0
BRDA:27,2,0,0
BRDA:27,2,1,0
BRDA:46,3,0,0
BRDA:48,4,0,0
BRDA:48,4,1,0
BRDA:49,5,0,0
BRDA:49,5,1,0
BRF:10
BRH:0
end_of_record
TN:
SF:js/ui.js
FN:15,(anonymous_0)
FN:42,(anonymous_1)
FN:50,setEditModeFields
FN:89,(anonymous_3)
FN:100,updateAuthButton
FN:126,isEditMode
FN:134,renderRecipes
FN:143,(anonymous_7)
FN:148,(anonymous_8)
FN:185,renderGlobalIngredients
FN:205,(anonymous_10)
FN:212,(anonymous_11)
FN:281,renderRecipeIngredientsTable
FN:306,(anonymous_13)
FN:324,showRecipeDetails
FN:331,(anonymous_15)
FN:344,(anonymous_16)
FN:360,(anonymous_17)
FN:374,(anonymous_18)
FN:427,(anonymous_19)
FN:468,(anonymous_20)
FN:469,(anonymous_21)
FN:497,(anonymous_22)
FN:541,(anonymous_23)
FN:574,createEditableIngredientRow
FN:577,(anonymous_25)
FN:590,(anonymous_26)
FN:608,(anonymous_27)
FN:686,(anonymous_28)
FN:708,doCommitIteration
FN:739,(anonymous_30)
FN:815,doAISuggestion
FN:822,doUpdateIngredient
FN:829,reloadData
FN:836,(anonymous_34)
FN:843,(anonymous_35)
FN:886,safeSetText
FN:892,updateRecipeStats
FN:917,setupIterationFunctionality
FN:925,(anonymous_39)
FN:948,(anonymous_40)
FN:957,(anonymous_41)
FN:1010,initUI
FN:1013,(anonymous_43)
FN:1060,(anonymous_44)
FN:1071,(anonymous_45)
FN:1097,(anonymous_46)
FN:1128,(anonymous_47)
FN:1146,(anonymous_48)
FN:1167,(anonymous_49)
FN:1187,(anonymous_50)
FN:1226,(anonymous_51)
FN:1258,(anonymous_52)
FN:1265,(anonymous_53)
FN:1281,(anonymous_54)
FN:1293,(anonymous_55)
FN:1350,(anonymous_56)
FN:1381,(anonymous_57)
FN:1399,(anonymous_58)
FN:1410,(anonymous_59)
FN:1444,(anonymous_60)
FN:1522,renderAdvancedAnalysis
FN:1543,(anonymous_62)
FN:1555,(anonymous_63)
FNF:64
FNH:0
FNDA:0,(anonymous_0)
FNDA:0,(anonymous_1)
FNDA:0,setEditModeFields
FNDA:0,(anonymous_3)
FNDA:0,updateAuthButton
FNDA:0,isEditMode
FNDA:0,renderRecipes
FNDA:0,(anonymous_7)
FNDA:0,(anonymous_8)
FNDA:0,renderGlobalIngredients
FNDA:0,(anonymous_10)
FNDA:0,(anonymous_11)
FNDA:0,renderRecipeIngredientsTable
FNDA:0,(anonymous_13)
FNDA:0,showRecipeDetails
FNDA:0,(anonymous_15)
FNDA:0,(anonymous_16)
FNDA:0,(anonymous_17)
FNDA:0,(anonymous_18)
FNDA:0,(anonymous_19)
FNDA:0,(anonymous_20)
FNDA:0,(anonymous_21)
FNDA:0,(anonymous_22)
FNDA:0,(anonymous_23)
FNDA:0,createEditableIngredientRow
FNDA:0,(anonymous_25)
FNDA:0,(anonymous_26)
FNDA:0,(anonymous_27)
FNDA:0,(anonymous_28)
FNDA:0,doCommitIteration
FNDA:0,(anonymous_30)
FNDA:0,doAISuggestion
FNDA:0,doUpdateIngredient
FNDA:0,reloadData
FNDA:0,(anonymous_34)
FNDA:0,(anonymous_35)
FNDA:0,safeSetText
FNDA:0,updateRecipeStats
FNDA:0,setupIterationFunctionality
FNDA:0,(anonymous_39)
FNDA:0,(anonymous_40)
FNDA:0,(anonymous_41)
FNDA:0,initUI
FNDA:0,(anonymous_43)
FNDA:0,(anonymous_44)
FNDA:0,(anonymous_45)
FNDA:0,(anonymous_46)
FNDA:0,(anonymous_47)
FNDA:0,(anonymous_48)
FNDA:0,(anonymous_49)
FNDA:0,(anonymous_50)
FNDA:0,(anonymous_51)
FNDA:0,(anonymous_52)
FNDA:0,(anonymous_53)
FNDA:0,(anonymous_54)
FNDA:0,(anonymous_55)
FNDA:0,(anonymous_56)
FNDA:0,(anonymous_57)
FNDA:0,(anonymous_58)
FNDA:0,(anonymous_59)
FNDA:0,(anonymous_60)
FNDA:0,renderAdvancedAnalysis
FNDA:0,(anonymous_62)
FNDA:0,(anonymous_63)
DA:9,0
DA:10,0
DA:11,0
DA:12,0
DA:15,0
DA:16,0
DA:17,0
DA:20,0
DA:21,0
DA:22,0
DA:23,0
DA:24,0
DA:25,0
DA:26,0
DA:27,0
DA:28,0
DA:31,0
DA:32,0
DA:33,0
DA:34,0
DA:36,0
DA:39,0
DA:42,0
DA:43,0
DA:51,0
DA:52,0
DA:53,0
DA:54,0
DA:55,0
DA:58,0
DA:59,0
DA:63,0
DA:64,0
DA:65,0
DA:69,0
DA:70,0
DA:72,0
DA:73,0
DA:75,0
DA:76,0
DA:80,0
DA:81,0
DA:82,0
DA:84,0
DA:85,0
DA:86,0
DA:89,0
DA:91,0
DA:92,0
DA:101,0
DA:102,0
DA:103,0
DA:105,0
DA:106,0
DA:109,0
DA:110,0
DA:113,0
DA:114,0
DA:116,0
DA:117,0
DA:118,0
DA:127,0
DA:128,0
DA:135,0
DA:136,0
DA:137,0
DA:140,0
DA:143,0
DA:144,0
DA:148,0
DA:149,0
DA:150,0
DA:151,0
DA:152,0
DA:155,0
DA:156,0
DA:159,0
DA:160,0
DA:161,0
DA:162,0
DA:165,0
DA:166,0
DA:167,0
DA:168,0
DA:169,0
DA:172,0
DA:175,0
DA:186,0
DA:187,0
DA:188,0
DA:189,0
DA:190,0
DA:193,0
DA:196,0
DA:198,0
DA:199,0
DA:200,0
DA:201,0
DA:205,0
DA:206,0
DA:209,0
DA:212,0
DA:214,0
DA:215,0
DA:216,0
DA:219,0
DA:220,0
DA:221,0
DA:222,0
DA:223,0
DA:224,0
DA:227,0
DA:228,0
DA:229,0
DA:230,0
DA:231,0
DA:232,0
DA:236,0
DA:239,0
DA:240,0
DA:241,0
DA:242,0
DA:243,0
DA:244,0
DA:247,0
DA:248,0
DA:249,0
DA:250,0
DA:251,0
DA:252,0
DA:253,0
DA:259,0
DA:260,0
DA:264,0
DA:265,0
DA:266,0
DA:267,0
DA:268,0
DA:269,0
DA:272,0
DA:282,0
DA:283,0
DA:284,0
DA:285,0
DA:286,0
DA:289,0
DA:291,0
DA:292,0
DA:293,0
DA:294,0
DA:295,0
DA:296,0
DA:297,0
DA:298,0
DA:299,0
DA:300,0
DA:306,0
DA:307,0
DA:308,0
DA:309,0
DA:312,0
DA:325,0
DA:329,0
DA:331,0
DA:332,0
DA:333,0
DA:334,0
DA:340,0
DA:341,0
DA:342,0
DA:344,0
DA:345,0
DA:346,0
DA:348,0
DA:352,0
DA:357,0
DA:360,0
DA:361,0
DA:362,0
DA:363,0
DA:365,0
DA:374,0
DA:377,0
DA:378,0
DA:380,0
DA:382,0
DA:383,0
DA:385,0
DA:386,0
DA:389,0
DA:391,0
DA:396,0
DA:398,0
DA:400,0
DA:402,0
DA:403,0
DA:404,0
DA:408,0
DA:410,0
DA:412,0
DA:415,0
DA:416,0
DA:417,0
DA:419,0
DA:420,0
DA:421,0
DA:422,0
DA:423,0
DA:424,0
DA:425,0
DA:426,0
DA:427,0
DA:428,0
DA:429,0
DA:430,0
DA:431,0
DA:435,0
DA:436,0
DA:437,0
DA:438,0
DA:440,0
DA:441,0
DA:442,0
DA:444,0
DA:446,0
DA:447,0
DA:451,0
DA:455,0
DA:456,0
DA:457,0
DA:458,0
DA:459,0
DA:460,0
DA:462,0
DA:463,0
DA:465,0
DA:466,0
DA:467,0
DA:468,0
DA:469,0
DA:470,0
DA:472,0
DA:473,0
DA:475,0
DA:478,0
DA:479,0
DA:481,0
DA:482,0
DA:484,0
DA:486,0
DA:491,0
DA:492,0
DA:493,0
DA:494,0
DA:495,0
DA:496,0
DA:497,0
DA:498,0
DA:499,0
DA:500,0
DA:501,0
DA:503,0
DA:505,0
DA:529,0
DA:530,0
DA:536,0
DA:539,0
DA:540,0
DA:541,0
DA:542,0
DA:543,0
DA:545,0
DA:550,0
DA:575,0
DA:576,0
DA:577,0
DA:578,0
DA:581,0
DA:582,0
DA:584,0
DA:585,0
DA:587,0
DA:589,0
DA:590,0
DA:591,0
DA:592,0
DA:593,0
DA:595,0
DA:596,0
DA:597,0
DA:598,0
DA:601,0
DA:602,0
DA:603,0
DA:604,0
DA:605,0
DA:608,0
DA:609,0
DA:610,0
DA:611,0
DA:613,0
DA:615,0
DA:618,0
DA:621,0
DA:622,0
DA:623,0
DA:624,0
DA:627,0
DA:629,0
DA:630,0
DA:631,0
DA:634,0
DA:637,0
DA:638,0
DA:639,0
DA:641,0
DA:645,0
DA:646,0
DA:649,0
DA:650,0
DA:651,0
DA:653,0
DA:654,0
DA:659,0
DA:662,0
DA:663,0
DA:664,0
DA:665,0
DA:666,0
DA:667,0
DA:668,0
DA:669,0
DA:670,0
DA:672,0
DA:674,0
DA:677,0
DA:678,0
DA:679,0
DA:680,0
DA:681,0
DA:682,0
DA:683,0
DA:684,0
DA:685,0
DA:686,0
DA:687,0
DA:688,0
DA:689,0
DA:690,0
DA:691,0
DA:692,0
DA:693,0
DA:694,0
DA:695,0
DA:696,0
DA:699,0
DA:700,0
DA:702,0
DA:709,0
DA:710,0
DA:711,0
DA:715,0
DA:716,0
DA:717,0
DA:720,0
DA:721,0
DA:722,0
DA:723,0
DA:726,0
DA:727,0
DA:729,0
DA:730,0
DA:733,0
DA:734,0
DA:735,0
DA:736,0
DA:737,0
DA:739,0
DA:740,0
DA:741,0
DA:743,0
DA:744,0
DA:745,0
DA:746,0
DA:747,0
DA:748,0
DA:749,0
DA:751,0
DA:752,0
DA:753,0
DA:754,0
DA:756,0
DA:762,0
DA:765,0
DA:766,0
DA:767,0
DA:769,0
DA:770,0
DA:771,0
DA:773,0
DA:774,0
DA:775,0
DA:780,0
DA:781,0
DA:782,0
DA:786,0
DA:788,0
DA:789,0
DA:792,0
DA:797,0
DA:800,0
DA:801,0
DA:803,0
DA:804,0
DA:807,0
DA:808,0
DA:816,0
DA:823,0
DA:830,0
DA:831,0
DA:833,0
DA:834,0
DA:835,0
DA:836,0
DA:837,0
DA:840,0
DA:841,0
DA:842,0
DA:843,0
DA:846,0
DA:847,0
DA:850,0
DA:851,0
DA:854,0
DA:855,0
DA:861,0
DA:863,0
DA:865,0
DA:867,0
DA:868,0
DA:870,0
DA:871,0
DA:872,0
DA:887,0
DA:888,0
DA:889,0
DA:893,0
DA:894,0
DA:896,0
DA:898,0
DA:901,0
DA:902,0
DA:903,0
DA:904,0
DA:918,0
DA:919,0
DA:920,0
DA:921,0
DA:922,0
DA:924,0
DA:925,0
DA:926,0
DA:927,0
DA:928,0
DA:931,0
DA:932,0
DA:933,0
DA:937,0
DA:938,0
DA:940,0
DA:941,0
DA:947,0
DA:948,0
DA:950,0
DA:951,0
DA:956,0
DA:957,0
DA:958,0
DA:959,0
DA:960,0
DA:963,0
DA:965,0
DA:967,0
DA:970,0
DA:978,0
DA:981,0
DA:990,0
DA:992,0
DA:995,0
DA:996,0
DA:1000,0
DA:1003,0
DA:1004,0
DA:1011,0
DA:1013,0
DA:1014,0
DA:1015,0
DA:1017,0
DA:1018,0
DA:1020,0
DA:1021,0
DA:1022,0
DA:1023,0
DA:1024,0
DA:1025,0
DA:1026,0
DA:1028,0
DA:1029,0
DA:1030,0
DA:1032,0
DA:1033,0
DA:1036,0
DA:1039,0
DA:1040,0
DA:1043,0
DA:1044,0
DA:1046,0
DA:1047,0
DA:1048,0
DA:1050,0
DA:1052,0
DA:1055,0
DA:1056,0
DA:1058,0
DA:1059,0
DA:1060,0
DA:1069,0
DA:1070,0
DA:1071,0
DA:1072,0
DA:1074,0
DA:1075,0
DA:1076,0
DA:1077,0
DA:1079,0
DA:1080,0
DA:1084,0
DA:1085,0
DA:1086,0
DA:1087,0
DA:1094,0
DA:1095,0
DA:1096,0
DA:1097,0
DA:1098,0
DA:1099,0
DA:1100,0
DA:1101,0
DA:1104,0
DA:1105,0
DA:1112,0
DA:1114,0
DA:1116,0
DA:1117,0
DA:1119,0
DA:1120,0
DA:1126,0
DA:1127,0
DA:1128,0
DA:1129,0
DA:1130,0
DA:1133,0
DA:1134,0
DA:1137,0
DA:1139,0
DA:1144,0
DA:1145,0
DA:1146,0
DA:1147,0
DA:1148,0
DA:1149,0
DA:1152,0
DA:1153,0
DA:1156,0
DA:1157,0
DA:1160,0
DA:1165,0
DA:1166,0
DA:1167,0
DA:1170,0
DA:1171,0
DA:1172,0
DA:1173,0
DA:1175,0
DA:1178,0
DA:1180,0
DA:1185,0
DA:1186,0
DA:1187,0
DA:1188,0
DA:1189,0
DA:1190,0
DA:1192,0
DA:1193,0
DA:1194,0
DA:1197,0
DA:1198,0
DA:1199,0
DA:1200,0
DA:1203,0
DA:1204,0
DA:1206,0
DA:1208,0
DA:1209,0
DA:1210,0
DA:1212,0
DA:1214,0
DA:1217,0
DA:1218,0
DA:1224,0
DA:1225,0
DA:1226,0
DA:1227,0
DA:1228,0
DA:1229,0
DA:1232,0
DA:1233,0
DA:1235,0
DA:1237,0
DA:1239,0
DA:1240,0
DA:1241,0
DA:1242,0
DA:1244,0
DA:1247,0
DA:1248,0
DA:1256,0
DA:1257,0
DA:1258,0
DA:1259,0
DA:1260,0
DA:1261,0
DA:1262,0
DA:1265,0
DA:1266,0
DA:1269,0
DA:1272,0
DA:1273,0
DA:1279,0
DA:1280,0
DA:1281,0
DA:1282,0
DA:1283,0
DA:1284,0
DA:1291,0
DA:1292,0
DA:1293,0
DA:1295,0
DA:1296,0
DA:1297,0
DA:1298,0
DA:1299,0
DA:1300,0
DA:1301,0
DA:1302,0
DA:1303,0
DA:1305,0
DA:1309,0
DA:1310,0
DA:1311,0
DA:1312,0
DA:1313,0
DA:1314,0
DA:1315,0
DA:1317,0
DA:1318,0
DA:1319,0
DA:1320,0
DA:1321,0
DA:1322,0
DA:1323,0
DA:1324,0
DA:1325,0
DA:1330,0
DA:1331,0
DA:1332,0
DA:1333,0
DA:1334,0
DA:1335,0
DA:1337,0
DA:1340,0
DA:1348,0
DA:1349,0
DA:1350,0
DA:1351,0
DA:1352,0
DA:1354,0
DA:1355,0
DA:1357,0
DA:1358,0
DA:1361,0
DA:1362,0
DA:1364,0
DA:1366,0
DA:1367,0
DA:1368,0
DA:1369,0
DA:1371,0
DA:1372,0
DA:1373,0
DA:1376,0
DA:1377,0
DA:1381,0
DA:1382,0
DA:1383,0
DA:1384,0
DA:1388,0
DA:1389,0
DA:1390,0
DA:1391,0
DA:1392,0
DA:1393,0
DA:1394,0
DA:1395,0
DA:1396,0
DA:1397,0
DA:1399,0
DA:1400,0
DA:1401,0
DA:1402,0
DA:1403,0
DA:1410,0
DA:1411,0
DA:1412,0
DA:1413,0
DA:1414,0
DA:1423,0
DA:1428,0
DA:1430,0
DA:1432,0
DA:1435,0
DA:1437,0
DA:1444,0
DA:1445,0
DA:1448,0
DA:1449,0
DA:1450,0
DA:1453,0
DA:1454,0
DA:1455,0
DA:1458,0
DA:1460,0
DA:1461,0
DA:1466,0
DA:1467,0
DA:1468,0
DA:1471,0
DA:1472,0
DA:1475,0
DA:1476,0
DA:1479,0
DA:1480,0
DA:1483,0
DA:1492,0
DA:1493,0
DA:1495,0
DA:1496,0
DA:1497,0
DA:1498,0
DA:1499,0
DA:1501,0
DA:1502,0
DA:1506,0
DA:1507,0
DA:1508,0
DA:1511,0
DA:1512,0
DA:1523,0
DA:1525,0
DA:1526,0
DA:1527,0
DA:1528,0
DA:1531,0
DA:1532,0
DA:1533,0
DA:1538,0
DA:1541,0
DA:1542,0
DA:1543,0
DA:1544,0
DA:1546,0
DA:1550,0
DA:1553,0
DA:1554,0
DA:1555,0
DA:1556,0
DA:1558,0
DA:1562,0
DA:1565,0
DA:1566,0
DA:1567,0
DA:1571,0
LF:792
LH:0
BRDA:15,0,0,0
BRDA:31,1,0,0
BRDA:31,1,1,0
BRDA:33,2,0,0
BRDA:33,2,1,0
BRDA:50,3,0,0
BRDA:58,4,0,0
BRDA:58,4,1,0
BRDA:58,5,0,0
BRDA:58,5,1,0
BRDA:63,6,0,0
BRDA:63,6,1,0
BRDA:64,7,0,0
BRDA:64,7,1,0
BRDA:69,8,0,0
BRDA:69,8,1,0
BRDA:70,9,0,0
BRDA:70,9,1,0
BRDA:70,10,0,0
BRDA:70,10,1,0
BRDA:72,11,0,0
BRDA:72,11,1,0
BRDA:73,12,0,0
BRDA:73,12,1,0
BRDA:73,13,0,0
BRDA:73,13,1,0
BRDA:75,14,0,0
BRDA:75,14,1,0
BRDA:76,15,0,0
BRDA:76,15,1,0
BRDA:76,16,0,0
BRDA:76,16,1,0
BRDA:76,16,2,0
BRDA:84,17,0,0
BRDA:84,17,1,0
BRDA:84,18,0,0
BRDA:84,18,1,0
BRDA:84,19,0,0
BRDA:84,19,1,0
BRDA:84,19,2,0
BRDA:85,20,0,0
BRDA:85,20,1,0
BRDA:85,21,0,0
BRDA:85,21,1,0
BRDA:85,22,0,0
BRDA:85,22,1,0
BRDA:85,22,2,0
BRDA:86,23,0,0
BRDA:86,23,1,0
BRDA:86,24,0,0
BRDA:86,24,1,0
BRDA:86,25,0,0
BRDA:86,25,1,0
BRDA:86,25,2,0
BRDA:91,26,0,0
BRDA:91,26,1,0
BRDA:92,27,0,0
BRDA:92,27,1,0
BRDA:92,28,0,0
BRDA:92,28,1,0
BRDA:105,29,0,0
BRDA:105,29,1,0
BRDA:106,30,0,0
BRDA:106,30,1,0
BRDA:109,31,0,0
BRDA:109,31,1,0
BRDA:110,32,0,0
BRDA:110,32,1,0
BRDA:110,33,0,0
BRDA:110,33,1,0
BRDA:110,33,2,0
BRDA:113,34,0,0
BRDA:113,34,1,0
BRDA:114,35,0,0
BRDA:114,35,1,0
BRDA:116,36,0,0
BRDA:116,36,1,0
BRDA:116,37,0,0
BRDA:116,37,1,0
BRDA:128,38,0,0
BRDA:128,38,1,0
BRDA:128,38,2,0
BRDA:137,39,0,0
BRDA:137,39,1,0
BRDA:165,40,0,0
BRDA:165,40,1,0
BRDA:165,41,0,0
BRDA:165,41,1,0
BRDA:188,42,0,0
BRDA:188,42,1,0
BRDA:198,43,0,0
BRDA:198,43,1,0
BRDA:198,44,0,0
BRDA:198,44,1,0
BRDA:247,45,0,0
BRDA:247,45,1,0
BRDA:259,46,0,0
BRDA:259,46,1,0
BRDA:284,47,0,0
BRDA:284,47,1,0
BRDA:291,48,0,0
BRDA:291,48,1,0
BRDA:291,49,0,0
BRDA:291,49,1,0
BRDA:332,50,0,0
BRDA:332,50,1,0
BRDA:340,51,0,0
BRDA:340,51,1,0
BRDA:341,52,0,0
BRDA:341,52,1,0
BRDA:345,53,0,0
BRDA:345,53,1,0
BRDA:357,54,0,0
BRDA:357,54,1,0
BRDA:360,55,0,0
BRDA:360,55,1,0
BRDA:361,56,0,0
BRDA:361,56,1,0
BRDA:402,57,0,0
BRDA:402,57,1,0
BRDA:402,58,0,0
BRDA:402,58,1,0
BRDA:402,58,2,0
BRDA:416,59,0,0
BRDA:416,59,1,0
BRDA:417,60,0,0
BRDA:417,60,1,0
BRDA:420,61,0,0
BRDA:420,61,1,0
BRDA:429,62,0,0
BRDA:429,62,1,0
BRDA:435,63,0,0
BRDA:435,63,1,0
BRDA:462,64,0,0
BRDA:462,64,1,0
BRDA:463,65,0,0
BRDA:463,65,1,0
BRDA:465,66,0,0
BRDA:465,66,1,0
BRDA:466,67,0,0
BRDA:466,67,1,0
BRDA:478,68,0,0
BRDA:478,68,1,0
BRDA:479,69,0,0
BRDA:479,69,1,0
BRDA:481,70,0,0
BRDA:481,70,1,0
BRDA:482,71,0,0
BRDA:482,71,1,0
BRDA:484,72,0,0
BRDA:484,72,1,0
BRDA:486,73,0,0
BRDA:486,73,1,0
BRDA:491,74,0,0
BRDA:491,74,1,0
BRDA:493,75,0,0
BRDA:493,75,1,0
BRDA:493,76,0,0
BRDA:493,76,1,0
BRDA:499,77,0,0
BRDA:499,77,1,0
BRDA:499,78,0,0
BRDA:499,78,1,0
BRDA:529,79,0,0
BRDA:529,79,1,0
BRDA:530,80,0,0
BRDA:530,80,1,0
BRDA:540,81,0,0
BRDA:540,81,1,0
BRDA:542,82,0,0
BRDA:542,82,1,0
BRDA:581,83,0,0
BRDA:581,83,1,0
BRDA:584,84,0,0
BRDA:584,84,1,0
BRDA:595,85,0,0
BRDA:595,85,1,0
BRDA:613,86,0,0
BRDA:613,86,1,0
BRDA:615,87,0,0
BRDA:615,87,1,0
BRDA:621,88,0,0
BRDA:621,88,1,0
BRDA:621,89,0,0
BRDA:621,89,1,0
BRDA:621,89,2,0
BRDA:627,90,0,0
BRDA:627,90,1,0
BRDA:627,91,0,0
BRDA:627,91,1,0
BRDA:627,91,2,0
BRDA:634,92,0,0
BRDA:634,92,1,0
BRDA:634,93,0,0
BRDA:634,93,1,0
BRDA:634,93,2,0
BRDA:634,93,3,0
BRDA:645,94,0,0
BRDA:645,94,1,0
BRDA:650,95,0,0
BRDA:650,95,1,0
BRDA:665,96,0,0
BRDA:665,96,1,0
BRDA:667,97,0,0
BRDA:667,97,1,0
BRDA:689,98,0,0
BRDA:689,98,1,0
BRDA:689,99,0,0
BRDA:689,99,1,0
BRDA:715,100,0,0
BRDA:715,100,1,0
BRDA:729,101,0,0
BRDA:729,101,1,0
BRDA:743,102,0,0
BRDA:743,102,1,0
BRDA:743,103,0,0
BRDA:743,103,1,0
BRDA:744,104,0,0
BRDA:744,104,1,0
BRDA:751,105,0,0
BRDA:751,105,1,0
BRDA:752,106,0,0
BRDA:752,106,1,0
BRDA:762,107,0,0
BRDA:762,107,1,0
BRDA:762,108,0,0
BRDA:762,108,1,0
BRDA:765,109,0,0
BRDA:765,109,1,0
BRDA:766,110,0,0
BRDA:766,110,1,0
BRDA:767,111,0,0
BRDA:767,111,1,0
BRDA:771,112,0,0
BRDA:771,112,1,0
BRDA:771,113,0,0
BRDA:771,113,1,0
BRDA:780,114,0,0
BRDA:780,114,1,0
BRDA:789,115,0,0
BRDA:789,115,1,0
BRDA:797,116,0,0
BRDA:797,116,1,0
BRDA:801,117,0,0
BRDA:801,117,1,0
BRDA:850,118,0,0
BRDA:850,118,1,0
BRDA:850,119,0,0
BRDA:850,119,1,0
BRDA:854,120,0,0
BRDA:854,120,1,0
BRDA:855,121,0,0
BRDA:855,121,1,0
BRDA:888,122,0,0
BRDA:888,122,1,0
BRDA:889,123,0,0
BRDA:889,123,1,0
BRDA:893,124,0,0
BRDA:893,124,1,0
BRDA:924,125,0,0
BRDA:924,125,1,0
BRDA:926,126,0,0
BRDA:926,126,1,0
BRDA:931,127,0,0
BRDA:931,127,1,0
BRDA:937,128,0,0
BRDA:937,128,1,0
BRDA:940,129,0,0
BRDA:940,129,1,0
BRDA:941,130,0,0
BRDA:941,130,1,0
BRDA:947,131,0,0
BRDA:947,131,1,0
BRDA:950,132,0,0
BRDA:950,132,1,0
BRDA:956,133,0,0
BRDA:956,133,1,0
BRDA:958,134,0,0
BRDA:958,134,1,0
BRDA:963,135,0,0
BRDA:963,135,1,0
BRDA:967,136,0,0
BRDA:967,136,1,0
BRDA:978,137,0,0
BRDA:978,137,1,0
BRDA:990,138,0,0
BRDA:990,138,1,0
BRDA:995,139,0,0
BRDA:995,139,1,0
BRDA:1020,140,0,0
BRDA:1020,140,1,0
BRDA:1023,141,0,0
BRDA:1023,141,1,0
BRDA:1024,142,0,0
BRDA:1024,142,1,0
BRDA:1028,143,0,0
BRDA:1028,143,1,0
BRDA:1043,144,0,0
BRDA:1043,144,1,0
BRDA:1046,145,0,0
BRDA:1046,145,1,0
BRDA:1059,146,0,0
BRDA:1059,146,1,0
BRDA:1070,147,0,0
BRDA:1070,147,1,0
BRDA:1072,148,0,0
BRDA:1072,148,1,0
BRDA:1076,149,0,0
BRDA:1076,149,1,0
BRDA:1085,150,0,0
BRDA:1085,150,1,0
BRDA:1086,151,0,0
BRDA:1086,151,1,0
BRDA:1087,152,0,0
BRDA:1087,152,1,0
BRDA:1096,153,0,0
BRDA:1096,153,1,0
BRDA:1096,154,0,0
BRDA:1096,154,1,0
BRDA:1099,155,0,0
BRDA:1099,155,1,0
BRDA:1112,156,0,0
BRDA:1112,156,1,0
BRDA:1117,157,0,0
BRDA:1117,157,1,0
BRDA:1127,158,0,0
BRDA:1127,158,1,0
BRDA:1129,159,0,0
BRDA:1129,159,1,0
BRDA:1130,160,0,0
BRDA:1130,160,1,0
BRDA:1145,161,0,0
BRDA:1145,161,1,0
BRDA:1147,162,0,0
BRDA:1147,162,1,0
BRDA:1156,163,0,0
BRDA:1156,163,1,0
BRDA:1166,164,0,0
BRDA:1166,164,1,0
BRDA:1171,165,0,0
BRDA:1171,165,1,0
BRDA:1173,166,0,0
BRDA:1173,166,1,0
BRDA:1173,167,0,0
BRDA:1173,167,1,0
BRDA:1186,168,0,0
BRDA:1186,168,1,0
BRDA:1188,169,0,0
BRDA:1188,169,1,0
BRDA:1192,170,0,0
BRDA:1192,170,1,0
BRDA:1198,171,0,0
BRDA:1198,171,1,0
BRDA:1198,172,0,0
BRDA:1198,172,1,0
BRDA:1208,173,0,0
BRDA:1208,173,1,0
BRDA:1208,174,0,0
BRDA:1208,174,1,0
BRDA:1225,175,0,0
BRDA:1225,175,1,0
BRDA:1227,176,0,0
BRDA:1227,176,1,0
BRDA:1227,177,0,0
BRDA:1227,177,1,0
BRDA:1233,178,0,0
BRDA:1233,178,1,0
BRDA:1233,179,0,0
BRDA:1233,179,1,0
BRDA:1239,180,0,0
BRDA:1239,180,1,0
BRDA:1240,181,0,0
BRDA:1240,181,1,0
BRDA:1257,182,0,0
BRDA:1257,182,1,0
BRDA:1260,183,0,0
BRDA:1260,183,1,0
BRDA:1260,184,0,0
BRDA:1260,184,1,0
BRDA:1280,185,0,0
BRDA:1280,185,1,0
BRDA:1283,186,0,0
BRDA:1283,186,1,0
BRDA:1292,187,0,0
BRDA:1292,187,1,0
BRDA:1295,188,0,0
BRDA:1295,188,1,0
BRDA:1298,189,0,0
BRDA:1298,189,1,0
BRDA:1301,190,0,0
BRDA:1301,190,1,0
BRDA:1309,191,0,0
BRDA:1309,191,1,0
BRDA:1313,192,0,0
BRDA:1313,192,1,0
BRDA:1317,193,0,0
BRDA:1317,193,1,0
BRDA:1317,194,0,0
BRDA:1317,194,1,0
BRDA:1330,195,0,0
BRDA:1330,195,1,0
BRDA:1332,196,0,0
BRDA:1332,196,1,0
BRDA:1332,197,0,0
BRDA:1332,197,1,0
BRDA:1334,198,0,0
BRDA:1334,198,1,0
BRDA:1349,199,0,0
BRDA:1349,199,1,0
BRDA:1352,200,0,0
BRDA:1352,200,1,0
BRDA:1364,201,0,0
BRDA:1364,201,1,0
BRDA:1366,202,0,0
BRDA:1366,202,1,0
BRDA:1376,203,0,0
BRDA:1376,203,1,0
BRDA:1377,204,0,0
BRDA:1377,204,1,0
BRDA:1383,205,0,0
BRDA:1383,205,1,0
BRDA:1389,206,0,0
BRDA:1389,206,1,0
BRDA:1392,207,0,0
BRDA:1392,207,1,0
BRDA:1396,208,0,0
BRDA:1396,208,1,0
BRDA:1397,209,0,0
BRDA:1397,209,1,0
BRDA:1402,210,0,0
BRDA:1402,210,1,0
BRDA:1412,211,0,0
BRDA:1412,211,1,0
BRDA:1412,212,0,0
BRDA:1412,212,1,0
BRDA:1412,212,2,0
BRDA:1448,213,0,0
BRDA:1448,213,1,0
BRDA:1448,214,0,0
BRDA:1448,214,1,0
BRDA:1448,214,2,0
BRDA:1453,215,0,0
BRDA:1453,215,1,0
BRDA:1466,216,0,0
BRDA:1466,216,1,0
BRDA:1475,217,0,0
BRDA:1475,217,1,0
BRDA:1475,218,0,0
BRDA:1475,218,1,0
BRDA:1495,219,0,0
BRDA:1495,219,1,0
BRDA:1535,220,0,0
BRDA:1535,220,1,0
BRDA:1544,221,0,0
BRDA:1544,221,1,0
BRDA:1556,222,0,0
BRDA:1556,222,1,0
BRDA:1556,222,2,0
BRDA:1556,223,0,0
BRDA:1556,223,1,0
BRF:460
BRH:0
end_of_record
TN:
SF:js/actions/global-actions.js
FN:9,(anonymous_0)
FN:10,(anonymous_1)
FN:13,(anonymous_2)
FN:17,(anonymous_3)
FN:27,(anonymous_4)
FN:28,(anonymous_5)
FN:31,(anonymous_6)
FN:35,(anonymous_7)
FN:45,(anonymous_8)
FN:46,(anonymous_9)
FN:49,(anonymous_10)
FN:53,(anonymous_11)
FNF:12
FNH:0
FNDA:0,(anonymous_0)
FNDA:0,(anonymous_1)
FNDA:0,(anonymous_2)
FNDA:0,(anonymous_3)
FNDA:0,(anonymous_4)
FNDA:0,(anonymous_5)
FNDA:0,(anonymous_6)
FNDA:0,(anonymous_7)
FNDA:0,(anonymous_8)
FNDA:0,(anonymous_9)
FNDA:0,(anonymous_10)
FNDA:0,(anonymous_11)
DA:4,0
DA:9,0
DA:11,0
DA:12,0
DA:13,0
DA:14,0
DA:15,0
DA:18,0
DA:22,0
DA:27,0
DA:29,0
DA:30,0
DA:31,0
DA:32,0
DA:33,0
DA:36,0
DA:40,0
DA:45,0
DA:47,0
DA:48,0
DA:49,0
DA:50,0
DA:51,0
DA:54,0
DA:59,0
DA:60,0
DA:61,0
LF:27
LH:0
BRF:0
BRH:0
end_of_record
TN:
SF:js/actions/ingredient-actions.js
FN:9,(anonymous_0)
FN:10,(anonymous_1)
FN:13,(anonymous_2)
FN:17,(anonymous_3)
FN:27,(anonymous_4)
FN:28,(anonymous_5)
FN:31,(anonymous_6)
FN:35,(anonymous_7)
FN:45,(anonymous_8)
FN:46,(anonymous_9)
FN:49,(anonymous_10)
FN:53,(anonymous_11)
FNF:12
FNH:0
FNDA:0,(anonymous_0)
FNDA:0,(anonymous_1)
FNDA:0,(anonymous_2)
FNDA:0,(anonymous_3)
FNDA:0,(anonymous_4)
FNDA:0,(anonymous_5)
FNDA:0,(anonymous_6)
FNDA:0,(anonymous_7)
FNDA:0,(anonymous_8)
FNDA:0,(anonymous_9)
FNDA:0,(anonymous_10)
FNDA:0,(anonymous_11)
DA:4,0
DA:9,0
DA:11,0
DA:12,0
DA:13,0
DA:14,0
DA:15,0
DA:18,0
DA:22,0
DA:27,0
DA:29,0
DA:30,0
DA:31,0
DA:32,0
DA:33,0
DA:36,0
DA:40,0
DA:45,0
DA:47,0
DA:48,0
DA:49,0
DA:50,0
DA:51,0
DA:54,0
DA:59,0
DA:60,0
DA:61,0
LF:27
LH:0
BRF:0
BRH:0
end_of_record
TN:
SF:js/actions/recipe-edit-actions.js
FN:9,(anonymous_0)
FN:10,(anonymous_1)
FN:13,(anonymous_2)
FN:17,(anonymous_3)
FN:27,(anonymous_4)
FN:28,(anonymous_5)
FN:31,(anonymous_6)
FN:35,(anonymous_7)
FN:45,(anonymous_8)
FN:46,(anonymous_9)
FN:49,(anonymous_10)
FN:53,(anonymous_11)
FN:63,(anonymous_12)
FN:64,(anonymous_13)
FN:67,(anonymous_14)
FN:71,(anonymous_15)
FN:81,(anonymous_16)
FN:82,(anonymous_17)
FN:85,(anonymous_18)
FN:89,(anonymous_19)
FNF:20
FNH:0
FNDA:0,(anonymous_0)
FNDA:0,(anonymous_1)
FNDA:0,(anonymous_2)
FNDA:0,(anonymous_3)
FNDA:0,(anonymous_4)
FNDA:0,(anonymous_5)
FNDA:0,(anonymous_6)
FNDA:0,(anonymous_7)
FNDA:0,(anonymous_8)
FNDA:0,(anonymous_9)
FNDA:0,(anonymous_10)
FNDA:0,(anonymous_11)
FNDA:0,(anonymous_12)
FNDA:0,(anonymous_13)
FNDA:0,(anonymous_14)
FNDA:0,(anonymous_15)
FNDA:0,(anonymous_16)
FNDA:0,(anonymous_17)
FNDA:0,(anonymous_18)
FNDA:0,(anonymous_19)
DA:4,0
DA:9,0
DA:11,0
DA:12,0
DA:13,0
DA:14,0
DA:15,0
DA:18,0
DA:22,0
DA:27,0
DA:29,0
DA:30,0
DA:31,0
DA:32,0
DA:33,0
DA:36,0
DA:40,0
DA:45,0
DA:47,0
DA:48,0
DA:49,0
DA:50,0
DA:51,0
DA:54,0
DA:58,0
DA:63,0
DA:65,0
DA:66,0
DA:67,0
DA:68,0
DA:69,0
DA:72,0
DA:76,0
DA:81,0
DA:83,0
DA:84,0
DA:85,0
DA:86,0
DA:87,0
DA:90,0
DA:95,0
DA:96,0
DA:97,0
DA:98,0
DA:99,0
LF:45
LH:0
BRF:0
BRH:0
end_of_record
TN:
SF:js/actions/recipe-utility-actions.js
FN:9,(anonymous_0)
FN:10,(anonymous_1)
FN:13,(anonymous_2)
FN:17,(anonymous_3)
FN:28,(anonymous_4)
FN:29,(anonymous_5)
FN:32,(anonymous_6)
FN:36,(anonymous_7)
FN:46,(anonymous_8)
FN:47,(anonymous_9)
FN:50,(anonymous_10)
FN:54,(anonymous_11)
FN:64,(anonymous_12)
FN:65,(anonymous_13)
FN:68,(anonymous_14)
FN:72,(anonymous_15)
FNF:16
FNH:0
FNDA:0,(anonymous_0)
FNDA:0,(anonymous_1)
FNDA:0,(anonymous_2)
FNDA:0,(anonymous_3)
FNDA:0,(anonymous_4)
FNDA:0,(anonymous_5)
FNDA:0,(anonymous_6)
FNDA:0,(anonymous_7)
FNDA:0,(anonymous_8)
FNDA:0,(anonymous_9)
FNDA:0,(anonymous_10)
FNDA:0,(anonymous_11)
FNDA:0,(anonymous_12)
FNDA:0,(anonymous_13)
FNDA:0,(anonymous_14)
FNDA:0,(anonymous_15)
DA:4,0
DA:9,0
DA:11,0
DA:12,0
DA:13,0
DA:14,0
DA:15,0
DA:18,0
DA:19,0
DA:23,0
DA:28,0
DA:30,0
DA:31,0
DA:32,0
DA:33,0
DA:34,0
DA:37,0
DA:41,0
DA:46,0
DA:48,0
DA:49,0
DA:50,0
DA:51,0
DA:52,0
DA:55,0
DA:59,0
DA:64,0
DA:66,0
DA:67,0
DA:68,0
DA:69,0
DA:70,0
DA:73,0
DA:78,0
DA:79,0
DA:80,0
DA:81,0
LF:37
LH:0
BRF:0
BRH:0
end_of_record
